[ 2013-04-17T09:27:25+08:00 ] 192.168.137.1 /apps/index/index.php?s=/Login/index
INFO: [ route_check ] --START--
INFO: Run CheckRoute Behavior [ RunTime:0.056203s ]
INFO: [ route_check ] --END-- [ RunTime:0.056744s ]
INFO: [ app_begin ] --START--
INFO: Run ReadHtmlCache Behavior [ RunTime:-0.002700s ]
INFO: [ app_begin ] --END-- [ RunTime:0.003489s ]
ERR: [8] Undefined index:  usersession /var/www/html/officeoa/ThinkPHP/Extend/Mode/MyMode/MyMode.class.php 第 11 行.
INFO: [ view_template ] --START--
INFO: Run LocationTemplate Behavior [ RunTime:-0.532144s ]
INFO: [ view_template ] --END-- [ RunTime:0.040367s ]
INFO: [ view_parse ] --START--
INFO: Run ParseTemplate Behavior [ RunTime:-0.573149s ]
INFO: [ view_parse ] --END-- [ RunTime:0.114482s ]
INFO: [ view_filter ] --START--
INFO: Run ContentReplace Behavior [ RunTime:-0.687066s ]
INFO: Run TokenBuild Behavior [ RunTime:-0.694647s ]
INFO: Run WriteHtmlCache Behavior [ RunTime:-0.695909s ]
INFO: Run ShowRuntime Behavior [ RunTime:-0.697283s ]
INFO: [ view_filter ] --END-- [ RunTime:0.011911s ]
INFO: [ view_end ] --START--
INFO: Run ShowPageTrace Behavior [ RunTime:-0.699653s ]
INFO: [ view_end ] --END-- [ RunTime:0.002359s ]

[ 2013-04-17T09:27:25+08:00 ] 192.168.137.1 /apps/index/index.php?s=/Login/index
ERR: [8] Use of undefined constant APP_DEBUG - assumed 'APP_DEBUG' /var/www/html/officeoa/define.inc.php 第 6 行.

[ 2013-04-17T09:27:34+08:00 ] 192.168.137.1 /apps/index/index.php?s=/Login/dologin
INFO: [ route_check ] --START--
INFO: Run CheckRoute Behavior [ RunTime:0.003168s ]
INFO: [ route_check ] --END-- [ RunTime:0.003466s ]
INFO: [ app_begin ] --START--
INFO: Run ReadHtmlCache Behavior [ RunTime:-0.001377s ]
INFO: [ app_begin ] --END-- [ RunTime:0.001438s ]
ERR: [8] Undefined index:  usersession /var/www/html/officeoa/ThinkPHP/Extend/Mode/MyMode/MyMode.class.php 第 11 行.

[ 2013-04-17T09:27:34+08:00 ] 192.168.137.1 /apps/index/index.php?s=/Login/dologin
ERR: [8] Use of undefined constant APP_DEBUG - assumed 'APP_DEBUG' /var/www/html/officeoa/define.inc.php 第 6 行.

[ 2013-04-17T09:27:35+08:00 ] 192.168.137.1 /apps/index/index.php?s=/Index/index
INFO: [ route_check ] --START--
INFO: Run CheckRoute Behavior [ RunTime:0.000901s ]
INFO: [ route_check ] --END-- [ RunTime:0.001002s ]
INFO: [ app_begin ] --START--
INFO: Run ReadHtmlCache Behavior [ RunTime:-0.000302s ]
INFO: [ app_begin ] --END-- [ RunTime:0.000582s ]
INFO: [ view_template ] --START--
INFO: Run LocationTemplate Behavior [ RunTime:-0.080269s ]
INFO: [ view_template ] --END-- [ RunTime:0.036221s ]
INFO: [ view_parse ] --START--
ERR: [8] Use of undefined constant personal - assumed 'personal' /var/www/html/officeoa/Runtime/index/Cache/9307b3b8376c2b917711f844ace5a114.php 第 181 行.
INFO: Run ParseTemplate Behavior [ RunTime:-0.120565s ]
INFO: [ view_parse ] --END-- [ RunTime:0.651345s ]
INFO: [ view_filter ] --START--
INFO: Run ContentReplace Behavior [ RunTime:-0.752569s ]
INFO: Run TokenBuild Behavior [ RunTime:-0.753416s ]
INFO: Run WriteHtmlCache Behavior [ RunTime:-0.754088s ]
INFO: Run ShowRuntime Behavior [ RunTime:-0.754368s ]
INFO: [ view_filter ] --END-- [ RunTime:0.002550s ]
INFO: [ view_end ] --START--
INFO: Run ShowPageTrace Behavior [ RunTime:-0.755396s ]
INFO: [ view_end ] --END-- [ RunTime:0.000873s ]

[ 2013-04-17T09:27:35+08:00 ] 192.168.137.1 /apps/index/index.php?s=/Index/index
ERR: [8] Use of undefined constant APP_DEBUG - assumed 'APP_DEBUG' /var/www/html/officeoa/define.inc.php 第 6 行.

[ 2013-04-17T09:27:40+08:00 ] 192.168.137.1 /apps/index/index.php?s=/Index/changeTheme
INFO: [ route_check ] --START--
INFO: Run CheckRoute Behavior [ RunTime:0.067624s ]
INFO: [ route_check ] --END-- [ RunTime:0.067908s ]
INFO: [ app_begin ] --START--
INFO: Run ReadHtmlCache Behavior [ RunTime:-0.067014s ]
INFO: [ app_begin ] --END-- [ RunTime:0.045505s ]

[ 2013-04-17T09:27:40+08:00 ] 192.168.137.1 /apps/index/index.php?s=/Index/changeTheme
ERR: [8] Use of undefined constant APP_DEBUG - assumed 'APP_DEBUG' /var/www/html/officeoa/define.inc.php 第 6 行.

[ 2013-04-17T09:27:40+08:00 ] 192.168.137.1 /apps/index/index.php?s=/Index/index
INFO: [ route_check ] --START--
INFO: Run CheckRoute Behavior [ RunTime:0.014163s ]
INFO: [ route_check ] --END-- [ RunTime:0.014496s ]
INFO: [ app_begin ] --START--
INFO: Run ReadHtmlCache Behavior [ RunTime:-0.002272s ]
INFO: [ app_begin ] --END-- [ RunTime:0.002140s ]
INFO: [ view_template ] --START--
INFO: Run LocationTemplate Behavior [ RunTime:-0.035633s ]
INFO: [ view_template ] --END-- [ RunTime:0.001478s ]
INFO: [ view_parse ] --START--
ERR: [8] Use of undefined constant personal - assumed 'personal' /var/www/html/officeoa/Runtime/index/Cache/9307b3b8376c2b917711f844ace5a114.php 第 181 行.
INFO: Run ParseTemplate Behavior [ RunTime:-0.037192s ]
INFO: [ view_parse ] --END-- [ RunTime:0.051630s ]
INFO: [ view_filter ] --START--
INFO: Run ContentReplace Behavior [ RunTime:-0.089156s ]
INFO: Run TokenBuild Behavior [ RunTime:-0.089952s ]
INFO: Run WriteHtmlCache Behavior [ RunTime:-0.090556s ]
INFO: Run ShowRuntime Behavior [ RunTime:-0.090814s ]
INFO: [ view_filter ] --END-- [ RunTime:0.002270s ]
INFO: [ view_end ] --START--
INFO: Run ShowPageTrace Behavior [ RunTime:-0.092119s ]
INFO: [ view_end ] --END-- [ RunTime:0.000685s ]

[ 2013-04-17T09:27:40+08:00 ] 192.168.137.1 /apps/index/index.php?s=/Index/index
ERR: [8] Use of undefined constant APP_DEBUG - assumed 'APP_DEBUG' /var/www/html/officeoa/define.inc.php 第 6 行.

[ 2013-04-17T15:10:01+08:00 ] 192.168.137.1 /apps/index/index.php?s=/Index/changeWidth
INFO: [ route_check ] --START--
INFO: Run CheckRoute Behavior [ RunTime:0.001014s ]
INFO: [ route_check ] --END-- [ RunTime:0.001108s ]
INFO: [ app_begin ] --START--
INFO: Run ReadHtmlCache Behavior [ RunTime:-0.000424s ]
INFO: [ app_begin ] --END-- [ RunTime:0.000704s ]

[ 2013-04-17T15:10:01+08:00 ] 192.168.137.1 /apps/index/index.php?s=/Index/changeWidth
ERR: [8] Use of undefined constant APP_DEBUG - assumed 'APP_DEBUG' /var/www/html/officeoa/define.inc.php 第 6 行.

[ 2013-04-17T15:10:08+08:00 ] 192.168.137.1 /apps/index/index.php?s=/Index/changeWidth
INFO: [ route_check ] --START--
INFO: Run CheckRoute Behavior [ RunTime:0.001054s ]
INFO: [ route_check ] --END-- [ RunTime:0.001147s ]
INFO: [ app_begin ] --START--
INFO: Run ReadHtmlCache Behavior [ RunTime:-0.000382s ]
INFO: [ app_begin ] --END-- [ RunTime:0.000701s ]

[ 2013-04-17T15:10:08+08:00 ] 192.168.137.1 /apps/index/index.php?s=/Index/changeWidth
ERR: [8] Use of undefined constant APP_DEBUG - assumed 'APP_DEBUG' /var/www/html/officeoa/define.inc.php 第 6 行.

[ 2013-04-17T17:19:03+08:00 ] 192.168.137.1 /apps/index/index.php
INFO: [ app_begin ] --START--
INFO: Run ReadHtmlCache Behavior [ RunTime:0.000608s ]
INFO: [ app_begin ] --END-- [ RunTime:0.000696s ]
ERR: [8] Undefined index:  usersession /var/www/html/officeoa/ThinkPHP/Extend/Mode/MyMode/MyMode.class.php 第 11 行.
INFO: [ view_template ] --START--
INFO: Run LocationTemplate Behavior [ RunTime:-0.009574s ]
INFO: [ view_template ] --END-- [ RunTime:0.000509s ]
INFO: [ view_parse ] --START--
ERR: [8] Use of undefined constant personal - assumed 'personal' /var/www/html/officeoa/Runtime/index/Cache/9307b3b8376c2b917711f844ace5a114.php 第 181 行.
INFO: Run ParseTemplate Behavior [ RunTime:-0.010222s ]
INFO: [ view_parse ] --END-- [ RunTime:0.029277s ]
INFO: [ view_filter ] --START--
INFO: Run ContentReplace Behavior [ RunTime:-0.039538s ]
INFO: Run TokenBuild Behavior [ RunTime:-0.040386s ]
INFO: Run WriteHtmlCache Behavior [ RunTime:-0.040853s ]
INFO: Run ShowRuntime Behavior [ RunTime:-0.041086s ]
INFO: [ view_filter ] --END-- [ RunTime:0.002201s ]
INFO: [ view_end ] --START--
INFO: Run ShowPageTrace Behavior [ RunTime:-0.041824s ]
INFO: [ view_end ] --END-- [ RunTime:0.000655s ]

[ 2013-04-17T17:19:03+08:00 ] 192.168.137.1 /apps/index/index.php
ERR: [8] Use of undefined constant APP_DEBUG - assumed 'APP_DEBUG' /var/www/html/officeoa/define.inc.php 第 6 行.

[ 2013-04-17T17:19:20+08:00 ] 192.168.137.1 /apps/index/index.php?s=/Index/logout
INFO: [ route_check ] --START--
INFO: Run CheckRoute Behavior [ RunTime:0.000945s ]
INFO: [ route_check ] --END-- [ RunTime:0.001056s ]
INFO: [ app_begin ] --START--
INFO: Run ReadHtmlCache Behavior [ RunTime:-0.000318s ]
INFO: [ app_begin ] --END-- [ RunTime:0.000630s ]
ERR: [8] Undefined index:  usersession /var/www/html/officeoa/ThinkPHP/Extend/Mode/MyMode/MyMode.class.php 第 11 行.
ERR: [8] Use of undefined constant APP_DEBUG - assumed 'APP_DEBUG' /var/www/html/officeoa/define.inc.php 第 6 行.

[ 2013-04-17T17:19:20+08:00 ] 192.168.137.1 /apps/index/index.php?s=/Login/index
INFO: [ route_check ] --START--
INFO: Run CheckRoute Behavior [ RunTime:0.000874s ]
INFO: [ route_check ] --END-- [ RunTime:0.001009s ]
INFO: [ app_begin ] --START--
INFO: Run ReadHtmlCache Behavior [ RunTime:-0.000372s ]
INFO: [ app_begin ] --END-- [ RunTime:0.000620s ]
ERR: [8] Undefined index:  usersession /var/www/html/officeoa/ThinkPHP/Extend/Mode/MyMode/MyMode.class.php 第 11 行.
INFO: [ view_template ] --START--
INFO: Run LocationTemplate Behavior [ RunTime:-0.009367s ]
INFO: [ view_template ] --END-- [ RunTime:0.000537s ]
INFO: [ view_parse ] --START--
INFO: Run ParseTemplate Behavior [ RunTime:-0.009971s ]
INFO: [ view_parse ] --END-- [ RunTime:0.011113s ]
INFO: [ view_filter ] --START--
INFO: Run ContentReplace Behavior [ RunTime:-0.021128s ]
INFO: Run TokenBuild Behavior [ RunTime:-0.021594s ]
INFO: Run WriteHtmlCache Behavior [ RunTime:-0.021981s ]
INFO: Run ShowRuntime Behavior [ RunTime:-0.022281s ]
INFO: [ view_filter ] --END-- [ RunTime:0.001688s ]
INFO: [ view_end ] --START--
INFO: Run ShowPageTrace Behavior [ RunTime:-0.022884s ]
INFO: [ view_end ] --END-- [ RunTime:0.000753s ]

[ 2013-04-17T17:19:20+08:00 ] 192.168.137.1 /apps/index/index.php?s=/Login/index
ERR: [8] Use of undefined constant APP_DEBUG - assumed 'APP_DEBUG' /var/www/html/officeoa/define.inc.php 第 6 行.

[ 2013-04-17T17:19:29+08:00 ] 192.168.137.1 /apps/index/index.php?s=/Login/dologin
INFO: [ route_check ] --START--
INFO: Run CheckRoute Behavior [ RunTime:0.001130s ]
INFO: [ route_check ] --END-- [ RunTime:0.001228s ]
INFO: [ app_begin ] --START--
INFO: Run ReadHtmlCache Behavior [ RunTime:-0.000465s ]
INFO: [ app_begin ] --END-- [ RunTime:0.000676s ]
ERR: [8] Undefined index:  usersession /var/www/html/officeoa/ThinkPHP/Extend/Mode/MyMode/MyMode.class.php 第 11 行.

[ 2013-04-17T17:19:29+08:00 ] 192.168.137.1 /apps/index/index.php?s=/Login/dologin
ERR: [8] Use of undefined constant APP_DEBUG - assumed 'APP_DEBUG' /var/www/html/officeoa/define.inc.php 第 6 行.

[ 2013-04-17T17:19:29+08:00 ] 192.168.137.1 /apps/index/index.php?s=/Index/index
INFO: [ route_check ] --START--
INFO: Run CheckRoute Behavior [ RunTime:0.000893s ]
INFO: [ route_check ] --END-- [ RunTime:0.000973s ]
INFO: [ app_begin ] --START--
INFO: Run ReadHtmlCache Behavior [ RunTime:-0.000276s ]
INFO: [ app_begin ] --END-- [ RunTime:0.000567s ]
INFO: [ view_template ] --START--
INFO: Run LocationTemplate Behavior [ RunTime:-0.008368s ]
INFO: [ view_template ] --END-- [ RunTime:0.000453s ]
INFO: [ view_parse ] --START--
ERR: [8] Use of undefined constant personal - assumed 'personal' /var/www/html/officeoa/Runtime/index/Cache/9307b3b8376c2b917711f844ace5a114.php 第 181 行.
INFO: Run ParseTemplate Behavior [ RunTime:-0.008907s ]
INFO: [ view_parse ] --END-- [ RunTime:0.026161s ]
INFO: [ view_filter ] --START--
INFO: Run ContentReplace Behavior [ RunTime:-0.035060s ]
INFO: Run TokenBuild Behavior [ RunTime:-0.035703s ]
INFO: Run WriteHtmlCache Behavior [ RunTime:-0.036150s ]
INFO: Run ShowRuntime Behavior [ RunTime:-0.036411s ]
INFO: [ view_filter ] --END-- [ RunTime:0.001938s ]
INFO: [ view_end ] --START--
INFO: Run ShowPageTrace Behavior [ RunTime:-0.037076s ]
INFO: [ view_end ] --END-- [ RunTime:0.000826s ]

[ 2013-04-17T17:19:29+08:00 ] 192.168.137.1 /apps/index/index.php?s=/Index/index
ERR: [8] Use of undefined constant APP_DEBUG - assumed 'APP_DEBUG' /var/www/html/officeoa/define.inc.php 第 6 行.

[ 2013-04-17T17:20:04+08:00 ] 192.168.137.1 /apps/index/index.php?s=/Index/changeTheme
INFO: [ route_check ] --START--
INFO: Run CheckRoute Behavior [ RunTime:0.000985s ]
INFO: [ route_check ] --END-- [ RunTime:0.001099s ]
INFO: [ app_begin ] --START--
INFO: Run ReadHtmlCache Behavior [ RunTime:-0.000375s ]
INFO: [ app_begin ] --END-- [ RunTime:0.001090s ]

[ 2013-04-17T17:20:04+08:00 ] 192.168.137.1 /apps/index/index.php?s=/Index/changeTheme
ERR: [8] Use of undefined constant APP_DEBUG - assumed 'APP_DEBUG' /var/www/html/officeoa/define.inc.php 第 6 行.

