[ 2013-04-21T11:15:16+08:00 ] 192.168.137.1 /apps/index/index.php
INFO: [ app_begin ] --START--
INFO: Run ReadHtmlCache Behavior [ RunTime:0.006279s ]
INFO: [ app_begin ] --END-- [ RunTime:0.006593s ]
ERR: [8] Undefined index:  usersession /var/www/html/officeoa/ThinkPHP/Extend/Mode/MyMode/MyMode.class.php 第 11 行.
INFO: [ view_template ] --START--
INFO: Run LocationTemplate Behavior [ RunTime:-0.182961s ]
INFO: [ view_template ] --END-- [ RunTime:0.001760s ]
INFO: [ view_parse ] --START--
ERR: [8] Use of undefined constant personal - assumed 'personal' /var/www/html/officeoa/Runtime/index/Cache/9307b3b8376c2b917711f844ace5a114.php 第 181 行.
ERR: [8] Use of undefined constant info - assumed 'info' /var/www/html/officeoa/Runtime/index/Cache/9307b3b8376c2b917711f844ace5a114.php 第 197 行.
INFO: Run ParseTemplate Behavior [ RunTime:-0.184748s ]
INFO: [ view_parse ] --END-- [ RunTime:0.139534s ]
INFO: [ view_filter ] --START--
INFO: Run ContentReplace Behavior [ RunTime:-0.324343s ]
INFO: Run TokenBuild Behavior [ RunTime:-0.339400s ]
INFO: Run WriteHtmlCache Behavior [ RunTime:-0.340071s ]
INFO: Run ShowRuntime Behavior [ RunTime:-0.341010s ]
INFO: [ view_filter ] --END-- [ RunTime:0.018074s ]
INFO: [ view_end ] --START--
INFO: Run ShowPageTrace Behavior [ RunTime:-0.342495s ]
INFO: [ view_end ] --END-- [ RunTime:0.002294s ]

[ 2013-04-21T11:15:16+08:00 ] 192.168.137.1 /apps/index/index.php
ERR: [8] Use of undefined constant APP_DEBUG - assumed 'APP_DEBUG' /var/www/html/officeoa/define.inc.php 第 6 行.

[ 2013-04-21T11:15:23+08:00 ] 192.168.137.1 /apps/index/index.php?s=/Index/logout
INFO: [ route_check ] --START--
INFO: Run CheckRoute Behavior [ RunTime:0.034997s ]
INFO: [ route_check ] --END-- [ RunTime:0.035238s ]
INFO: [ app_begin ] --START--
INFO: Run ReadHtmlCache Behavior [ RunTime:-0.000688s ]
INFO: [ app_begin ] --END-- [ RunTime:0.000737s ]
ERR: [8] Undefined index:  usersession /var/www/html/officeoa/ThinkPHP/Extend/Mode/MyMode/MyMode.class.php 第 11 行.
ERR: [8] Use of undefined constant APP_DEBUG - assumed 'APP_DEBUG' /var/www/html/officeoa/define.inc.php 第 6 行.

[ 2013-04-21T11:15:23+08:00 ] 192.168.137.1 /apps/index/index.php?s=/Login/index
INFO: [ route_check ] --START--
INFO: Run CheckRoute Behavior [ RunTime:0.003785s ]
INFO: [ route_check ] --END-- [ RunTime:0.004038s ]
INFO: [ app_begin ] --START--
INFO: Run ReadHtmlCache Behavior [ RunTime:-0.001433s ]
INFO: [ app_begin ] --END-- [ RunTime:0.003567s ]
ERR: [8] Undefined index:  usersession /var/www/html/officeoa/ThinkPHP/Extend/Mode/MyMode/MyMode.class.php 第 11 行.
INFO: [ view_template ] --START--
INFO: Run LocationTemplate Behavior [ RunTime:-0.057052s ]
INFO: [ view_template ] --END-- [ RunTime:0.001504s ]
INFO: [ view_parse ] --START--
INFO: Run ParseTemplate Behavior [ RunTime:-0.059049s ]
INFO: [ view_parse ] --END-- [ RunTime:0.027749s ]
INFO: [ view_filter ] --START--
INFO: Run ContentReplace Behavior [ RunTime:-0.086398s ]
INFO: Run TokenBuild Behavior [ RunTime:-0.087285s ]
INFO: Run WriteHtmlCache Behavior [ RunTime:-0.088716s ]
INFO: Run ShowRuntime Behavior [ RunTime:-0.089210s ]
INFO: [ view_filter ] --END-- [ RunTime:0.003619s ]
INFO: [ view_end ] --START--
INFO: Run ShowPageTrace Behavior [ RunTime:-0.090116s ]
INFO: [ view_end ] --END-- [ RunTime:0.011021s ]

[ 2013-04-21T11:15:23+08:00 ] 192.168.137.1 /apps/index/index.php?s=/Login/index
ERR: [8] Use of undefined constant APP_DEBUG - assumed 'APP_DEBUG' /var/www/html/officeoa/define.inc.php 第 6 行.

[ 2013-04-21T11:15:30+08:00 ] 192.168.137.1 /apps/index/index.php?s=/Login/dologin
INFO: [ route_check ] --START--
INFO: Run CheckRoute Behavior [ RunTime:0.003612s ]
INFO: [ route_check ] --END-- [ RunTime:0.003933s ]
INFO: [ app_begin ] --START--
INFO: Run ReadHtmlCache Behavior [ RunTime:-0.001434s ]
INFO: [ app_begin ] --END-- [ RunTime:0.001584s ]
ERR: [8] Undefined index:  usersession /var/www/html/officeoa/ThinkPHP/Extend/Mode/MyMode/MyMode.class.php 第 11 行.
ERR: [8] Use of undefined constant APP_DEBUG - assumed 'APP_DEBUG' /var/www/html/officeoa/define.inc.php 第 6 行.

[ 2013-04-21T11:15:33+08:00 ] 192.168.137.1 /apps/index/index.php?s=/Login/dologin
INFO: [ route_check ] --START--
INFO: Run CheckRoute Behavior [ RunTime:0.002884s ]
INFO: [ route_check ] --END-- [ RunTime:0.003190s ]
INFO: [ app_begin ] --START--
INFO: Run ReadHtmlCache Behavior [ RunTime:-0.000839s ]
INFO: [ app_begin ] --END-- [ RunTime:0.000882s ]
ERR: [8] Undefined index:  usersession /var/www/html/officeoa/ThinkPHP/Extend/Mode/MyMode/MyMode.class.php 第 11 行.

[ 2013-04-21T11:15:33+08:00 ] 192.168.137.1 /apps/index/index.php?s=/Login/dologin
ERR: [8] Use of undefined constant APP_DEBUG - assumed 'APP_DEBUG' /var/www/html/officeoa/define.inc.php 第 6 行.

[ 2013-04-21T11:15:33+08:00 ] 192.168.137.1 /apps/index/index.php?s=/Index/index
INFO: [ route_check ] --START--
INFO: Run CheckRoute Behavior [ RunTime:0.001763s ]
INFO: [ route_check ] --END-- [ RunTime:0.001967s ]
INFO: [ app_begin ] --START--
INFO: Run ReadHtmlCache Behavior [ RunTime:-0.001342s ]
INFO: [ app_begin ] --END-- [ RunTime:0.000832s ]
INFO: [ view_template ] --START--
INFO: Run LocationTemplate Behavior [ RunTime:-0.038815s ]
INFO: [ view_template ] --END-- [ RunTime:0.000698s ]
INFO: [ view_parse ] --START--
ERR: [8] Use of undefined constant personal - assumed 'personal' /var/www/html/officeoa/Runtime/index/Cache/9307b3b8376c2b917711f844ace5a114.php 第 181 行.
ERR: [8] Use of undefined constant info - assumed 'info' /var/www/html/officeoa/Runtime/index/Cache/9307b3b8376c2b917711f844ace5a114.php 第 197 行.
INFO: Run ParseTemplate Behavior [ RunTime:-0.039755s ]
INFO: [ view_parse ] --END-- [ RunTime:0.055812s ]
INFO: [ view_filter ] --START--
INFO: Run ContentReplace Behavior [ RunTime:-0.095423s ]
INFO: Run TokenBuild Behavior [ RunTime:-0.096924s ]
INFO: Run WriteHtmlCache Behavior [ RunTime:-0.097578s ]
INFO: Run ShowRuntime Behavior [ RunTime:-0.098010s ]
INFO: [ view_filter ] --END-- [ RunTime:0.003319s ]
INFO: [ view_end ] --START--
INFO: Run ShowPageTrace Behavior [ RunTime:-0.098897s ]
INFO: [ view_end ] --END-- [ RunTime:0.000800s ]

[ 2013-04-21T11:15:33+08:00 ] 192.168.137.1 /apps/index/index.php?s=/Index/index
ERR: [8] Use of undefined constant APP_DEBUG - assumed 'APP_DEBUG' /var/www/html/officeoa/define.inc.php 第 6 行.

[ 2013-04-21T11:15:43+08:00 ] 192.168.137.1 /apps/index/index.php?s=/Index/changeWidth
INFO: [ route_check ] --START--
INFO: Run CheckRoute Behavior [ RunTime:0.001019s ]
INFO: [ route_check ] --END-- [ RunTime:0.001118s ]
INFO: [ app_begin ] --START--
INFO: Run ReadHtmlCache Behavior [ RunTime:-0.000348s ]
INFO: [ app_begin ] --END-- [ RunTime:0.000675s ]

[ 2013-04-21T11:15:43+08:00 ] 192.168.137.1 /apps/index/index.php?s=/Index/changeWidth
ERR: [8] Use of undefined constant APP_DEBUG - assumed 'APP_DEBUG' /var/www/html/officeoa/define.inc.php 第 6 行.

[ 2013-04-21T11:15:43+08:00 ] 192.168.137.1 /apps/index/index.php?s=/Index/index
INFO: [ route_check ] --START--
INFO: Run CheckRoute Behavior [ RunTime:0.000855s ]
INFO: [ route_check ] --END-- [ RunTime:0.000937s ]
INFO: [ app_begin ] --START--
INFO: Run ReadHtmlCache Behavior [ RunTime:-0.000354s ]
INFO: [ app_begin ] --END-- [ RunTime:0.000643s ]
INFO: [ view_template ] --START--
INFO: Run LocationTemplate Behavior [ RunTime:-0.008400s ]
INFO: [ view_template ] --END-- [ RunTime:0.000787s ]
INFO: [ view_parse ] --START--
ERR: [8] Use of undefined constant personal - assumed 'personal' /var/www/html/officeoa/Runtime/index/Cache/9307b3b8376c2b917711f844ace5a114.php 第 181 行.
ERR: [8] Use of undefined constant info - assumed 'info' /var/www/html/officeoa/Runtime/index/Cache/9307b3b8376c2b917711f844ace5a114.php 第 197 行.
INFO: Run ParseTemplate Behavior [ RunTime:-0.009115s ]
INFO: [ view_parse ] --END-- [ RunTime:0.056963s ]
INFO: [ view_filter ] --START--
INFO: Run ContentReplace Behavior [ RunTime:-0.066105s ]
INFO: Run TokenBuild Behavior [ RunTime:-0.066742s ]
INFO: Run WriteHtmlCache Behavior [ RunTime:-0.067285s ]
INFO: Run ShowRuntime Behavior [ RunTime:-0.067558s ]
INFO: [ view_filter ] --END-- [ RunTime:0.002205s ]
INFO: [ view_end ] --START--
INFO: Run ShowPageTrace Behavior [ RunTime:-0.068425s ]
INFO: [ view_end ] --END-- [ RunTime:0.000734s ]

[ 2013-04-21T11:15:43+08:00 ] 192.168.137.1 /apps/index/index.php?s=/Index/index
ERR: [8] Use of undefined constant APP_DEBUG - assumed 'APP_DEBUG' /var/www/html/officeoa/define.inc.php 第 6 行.

[ 2013-04-21T11:20:56+08:00 ] 192.168.137.1 /apps/index/index.php
INFO: [ app_begin ] --START--
INFO: Run ReadHtmlCache Behavior [ RunTime:0.001190s ]
INFO: [ app_begin ] --END-- [ RunTime:0.001430s ]
ERR: [8] Undefined index:  usersession /var/www/html/officeoa/ThinkPHP/Extend/Mode/MyMode/MyMode.class.php 第 11 行.
INFO: [ view_template ] --START--
INFO: Run LocationTemplate Behavior [ RunTime:-0.010688s ]
INFO: [ view_template ] --END-- [ RunTime:0.000517s ]
INFO: [ view_parse ] --START--
ERR: [8] Use of undefined constant personal - assumed 'personal' /var/www/html/officeoa/Runtime/index/Cache/9307b3b8376c2b917711f844ace5a114.php 第 181 行.
ERR: [8] Use of undefined constant info - assumed 'info' /var/www/html/officeoa/Runtime/index/Cache/9307b3b8376c2b917711f844ace5a114.php 第 197 行.
INFO: Run ParseTemplate Behavior [ RunTime:-0.011274s ]
INFO: [ view_parse ] --END-- [ RunTime:0.027823s ]
INFO: [ view_filter ] --START--
INFO: Run ContentReplace Behavior [ RunTime:-0.039149s ]
INFO: Run TokenBuild Behavior [ RunTime:-0.040069s ]
INFO: Run WriteHtmlCache Behavior [ RunTime:-0.040550s ]
INFO: Run ShowRuntime Behavior [ RunTime:-0.040913s ]
INFO: [ view_filter ] --END-- [ RunTime:0.002359s ]
INFO: [ view_end ] --START--
INFO: Run ShowPageTrace Behavior [ RunTime:-0.041590s ]
INFO: [ view_end ] --END-- [ RunTime:0.000677s ]

[ 2013-04-21T11:20:56+08:00 ] 192.168.137.1 /apps/index/index.php
ERR: [8] Use of undefined constant APP_DEBUG - assumed 'APP_DEBUG' /var/www/html/officeoa/define.inc.php 第 6 行.

[ 2013-04-21T11:21:02+08:00 ] 192.168.137.1 /apps/index/index.php?s=/Index/logout
INFO: [ route_check ] --START--
INFO: Run CheckRoute Behavior [ RunTime:0.001107s ]
INFO: [ route_check ] --END-- [ RunTime:0.001220s ]
INFO: [ app_begin ] --START--
INFO: Run ReadHtmlCache Behavior [ RunTime:-0.000425s ]
INFO: [ app_begin ] --END-- [ RunTime:0.000667s ]
ERR: [8] Undefined index:  usersession /var/www/html/officeoa/ThinkPHP/Extend/Mode/MyMode/MyMode.class.php 第 11 行.
ERR: [8] Use of undefined constant APP_DEBUG - assumed 'APP_DEBUG' /var/www/html/officeoa/define.inc.php 第 6 行.

[ 2013-04-21T11:21:02+08:00 ] 192.168.137.1 /apps/index/index.php?s=/Login/index
INFO: [ route_check ] --START--
INFO: Run CheckRoute Behavior [ RunTime:0.000941s ]
INFO: [ route_check ] --END-- [ RunTime:0.001032s ]
INFO: [ app_begin ] --START--
INFO: Run ReadHtmlCache Behavior [ RunTime:-0.000391s ]
INFO: [ app_begin ] --END-- [ RunTime:0.000596s ]
ERR: [8] Undefined index:  usersession /var/www/html/officeoa/ThinkPHP/Extend/Mode/MyMode/MyMode.class.php 第 11 行.
INFO: [ view_template ] --START--
INFO: Run LocationTemplate Behavior [ RunTime:-0.010436s ]
INFO: [ view_template ] --END-- [ RunTime:0.000479s ]
INFO: [ view_parse ] --START--
INFO: Run ParseTemplate Behavior [ RunTime:-0.010962s ]
INFO: [ view_parse ] --END-- [ RunTime:0.011302s ]
INFO: [ view_filter ] --START--
INFO: Run ContentReplace Behavior [ RunTime:-0.022308s ]
INFO: Run TokenBuild Behavior [ RunTime:-0.022740s ]
INFO: Run WriteHtmlCache Behavior [ RunTime:-0.023095s ]
INFO: Run ShowRuntime Behavior [ RunTime:-0.023774s ]
INFO: [ view_filter ] --END-- [ RunTime:0.002069s ]
INFO: [ view_end ] --START--
INFO: Run ShowPageTrace Behavior [ RunTime:-0.024476s ]
INFO: [ view_end ] --END-- [ RunTime:0.000769s ]

[ 2013-04-21T11:21:02+08:00 ] 192.168.137.1 /apps/index/index.php?s=/Login/index
ERR: [8] Use of undefined constant APP_DEBUG - assumed 'APP_DEBUG' /var/www/html/officeoa/define.inc.php 第 6 行.

[ 2013-04-21T11:21:13+08:00 ] 192.168.137.1 /apps/index/index.php?s=/Login/dologin
INFO: [ route_check ] --START--
INFO: Run CheckRoute Behavior [ RunTime:0.001651s ]
INFO: [ route_check ] --END-- [ RunTime:0.001777s ]
INFO: [ app_begin ] --START--
INFO: Run ReadHtmlCache Behavior [ RunTime:-0.000469s ]
INFO: [ app_begin ] --END-- [ RunTime:0.000782s ]
ERR: [8] Undefined index:  usersession /var/www/html/officeoa/ThinkPHP/Extend/Mode/MyMode/MyMode.class.php 第 11 行.

[ 2013-04-21T11:21:13+08:00 ] 192.168.137.1 /apps/index/index.php?s=/Login/dologin
ERR: [8] Use of undefined constant APP_DEBUG - assumed 'APP_DEBUG' /var/www/html/officeoa/define.inc.php 第 6 行.

[ 2013-04-21T11:21:13+08:00 ] 192.168.137.1 /apps/index/index.php?s=/Index/index
INFO: [ route_check ] --START--
INFO: Run CheckRoute Behavior [ RunTime:0.000965s ]
INFO: [ route_check ] --END-- [ RunTime:0.001062s ]
INFO: [ app_begin ] --START--
INFO: Run ReadHtmlCache Behavior [ RunTime:-0.000389s ]
INFO: [ app_begin ] --END-- [ RunTime:0.000651s ]
INFO: [ view_template ] --START--
INFO: Run LocationTemplate Behavior [ RunTime:-0.009355s ]
INFO: [ view_template ] --END-- [ RunTime:0.000623s ]
INFO: [ view_parse ] --START--
ERR: [8] Use of undefined constant personal - assumed 'personal' /var/www/html/officeoa/Runtime/index/Cache/9307b3b8376c2b917711f844ace5a114.php 第 181 行.
ERR: [8] Use of undefined constant info - assumed 'info' /var/www/html/officeoa/Runtime/index/Cache/9307b3b8376c2b917711f844ace5a114.php 第 197 行.
INFO: Run ParseTemplate Behavior [ RunTime:-0.010047s ]
INFO: [ view_parse ] --END-- [ RunTime:0.027465s ]
INFO: [ view_filter ] --START--
INFO: Run ContentReplace Behavior [ RunTime:-0.037543s ]
INFO: Run TokenBuild Behavior [ RunTime:-0.038207s ]
INFO: Run WriteHtmlCache Behavior [ RunTime:-0.038599s ]
INFO: Run ShowRuntime Behavior [ RunTime:-0.038897s ]
INFO: [ view_filter ] --END-- [ RunTime:0.001914s ]
INFO: [ view_end ] --START--
INFO: Run ShowPageTrace Behavior [ RunTime:-0.039575s ]
INFO: [ view_end ] --END-- [ RunTime:0.001185s ]

[ 2013-04-21T11:21:13+08:00 ] 192.168.137.1 /apps/index/index.php?s=/Index/index
ERR: [8] Use of undefined constant APP_DEBUG - assumed 'APP_DEBUG' /var/www/html/officeoa/define.inc.php 第 6 行.

[ 2013-04-21T11:32:41+08:00 ] 192.168.137.1 /apps/index/index.php?s=/Login/index
INFO: [ route_check ] --START--
INFO: Run CheckRoute Behavior [ RunTime:0.001340s ]
INFO: [ route_check ] --END-- [ RunTime:0.001609s ]
INFO: [ app_begin ] --START--
INFO: Run ReadHtmlCache Behavior [ RunTime:-0.000643s ]
INFO: [ app_begin ] --END-- [ RunTime:0.000749s ]
ERR: [8] Undefined index:  usersession /var/www/html/officeoa/ThinkPHP/Extend/Mode/MyMode/MyMode.class.php 第 11 行.
INFO: [ view_template ] --START--
INFO: Run LocationTemplate Behavior [ RunTime:-0.111943s ]
INFO: [ view_template ] --END-- [ RunTime:0.000730s ]
INFO: [ view_parse ] --START--
INFO: Run ParseTemplate Behavior [ RunTime:-0.112716s ]
INFO: [ view_parse ] --END-- [ RunTime:0.012295s ]
INFO: [ view_filter ] --START--
INFO: Run ContentReplace Behavior [ RunTime:-0.125047s ]
INFO: Run TokenBuild Behavior [ RunTime:-0.125906s ]
INFO: Run WriteHtmlCache Behavior [ RunTime:-0.126409s ]
INFO: Run ShowRuntime Behavior [ RunTime:-0.126656s ]
INFO: [ view_filter ] --END-- [ RunTime:0.002311s ]
INFO: [ view_end ] --START--
INFO: Run ShowPageTrace Behavior [ RunTime:-0.127405s ]
INFO: [ view_end ] --END-- [ RunTime:0.000890s ]

[ 2013-04-21T11:32:41+08:00 ] 192.168.137.1 /apps/index/index.php?s=/Login/index
ERR: [8] Use of undefined constant APP_DEBUG - assumed 'APP_DEBUG' /var/www/html/officeoa/define.inc.php 第 6 行.

[ 2013-04-21T11:32:50+08:00 ] 192.168.137.1 /apps/index/index.php?s=/Login/dologin
INFO: [ route_check ] --START--
INFO: Run CheckRoute Behavior [ RunTime:0.001275s ]
INFO: [ route_check ] --END-- [ RunTime:0.001378s ]
INFO: [ app_begin ] --START--
INFO: Run ReadHtmlCache Behavior [ RunTime:-0.000467s ]
INFO: [ app_begin ] --END-- [ RunTime:0.003158s ]
ERR: [8] Undefined index:  usersession /var/www/html/officeoa/ThinkPHP/Extend/Mode/MyMode/MyMode.class.php 第 11 行.

[ 2013-04-21T11:32:50+08:00 ] 192.168.137.1 /apps/index/index.php?s=/Login/dologin
ERR: [8] Use of undefined constant APP_DEBUG - assumed 'APP_DEBUG' /var/www/html/officeoa/define.inc.php 第 6 行.

[ 2013-04-21T11:32:50+08:00 ] 192.168.137.1 /apps/index/index.php?s=/Index/index
INFO: [ route_check ] --START--
INFO: Run CheckRoute Behavior [ RunTime:0.001106s ]
INFO: [ route_check ] --END-- [ RunTime:0.001223s ]
INFO: [ app_begin ] --START--
INFO: Run ReadHtmlCache Behavior [ RunTime:-0.000350s ]
INFO: [ app_begin ] --END-- [ RunTime:0.001179s ]
INFO: [ view_template ] --START--
INFO: Run LocationTemplate Behavior [ RunTime:-0.011180s ]
INFO: [ view_template ] --END-- [ RunTime:0.000608s ]
INFO: [ view_parse ] --START--
ERR: [8] Use of undefined constant personal - assumed 'personal' /var/www/html/officeoa/Runtime/index/Cache/9307b3b8376c2b917711f844ace5a114.php 第 181 行.
ERR: [8] Use of undefined constant info - assumed 'info' /var/www/html/officeoa/Runtime/index/Cache/9307b3b8376c2b917711f844ace5a114.php 第 197 行.
INFO: Run ParseTemplate Behavior [ RunTime:-0.011868s ]
INFO: [ view_parse ] --END-- [ RunTime:0.029965s ]
INFO: [ view_filter ] --START--
INFO: Run ContentReplace Behavior [ RunTime:-0.041850s ]
INFO: Run TokenBuild Behavior [ RunTime:-0.043507s ]
INFO: Run WriteHtmlCache Behavior [ RunTime:-0.044071s ]
INFO: Run ShowRuntime Behavior [ RunTime:-0.044347s ]
INFO: [ view_filter ] --END-- [ RunTime:0.003400s ]
INFO: [ view_end ] --START--
INFO: Run ShowPageTrace Behavior [ RunTime:-0.045414s ]
INFO: [ view_end ] --END-- [ RunTime:0.000772s ]

[ 2013-04-21T11:32:50+08:00 ] 192.168.137.1 /apps/index/index.php?s=/Index/index
ERR: [8] Use of undefined constant APP_DEBUG - assumed 'APP_DEBUG' /var/www/html/officeoa/define.inc.php 第 6 行.

[ 2013-04-21T12:01:16+08:00 ] 192.168.137.1 /apps/index/index.php?s=/Index/changeTheme
INFO: [ route_check ] --START--
INFO: Run CheckRoute Behavior [ RunTime:0.001576s ]
INFO: [ route_check ] --END-- [ RunTime:0.001906s ]
INFO: [ app_begin ] --START--
INFO: Run ReadHtmlCache Behavior [ RunTime:-0.000720s ]
INFO: [ app_begin ] --END-- [ RunTime:0.006532s ]

[ 2013-04-21T12:01:16+08:00 ] 192.168.137.1 /apps/index/index.php?s=/Index/changeTheme
ERR: [8] Use of undefined constant APP_DEBUG - assumed 'APP_DEBUG' /var/www/html/officeoa/define.inc.php 第 6 行.

[ 2013-04-21T12:01:23+08:00 ] 192.168.137.1 /apps/index/index.php?s=/Index/changeTheme
INFO: [ route_check ] --START--
INFO: Run CheckRoute Behavior [ RunTime:0.001532s ]
INFO: [ route_check ] --END-- [ RunTime:0.001747s ]
INFO: [ app_begin ] --START--
INFO: Run ReadHtmlCache Behavior [ RunTime:-0.000553s ]
INFO: [ app_begin ] --END-- [ RunTime:0.000837s ]

[ 2013-04-21T12:01:23+08:00 ] 192.168.137.1 /apps/index/index.php?s=/Index/changeTheme
ERR: [8] Use of undefined constant APP_DEBUG - assumed 'APP_DEBUG' /var/www/html/officeoa/define.inc.php 第 6 行.

