[ 2013-04-18T10:28:20+08:00 ] 192.168.137.1 /apps/index/index.php?s=/Login/index
INFO: [ route_check ] --START--
INFO: Run CheckRoute Behavior [ RunTime:0.033647s ]
INFO: [ route_check ] --END-- [ RunTime:0.034111s ]
INFO: [ app_begin ] --START--
INFO: Run ReadHtmlCache Behavior [ RunTime:-0.012456s ]
INFO: [ app_begin ] --END-- [ RunTime:0.002231s ]
ERR: [8] Undefined index:  usersession /var/www/html/officeoa/ThinkPHP/Extend/Mode/MyMode/MyMode.class.php 第 11 行.
INFO: [ view_template ] --START--
INFO: Run LocationTemplate Behavior [ RunTime:-0.236591s ]
INFO: [ view_template ] --END-- [ RunTime:0.032359s ]
INFO: [ view_parse ] --START--
INFO: Run ParseTemplate Behavior [ RunTime:-0.269071s ]
INFO: [ view_parse ] --END-- [ RunTime:0.108145s ]
INFO: [ view_filter ] --START--
INFO: Run ContentReplace Behavior [ RunTime:-0.377194s ]
INFO: Run TokenBuild Behavior [ RunTime:-0.394406s ]
INFO: Run WriteHtmlCache Behavior [ RunTime:-0.395817s ]
INFO: Run ShowRuntime Behavior [ RunTime:-0.397175s ]
INFO: [ view_filter ] --END-- [ RunTime:0.022115s ]
INFO: [ view_end ] --START--
INFO: Run ShowPageTrace Behavior [ RunTime:-0.399463s ]
INFO: [ view_end ] --END-- [ RunTime:0.002336s ]

[ 2013-04-18T10:28:20+08:00 ] 192.168.137.1 /apps/index/index.php?s=/Login/index
ERR: [8] Use of undefined constant APP_DEBUG - assumed 'APP_DEBUG' /var/www/html/officeoa/define.inc.php 第 6 行.

[ 2013-04-18T10:28:28+08:00 ] 192.168.137.1 /apps/index/index.php?s=/Login/dologin
INFO: [ route_check ] --START--
INFO: Run CheckRoute Behavior [ RunTime:0.002745s ]
INFO: [ route_check ] --END-- [ RunTime:0.003002s ]
INFO: [ app_begin ] --START--
INFO: Run ReadHtmlCache Behavior [ RunTime:-0.001491s ]
INFO: [ app_begin ] --END-- [ RunTime:0.001717s ]
ERR: [8] Undefined index:  usersession /var/www/html/officeoa/ThinkPHP/Extend/Mode/MyMode/MyMode.class.php 第 11 行.

[ 2013-04-18T10:28:28+08:00 ] 192.168.137.1 /apps/index/index.php?s=/Login/dologin
ERR: [8] Use of undefined constant APP_DEBUG - assumed 'APP_DEBUG' /var/www/html/officeoa/define.inc.php 第 6 行.

[ 2013-04-18T10:28:28+08:00 ] 192.168.137.1 /apps/index/index.php?s=/Index/index
INFO: [ route_check ] --START--
INFO: Run CheckRoute Behavior [ RunTime:0.002706s ]
INFO: [ route_check ] --END-- [ RunTime:0.002961s ]
INFO: [ app_begin ] --START--
INFO: Run ReadHtmlCache Behavior [ RunTime:-0.001377s ]
INFO: [ app_begin ] --END-- [ RunTime:0.001586s ]
INFO: [ view_template ] --START--
INFO: Run LocationTemplate Behavior [ RunTime:-0.056267s ]
INFO: [ view_template ] --END-- [ RunTime:0.011183s ]
INFO: [ view_parse ] --START--
ERR: [8] Use of undefined constant personal - assumed 'personal' /var/www/html/officeoa/Runtime/index/Cache/9307b3b8376c2b917711f844ace5a114.php 第 181 行.
INFO: Run ParseTemplate Behavior [ RunTime:-0.067547s ]
INFO: [ view_parse ] --END-- [ RunTime:0.101205s ]
INFO: [ view_filter ] --START--
INFO: Run ContentReplace Behavior [ RunTime:-0.168739s ]
INFO: Run TokenBuild Behavior [ RunTime:-0.169453s ]
INFO: Run WriteHtmlCache Behavior [ RunTime:-0.169895s ]
INFO: Run ShowRuntime Behavior [ RunTime:-0.170132s ]
INFO: [ view_filter ] --END-- [ RunTime:0.001995s ]
INFO: [ view_end ] --START--
INFO: Run ShowPageTrace Behavior [ RunTime:-0.170977s ]
INFO: [ view_end ] --END-- [ RunTime:0.000678s ]

[ 2013-04-18T10:28:28+08:00 ] 192.168.137.1 /apps/index/index.php?s=/Index/index
ERR: [8] Use of undefined constant APP_DEBUG - assumed 'APP_DEBUG' /var/www/html/officeoa/define.inc.php 第 6 行.

[ 2013-04-18T11:17:06+08:00 ] 192.168.137.1 /apps/index/index.php?s=/Login/index
INFO: [ route_check ] --START--
INFO: Run CheckRoute Behavior [ RunTime:0.000994s ]
INFO: [ route_check ] --END-- [ RunTime:0.001151s ]
INFO: [ app_begin ] --START--
INFO: Run ReadHtmlCache Behavior [ RunTime:-0.000449s ]
INFO: [ app_begin ] --END-- [ RunTime:0.001017s ]
ERR: [8] Undefined index:  usersession /var/www/html/officeoa/ThinkPHP/Extend/Mode/MyMode/MyMode.class.php 第 11 行.
INFO: [ view_template ] --START--
INFO: Run LocationTemplate Behavior [ RunTime:-0.033851s ]
INFO: [ view_template ] --END-- [ RunTime:0.000494s ]
INFO: [ view_parse ] --START--
INFO: Run ParseTemplate Behavior [ RunTime:-0.034403s ]
INFO: [ view_parse ] --END-- [ RunTime:0.010803s ]
INFO: [ view_filter ] --START--
INFO: Run ContentReplace Behavior [ RunTime:-0.045307s ]
INFO: Run TokenBuild Behavior [ RunTime:-0.045996s ]
INFO: Run WriteHtmlCache Behavior [ RunTime:-0.046409s ]
INFO: Run ShowRuntime Behavior [ RunTime:-0.046646s ]
INFO: [ view_filter ] --END-- [ RunTime:0.002049s ]
INFO: [ view_end ] --START--
INFO: Run ShowPageTrace Behavior [ RunTime:-0.047406s ]
INFO: [ view_end ] --END-- [ RunTime:0.001499s ]

[ 2013-04-18T11:17:06+08:00 ] 192.168.137.1 /apps/index/index.php?s=/Login/index
ERR: [8] Use of undefined constant APP_DEBUG - assumed 'APP_DEBUG' /var/www/html/officeoa/define.inc.php 第 6 行.

[ 2013-04-18T11:17:12+08:00 ] 192.168.137.1 /apps/index/index.php?s=/Login/dologin
INFO: [ route_check ] --START--
INFO: Run CheckRoute Behavior [ RunTime:0.000989s ]
INFO: [ route_check ] --END-- [ RunTime:0.001078s ]
INFO: [ app_begin ] --START--
INFO: Run ReadHtmlCache Behavior [ RunTime:-0.000716s ]
INFO: [ app_begin ] --END-- [ RunTime:0.000954s ]
ERR: [8] Undefined index:  usersession /var/www/html/officeoa/ThinkPHP/Extend/Mode/MyMode/MyMode.class.php 第 11 行.

[ 2013-04-18T11:17:12+08:00 ] 192.168.137.1 /apps/index/index.php?s=/Login/dologin
ERR: [8] Use of undefined constant APP_DEBUG - assumed 'APP_DEBUG' /var/www/html/officeoa/define.inc.php 第 6 行.

[ 2013-04-18T11:17:12+08:00 ] 192.168.137.1 /apps/index/index.php?s=/Index/index
INFO: [ route_check ] --START--
INFO: Run CheckRoute Behavior [ RunTime:0.001138s ]
INFO: [ route_check ] --END-- [ RunTime:0.001299s ]
INFO: [ app_begin ] --START--
INFO: Run ReadHtmlCache Behavior [ RunTime:-0.000402s ]
INFO: [ app_begin ] --END-- [ RunTime:0.000758s ]
INFO: [ view_template ] --START--
INFO: Run LocationTemplate Behavior [ RunTime:-0.008715s ]
INFO: [ view_template ] --END-- [ RunTime:0.000699s ]
INFO: [ view_parse ] --START--
ERR: [8] Use of undefined constant personal - assumed 'personal' /var/www/html/officeoa/Runtime/index/Cache/9307b3b8376c2b917711f844ace5a114.php 第 181 行.
INFO: Run ParseTemplate Behavior [ RunTime:-0.009734s ]
INFO: [ view_parse ] --END-- [ RunTime:0.026382s ]
INFO: [ view_filter ] --START--
INFO: Run ContentReplace Behavior [ RunTime:-0.035907s ]
INFO: Run TokenBuild Behavior [ RunTime:-0.036599s ]
INFO: Run WriteHtmlCache Behavior [ RunTime:-0.037055s ]
INFO: Run ShowRuntime Behavior [ RunTime:-0.037291s ]
INFO: [ view_filter ] --END-- [ RunTime:0.001995s ]
INFO: [ view_end ] --START--
INFO: Run ShowPageTrace Behavior [ RunTime:-0.037979s ]
INFO: [ view_end ] --END-- [ RunTime:0.000628s ]

[ 2013-04-18T11:17:12+08:00 ] 192.168.137.1 /apps/index/index.php?s=/Index/index
ERR: [8] Use of undefined constant APP_DEBUG - assumed 'APP_DEBUG' /var/www/html/officeoa/define.inc.php 第 6 行.

[ 2013-04-18T11:34:18+08:00 ] 192.168.137.1 /apps/index/index.php?s=/Login/index
INFO: [ route_check ] --START--
INFO: Run CheckRoute Behavior [ RunTime:0.000907s ]
INFO: [ route_check ] --END-- [ RunTime:0.000986s ]
INFO: [ app_begin ] --START--
INFO: Run ReadHtmlCache Behavior [ RunTime:-0.000350s ]
INFO: [ app_begin ] --END-- [ RunTime:0.000615s ]
ERR: [8] Undefined index:  usersession /var/www/html/officeoa/ThinkPHP/Extend/Mode/MyMode/MyMode.class.php 第 11 行.
INFO: [ view_template ] --START--
INFO: Run LocationTemplate Behavior [ RunTime:-0.010223s ]
INFO: [ view_template ] --END-- [ RunTime:0.000415s ]
INFO: [ view_parse ] --START--
INFO: Run ParseTemplate Behavior [ RunTime:-0.010759s ]
INFO: [ view_parse ] --END-- [ RunTime:0.011826s ]
INFO: [ view_filter ] --START--
INFO: Run ContentReplace Behavior [ RunTime:-0.022604s ]
INFO: Run TokenBuild Behavior [ RunTime:-0.023025s ]
INFO: Run WriteHtmlCache Behavior [ RunTime:-0.023685s ]
INFO: Run ShowRuntime Behavior [ RunTime:-0.023912s ]
INFO: [ view_filter ] --END-- [ RunTime:0.001830s ]
INFO: [ view_end ] --START--
INFO: Run ShowPageTrace Behavior [ RunTime:-0.024506s ]
INFO: [ view_end ] --END-- [ RunTime:0.000742s ]

[ 2013-04-18T11:34:18+08:00 ] 192.168.137.1 /apps/index/index.php?s=/Login/index
ERR: [8] Use of undefined constant APP_DEBUG - assumed 'APP_DEBUG' /var/www/html/officeoa/define.inc.php 第 6 行.

[ 2013-04-18T11:34:24+08:00 ] 192.168.137.1 /apps/index/index.php?s=/Login/dologin
INFO: [ route_check ] --START--
INFO: Run CheckRoute Behavior [ RunTime:0.001042s ]
INFO: [ route_check ] --END-- [ RunTime:0.001190s ]
INFO: [ app_begin ] --START--
INFO: Run ReadHtmlCache Behavior [ RunTime:-0.000369s ]
INFO: [ app_begin ] --END-- [ RunTime:0.000988s ]
ERR: [8] Undefined index:  usersession /var/www/html/officeoa/ThinkPHP/Extend/Mode/MyMode/MyMode.class.php 第 11 行.

[ 2013-04-18T11:34:24+08:00 ] 192.168.137.1 /apps/index/index.php?s=/Login/dologin
ERR: [8] Use of undefined constant APP_DEBUG - assumed 'APP_DEBUG' /var/www/html/officeoa/define.inc.php 第 6 行.

[ 2013-04-18T11:34:24+08:00 ] 192.168.137.1 /apps/index/index.php?s=/Index/index
INFO: [ route_check ] --START--
INFO: Run CheckRoute Behavior [ RunTime:0.000894s ]
INFO: [ route_check ] --END-- [ RunTime:0.000981s ]
INFO: [ app_begin ] --START--
INFO: Run ReadHtmlCache Behavior [ RunTime:-0.000407s ]
INFO: [ app_begin ] --END-- [ RunTime:0.000640s ]
INFO: [ view_template ] --START--
INFO: Run LocationTemplate Behavior [ RunTime:-0.008620s ]
INFO: [ view_template ] --END-- [ RunTime:0.000637s ]
INFO: [ view_parse ] --START--
ERR: [8] Use of undefined constant personal - assumed 'personal' /var/www/html/officeoa/Runtime/index/Cache/9307b3b8376c2b917711f844ace5a114.php 第 181 行.
INFO: Run ParseTemplate Behavior [ RunTime:-0.009308s ]
INFO: [ view_parse ] --END-- [ RunTime:0.028081s ]
INFO: [ view_filter ] --START--
INFO: Run ContentReplace Behavior [ RunTime:-0.037473s ]
INFO: Run TokenBuild Behavior [ RunTime:-0.038223s ]
INFO: Run WriteHtmlCache Behavior [ RunTime:-0.039216s ]
INFO: Run ShowRuntime Behavior [ RunTime:-0.039489s ]
INFO: [ view_filter ] --END-- [ RunTime:0.002635s ]
INFO: [ view_end ] --START--
INFO: Run ShowPageTrace Behavior [ RunTime:-0.040226s ]
INFO: [ view_end ] --END-- [ RunTime:0.000643s ]

[ 2013-04-18T11:34:24+08:00 ] 192.168.137.1 /apps/index/index.php?s=/Index/index
ERR: [8] Use of undefined constant APP_DEBUG - assumed 'APP_DEBUG' /var/www/html/officeoa/define.inc.php 第 6 行.

[ 2013-04-18T16:51:01+08:00 ] 192.168.137.1 /apps/index/index.php
INFO: [ app_begin ] --START--
INFO: Run ReadHtmlCache Behavior [ RunTime:0.001488s ]
INFO: [ app_begin ] --END-- [ RunTime:0.003766s ]
ERR: [8] Undefined index:  usersession /var/www/html/officeoa/ThinkPHP/Extend/Mode/MyMode/MyMode.class.php 第 11 行.
INFO: [ view_template ] --START--
INFO: Run LocationTemplate Behavior [ RunTime:-0.070539s ]
INFO: [ view_template ] --END-- [ RunTime:0.000921s ]
INFO: [ view_parse ] --START--
ERR: [8] Use of undefined constant personal - assumed 'personal' /var/www/html/officeoa/Runtime/index/Cache/9307b3b8376c2b917711f844ace5a114.php 第 181 行.
INFO: Run ParseTemplate Behavior [ RunTime:-0.071490s ]
INFO: [ view_parse ] --END-- [ RunTime:0.039491s ]
INFO: [ view_filter ] --START--
INFO: Run ContentReplace Behavior [ RunTime:-0.111005s ]
INFO: Run TokenBuild Behavior [ RunTime:-0.111777s ]
INFO: Run WriteHtmlCache Behavior [ RunTime:-0.112292s ]
INFO: Run ShowRuntime Behavior [ RunTime:-0.112631s ]
INFO: [ view_filter ] --END-- [ RunTime:0.002311s ]
INFO: [ view_end ] --START--
INFO: Run ShowPageTrace Behavior [ RunTime:-0.113491s ]
INFO: [ view_end ] --END-- [ RunTime:0.000928s ]

[ 2013-04-18T16:51:01+08:00 ] 192.168.137.1 /apps/index/index.php
ERR: [8] Use of undefined constant APP_DEBUG - assumed 'APP_DEBUG' /var/www/html/officeoa/define.inc.php 第 6 行.

[ 2013-04-18T16:58:15+08:00 ] 192.168.137.1 /apps/index/index.php?s=/Login/index
INFO: [ route_check ] --START--
INFO: Run CheckRoute Behavior [ RunTime:0.001310s ]
INFO: [ route_check ] --END-- [ RunTime:0.001535s ]
INFO: [ app_begin ] --START--
INFO: Run ReadHtmlCache Behavior [ RunTime:-0.000641s ]
INFO: [ app_begin ] --END-- [ RunTime:0.000842s ]
ERR: [8] Undefined index:  usersession /var/www/html/officeoa/ThinkPHP/Extend/Mode/MyMode/MyMode.class.php 第 11 行.
INFO: [ view_template ] --START--
INFO: Run LocationTemplate Behavior [ RunTime:-0.043920s ]
INFO: [ view_template ] --END-- [ RunTime:0.000696s ]
INFO: [ view_parse ] --START--
INFO: Run ParseTemplate Behavior [ RunTime:-0.044680s ]
INFO: [ view_parse ] --END-- [ RunTime:0.012222s ]
INFO: [ view_filter ] --START--
INFO: Run ContentReplace Behavior [ RunTime:-0.056916s ]
INFO: Run TokenBuild Behavior [ RunTime:-0.057421s ]
INFO: Run WriteHtmlCache Behavior [ RunTime:-0.057885s ]
INFO: Run ShowRuntime Behavior [ RunTime:-0.058117s ]
INFO: [ view_filter ] --END-- [ RunTime:0.001755s ]
INFO: [ view_end ] --START--
INFO: Run ShowPageTrace Behavior [ RunTime:-0.058768s ]
INFO: [ view_end ] --END-- [ RunTime:0.000819s ]

[ 2013-04-18T16:58:15+08:00 ] 192.168.137.1 /apps/index/index.php?s=/Login/index
ERR: [8] Use of undefined constant APP_DEBUG - assumed 'APP_DEBUG' /var/www/html/officeoa/define.inc.php 第 6 行.

[ 2013-04-18T16:58:22+08:00 ] 192.168.137.1 /apps/index/index.php?s=/Login/dologin
INFO: [ route_check ] --START--
INFO: Run CheckRoute Behavior [ RunTime:0.003144s ]
INFO: [ route_check ] --END-- [ RunTime:0.003337s ]
INFO: [ app_begin ] --START--
INFO: Run ReadHtmlCache Behavior [ RunTime:-0.000646s ]
INFO: [ app_begin ] --END-- [ RunTime:0.001233s ]
ERR: [8] Undefined index:  usersession /var/www/html/officeoa/ThinkPHP/Extend/Mode/MyMode/MyMode.class.php 第 11 行.

[ 2013-04-18T16:58:22+08:00 ] 192.168.137.1 /apps/index/index.php?s=/Login/dologin
ERR: [8] Use of undefined constant APP_DEBUG - assumed 'APP_DEBUG' /var/www/html/officeoa/define.inc.php 第 6 行.

[ 2013-04-18T16:58:22+08:00 ] 192.168.137.1 /apps/index/index.php?s=/Index/index
INFO: [ route_check ] --START--
INFO: Run CheckRoute Behavior [ RunTime:0.001241s ]
INFO: [ route_check ] --END-- [ RunTime:0.001402s ]
INFO: [ app_begin ] --START--
INFO: Run ReadHtmlCache Behavior [ RunTime:-0.000567s ]
INFO: [ app_begin ] --END-- [ RunTime:0.000793s ]
INFO: [ view_template ] --START--
INFO: Run LocationTemplate Behavior [ RunTime:-0.034476s ]
INFO: [ view_template ] --END-- [ RunTime:0.000717s ]
INFO: [ view_parse ] --START--
ERR: [8] Use of undefined constant personal - assumed 'personal' /var/www/html/officeoa/Runtime/index/Cache/9307b3b8376c2b917711f844ace5a114.php 第 181 行.
INFO: Run ParseTemplate Behavior [ RunTime:-0.035233s ]
INFO: [ view_parse ] --END-- [ RunTime:0.033123s ]
INFO: [ view_filter ] --START--
INFO: Run ContentReplace Behavior [ RunTime:-0.068378s ]
INFO: Run TokenBuild Behavior [ RunTime:-0.069148s ]
INFO: Run WriteHtmlCache Behavior [ RunTime:-0.069587s ]
INFO: Run ShowRuntime Behavior [ RunTime:-0.069821s ]
INFO: [ view_filter ] --END-- [ RunTime:0.002025s ]
INFO: [ view_end ] --START--
INFO: Run ShowPageTrace Behavior [ RunTime:-0.070633s ]
INFO: [ view_end ] --END-- [ RunTime:0.000678s ]

[ 2013-04-18T16:58:22+08:00 ] 192.168.137.1 /apps/index/index.php?s=/Index/index
ERR: [8] Use of undefined constant APP_DEBUG - assumed 'APP_DEBUG' /var/www/html/officeoa/define.inc.php 第 6 行.

