[ 2013-04-25T09:09:39+08:00 ] 192.168.137.1 /apps/index/index.php?s=/Login/index
INFO: [ route_check ] --START--
INFO: Run CheckRoute Behavior [ RunTime:0.163045s ]
INFO: [ route_check ] --END-- [ RunTime:0.163484s ]
INFO: [ app_begin ] --START--
INFO: Run ReadHtmlCache Behavior [ RunTime:-0.065440s ]
INFO: [ app_begin ] --END-- [ RunTime:0.053775s ]
ERR: [8] Undefined index:  usersession /var/www/html/officeoa/ThinkPHP/Extend/Mode/MyMode/MyMode.class.php 第 11 行.
INFO: [ view_template ] --START--
INFO: Run LocationTemplate Behavior [ RunTime:-4.569164s ]
INFO: [ view_template ] --END-- [ RunTime:0.127241s ]
INFO: [ view_parse ] --START--
INFO: Run ParseTemplate Behavior [ RunTime:-4.696531s ]
INFO: [ view_parse ] --END-- [ RunTime:0.763695s ]
INFO: [ view_filter ] --START--
INFO: Run ContentReplace Behavior [ RunTime:-5.460172s ]
INFO: Run TokenBuild Behavior [ RunTime:-5.488778s ]
INFO: Run WriteHtmlCache Behavior [ RunTime:-5.549596s ]
INFO: Run ShowRuntime Behavior [ RunTime:-5.593296s ]
INFO: [ view_filter ] --END-- [ RunTime:0.150929s ]
INFO: [ view_end ] --START--
INFO: Run ShowPageTrace Behavior [ RunTime:-5.611400s ]
INFO: [ view_end ] --END-- [ RunTime:0.091685s ]

[ 2013-04-25T09:09:39+08:00 ] 192.168.137.1 /apps/index/index.php?s=/Login/index
ERR: [8] Use of undefined constant APP_DEBUG - assumed 'APP_DEBUG' /var/www/html/officeoa/define.inc.php 第 6 行.

[ 2013-04-25T09:09:52+08:00 ] 192.168.137.1 /apps/index/index.php?s=/Login/dologin
INFO: [ route_check ] --START--
INFO: Run CheckRoute Behavior [ RunTime:0.011599s ]
INFO: [ route_check ] --END-- [ RunTime:0.011905s ]
INFO: [ app_begin ] --START--
INFO: Run ReadHtmlCache Behavior [ RunTime:-0.001576s ]
INFO: [ app_begin ] --END-- [ RunTime:0.001793s ]
ERR: [8] Undefined index:  usersession /var/www/html/officeoa/ThinkPHP/Extend/Mode/MyMode/MyMode.class.php 第 11 行.

[ 2013-04-25T09:09:52+08:00 ] 192.168.137.1 /apps/index/index.php?s=/Login/dologin
ERR: [8] Use of undefined constant APP_DEBUG - assumed 'APP_DEBUG' /var/www/html/officeoa/define.inc.php 第 6 行.

[ 2013-04-25T09:09:53+08:00 ] 192.168.137.1 /apps/index/index.php?s=/Index/index
INFO: [ route_check ] --START--
INFO: Run CheckRoute Behavior [ RunTime:0.001033s ]
INFO: [ route_check ] --END-- [ RunTime:0.001131s ]
INFO: [ app_begin ] --START--
INFO: Run ReadHtmlCache Behavior [ RunTime:-0.000388s ]
INFO: [ app_begin ] --END-- [ RunTime:0.001846s ]
INFO: [ view_template ] --START--
INFO: Run LocationTemplate Behavior [ RunTime:-0.052319s ]
INFO: [ view_template ] --END-- [ RunTime:0.028249s ]
INFO: [ view_parse ] --START--
ERR: [8] Use of undefined constant personal - assumed 'personal' /var/www/html/officeoa/Runtime/index/Cache/9307b3b8376c2b917711f844ace5a114.php 第 181 行.
ERR: [8] Use of undefined constant info - assumed 'info' /var/www/html/officeoa/Runtime/index/Cache/9307b3b8376c2b917711f844ace5a114.php 第 197 行.
INFO: Run ParseTemplate Behavior [ RunTime:-0.096260s ]
INFO: [ view_parse ] --END-- [ RunTime:0.470013s ]
INFO: [ view_filter ] --START--
INFO: Run ContentReplace Behavior [ RunTime:-0.550582s ]
INFO: Run TokenBuild Behavior [ RunTime:-0.551290s ]
INFO: Run WriteHtmlCache Behavior [ RunTime:-0.551852s ]
INFO: Run ShowRuntime Behavior [ RunTime:-0.552075s ]
INFO: [ view_filter ] --END-- [ RunTime:0.002084s ]
INFO: [ view_end ] --START--
INFO: Run ShowPageTrace Behavior [ RunTime:-0.599242s ]
INFO: [ view_end ] --END-- [ RunTime:0.000777s ]

[ 2013-04-25T09:09:53+08:00 ] 192.168.137.1 /apps/index/index.php?s=/Index/index
ERR: [8] Use of undefined constant APP_DEBUG - assumed 'APP_DEBUG' /var/www/html/officeoa/define.inc.php 第 6 行.

[ 2013-04-25T09:09:58+08:00 ] 192.168.137.1 /apps/index/index.php?s=/Index/changeTheme
INFO: [ route_check ] --START--
INFO: Run CheckRoute Behavior [ RunTime:0.003570s ]
INFO: [ route_check ] --END-- [ RunTime:0.003866s ]
INFO: [ app_begin ] --START--
INFO: Run ReadHtmlCache Behavior [ RunTime:-0.015676s ]
INFO: [ app_begin ] --END-- [ RunTime:0.017697s ]

[ 2013-04-25T09:09:58+08:00 ] 192.168.137.1 /apps/index/index.php?s=/Index/changeTheme
ERR: [8] Use of undefined constant APP_DEBUG - assumed 'APP_DEBUG' /var/www/html/officeoa/define.inc.php 第 6 行.

[ 2013-04-25T09:09:59+08:00 ] 192.168.137.1 /apps/index/index.php?s=/Index/index
INFO: [ route_check ] --START--
INFO: Run CheckRoute Behavior [ RunTime:0.031743s ]
INFO: [ route_check ] --END-- [ RunTime:0.032050s ]
INFO: [ app_begin ] --START--
INFO: Run ReadHtmlCache Behavior [ RunTime:-0.001655s ]
INFO: [ app_begin ] --END-- [ RunTime:0.001887s ]
INFO: [ view_template ] --START--
INFO: Run LocationTemplate Behavior [ RunTime:-0.158311s ]
INFO: [ view_template ] --END-- [ RunTime:0.001924s ]
INFO: [ view_parse ] --START--
ERR: [8] Use of undefined constant personal - assumed 'personal' /var/www/html/officeoa/Runtime/index/Cache/9307b3b8376c2b917711f844ace5a114.php 第 181 行.
ERR: [8] Use of undefined constant info - assumed 'info' /var/www/html/officeoa/Runtime/index/Cache/9307b3b8376c2b917711f844ace5a114.php 第 197 行.
INFO: Run ParseTemplate Behavior [ RunTime:-0.160329s ]
INFO: [ view_parse ] --END-- [ RunTime:0.197774s ]
INFO: [ view_filter ] --START--
INFO: Run ContentReplace Behavior [ RunTime:-0.358062s ]
INFO: Run TokenBuild Behavior [ RunTime:-0.358928s ]
INFO: Run WriteHtmlCache Behavior [ RunTime:-0.359458s ]
INFO: Run ShowRuntime Behavior [ RunTime:-0.359736s ]
INFO: [ view_filter ] --END-- [ RunTime:0.002455s ]
INFO: [ view_end ] --START--
INFO: Run ShowPageTrace Behavior [ RunTime:-0.360907s ]
INFO: [ view_end ] --END-- [ RunTime:0.000794s ]

[ 2013-04-25T09:09:59+08:00 ] 192.168.137.1 /apps/index/index.php?s=/Index/index
ERR: [8] Use of undefined constant APP_DEBUG - assumed 'APP_DEBUG' /var/www/html/officeoa/define.inc.php 第 6 行.

[ 2013-04-25T18:11:30+08:00 ] 192.168.137.1 /apps/index/index.php
INFO: [ app_begin ] --START--
INFO: Run ReadHtmlCache Behavior [ RunTime:0.000823s ]
INFO: [ app_begin ] --END-- [ RunTime:0.000983s ]
INFO: [ view_template ] --START--
INFO: Run LocationTemplate Behavior [ RunTime:-0.010620s ]
INFO: [ view_template ] --END-- [ RunTime:0.000724s ]
INFO: [ view_parse ] --START--
ERR: [8] Use of undefined constant personal - assumed 'personal' /var/www/html/officeoa/Runtime/index/Cache/9307b3b8376c2b917711f844ace5a114.php 第 181 行.
ERR: [8] Use of undefined constant info - assumed 'info' /var/www/html/officeoa/Runtime/index/Cache/9307b3b8376c2b917711f844ace5a114.php 第 197 行.
INFO: Run ParseTemplate Behavior [ RunTime:-0.011365s ]
INFO: [ view_parse ] --END-- [ RunTime:0.058710s ]
INFO: [ view_filter ] --START--
INFO: Run ContentReplace Behavior [ RunTime:-0.070113s ]
INFO: Run TokenBuild Behavior [ RunTime:-0.070900s ]
INFO: Run WriteHtmlCache Behavior [ RunTime:-0.071374s ]
INFO: Run ShowRuntime Behavior [ RunTime:-0.071615s ]
INFO: [ view_filter ] --END-- [ RunTime:0.002147s ]
INFO: [ view_end ] --START--
INFO: Run ShowPageTrace Behavior [ RunTime:-0.072390s ]
INFO: [ view_end ] --END-- [ RunTime:0.000690s ]

[ 2013-04-25T18:11:30+08:00 ] 192.168.137.1 /apps/index/index.php
ERR: [8] Use of undefined constant APP_DEBUG - assumed 'APP_DEBUG' /var/www/html/officeoa/define.inc.php 第 6 行.

[ 2013-04-25T18:12:57+08:00 ] 192.168.137.1 /apps/index/index.php?s=/Index/changeTheme
INFO: [ route_check ] --START--
INFO: Run CheckRoute Behavior [ RunTime:0.000925s ]
INFO: [ route_check ] --END-- [ RunTime:0.001044s ]
INFO: [ app_begin ] --START--
INFO: Run ReadHtmlCache Behavior [ RunTime:-0.000388s ]
INFO: [ app_begin ] --END-- [ RunTime:0.000648s ]

[ 2013-04-25T18:12:57+08:00 ] 192.168.137.1 /apps/index/index.php?s=/Index/changeTheme
ERR: [8] Use of undefined constant APP_DEBUG - assumed 'APP_DEBUG' /var/www/html/officeoa/define.inc.php 第 6 行.

[ 2013-04-25T18:13:01+08:00 ] 192.168.137.1 /apps/index/index.php?s=/Index/changeTheme
INFO: [ route_check ] --START--
INFO: Run CheckRoute Behavior [ RunTime:0.001070s ]
INFO: [ route_check ] --END-- [ RunTime:0.001179s ]
INFO: [ app_begin ] --START--
INFO: Run ReadHtmlCache Behavior [ RunTime:-0.000331s ]
INFO: [ app_begin ] --END-- [ RunTime:0.000770s ]

[ 2013-04-25T18:13:01+08:00 ] 192.168.137.1 /apps/index/index.php?s=/Index/changeTheme
ERR: [8] Use of undefined constant APP_DEBUG - assumed 'APP_DEBUG' /var/www/html/officeoa/define.inc.php 第 6 行.

[ 2013-04-25T18:13:04+08:00 ] 192.168.137.1 /apps/index/index.php?s=/Index/changeTheme
INFO: [ route_check ] --START--
INFO: Run CheckRoute Behavior [ RunTime:0.001313s ]
INFO: [ route_check ] --END-- [ RunTime:0.001584s ]
INFO: [ app_begin ] --START--
INFO: Run ReadHtmlCache Behavior [ RunTime:-0.000737s ]
INFO: [ app_begin ] --END-- [ RunTime:0.000869s ]

[ 2013-04-25T18:13:04+08:00 ] 192.168.137.1 /apps/index/index.php?s=/Index/changeTheme
ERR: [8] Use of undefined constant APP_DEBUG - assumed 'APP_DEBUG' /var/www/html/officeoa/define.inc.php 第 6 行.

[ 2013-04-25T18:13:07+08:00 ] 192.168.137.1 /apps/index/index.php?s=/Index/changeTheme
INFO: [ route_check ] --START--
INFO: Run CheckRoute Behavior [ RunTime:0.001165s ]
INFO: [ route_check ] --END-- [ RunTime:0.001266s ]
INFO: [ app_begin ] --START--
INFO: Run ReadHtmlCache Behavior [ RunTime:-0.000321s ]
INFO: [ app_begin ] --END-- [ RunTime:0.000695s ]

[ 2013-04-25T18:13:07+08:00 ] 192.168.137.1 /apps/index/index.php?s=/Index/changeTheme
ERR: [8] Use of undefined constant APP_DEBUG - assumed 'APP_DEBUG' /var/www/html/officeoa/define.inc.php 第 6 行.

[ 2013-04-25T18:13:22+08:00 ] 192.168.137.1 /apps/index/index.php?s=/Index/changeTheme
INFO: [ route_check ] --START--
INFO: Run CheckRoute Behavior [ RunTime:0.001122s ]
INFO: [ route_check ] --END-- [ RunTime:0.001221s ]
INFO: [ app_begin ] --START--
INFO: Run ReadHtmlCache Behavior [ RunTime:-0.000370s ]
INFO: [ app_begin ] --END-- [ RunTime:0.000648s ]

[ 2013-04-25T18:13:22+08:00 ] 192.168.137.1 /apps/index/index.php?s=/Index/changeTheme
ERR: [8] Use of undefined constant APP_DEBUG - assumed 'APP_DEBUG' /var/www/html/officeoa/define.inc.php 第 6 行.

[ 2013-04-25T18:14:37+08:00 ] 192.168.137.1 /apps/index/index.php?s=/Index/changeTheme
INFO: [ route_check ] --START--
INFO: Run CheckRoute Behavior [ RunTime:0.001244s ]
INFO: [ route_check ] --END-- [ RunTime:0.001381s ]
INFO: [ app_begin ] --START--
INFO: Run ReadHtmlCache Behavior [ RunTime:-0.000505s ]
INFO: [ app_begin ] --END-- [ RunTime:0.000905s ]

[ 2013-04-25T18:14:37+08:00 ] 192.168.137.1 /apps/index/index.php?s=/Index/changeTheme
ERR: [8] Use of undefined constant APP_DEBUG - assumed 'APP_DEBUG' /var/www/html/officeoa/define.inc.php 第 6 行.

[ 2013-04-25T18:14:40+08:00 ] 192.168.137.1 /apps/index/index.php?s=/Index/changeTheme
INFO: [ route_check ] --START--
INFO: Run CheckRoute Behavior [ RunTime:0.000977s ]
INFO: [ route_check ] --END-- [ RunTime:0.001070s ]
INFO: [ app_begin ] --START--
INFO: Run ReadHtmlCache Behavior [ RunTime:-0.000430s ]
INFO: [ app_begin ] --END-- [ RunTime:0.000725s ]

[ 2013-04-25T18:14:40+08:00 ] 192.168.137.1 /apps/index/index.php?s=/Index/changeTheme
ERR: [8] Use of undefined constant APP_DEBUG - assumed 'APP_DEBUG' /var/www/html/officeoa/define.inc.php 第 6 行.

[ 2013-04-25T18:14:43+08:00 ] 192.168.137.1 /apps/index/index.php?s=/Index/changeTheme
INFO: [ route_check ] --START--
INFO: Run CheckRoute Behavior [ RunTime:0.000893s ]
INFO: [ route_check ] --END-- [ RunTime:0.000976s ]
INFO: [ app_begin ] --START--
INFO: Run ReadHtmlCache Behavior [ RunTime:-0.000313s ]
INFO: [ app_begin ] --END-- [ RunTime:0.000717s ]

[ 2013-04-25T18:14:43+08:00 ] 192.168.137.1 /apps/index/index.php?s=/Index/changeTheme
ERR: [8] Use of undefined constant APP_DEBUG - assumed 'APP_DEBUG' /var/www/html/officeoa/define.inc.php 第 6 行.

[ 2013-04-25T18:14:57+08:00 ] 192.168.137.1 /apps/index/index.php?s=/Index/logout
INFO: [ route_check ] --START--
INFO: Run CheckRoute Behavior [ RunTime:0.001029s ]
INFO: [ route_check ] --END-- [ RunTime:0.001133s ]
INFO: [ app_begin ] --START--
INFO: Run ReadHtmlCache Behavior [ RunTime:-0.000445s ]
INFO: [ app_begin ] --END-- [ RunTime:0.000743s ]
ERR: [8] Use of undefined constant APP_DEBUG - assumed 'APP_DEBUG' /var/www/html/officeoa/define.inc.php 第 6 行.

[ 2013-04-25T18:14:57+08:00 ] 192.168.137.1 /apps/index/index.php?s=/Login/index
INFO: [ route_check ] --START--
INFO: Run CheckRoute Behavior [ RunTime:0.000871s ]
INFO: [ route_check ] --END-- [ RunTime:0.000974s ]
INFO: [ app_begin ] --START--
INFO: Run ReadHtmlCache Behavior [ RunTime:-0.000310s ]
INFO: [ app_begin ] --END-- [ RunTime:0.000592s ]
ERR: [8] Undefined index:  usersession /var/www/html/officeoa/ThinkPHP/Extend/Mode/MyMode/MyMode.class.php 第 11 行.
INFO: [ view_template ] --START--
INFO: Run LocationTemplate Behavior [ RunTime:-0.008436s ]
INFO: [ view_template ] --END-- [ RunTime:0.000985s ]
INFO: [ view_parse ] --START--
INFO: Run ParseTemplate Behavior [ RunTime:-0.009468s ]
INFO: [ view_parse ] --END-- [ RunTime:0.011146s ]
INFO: [ view_filter ] --START--
INFO: Run ContentReplace Behavior [ RunTime:-0.020644s ]
INFO: Run TokenBuild Behavior [ RunTime:-0.021162s ]
INFO: Run WriteHtmlCache Behavior [ RunTime:-0.021811s ]
INFO: Run ShowRuntime Behavior [ RunTime:-0.022139s ]
INFO: [ view_filter ] --END-- [ RunTime:0.002070s ]
INFO: [ view_end ] --START--
INFO: Run ShowPageTrace Behavior [ RunTime:-0.022786s ]
INFO: [ view_end ] --END-- [ RunTime:0.000767s ]

[ 2013-04-25T18:14:57+08:00 ] 192.168.137.1 /apps/index/index.php?s=/Login/index
ERR: [8] Use of undefined constant APP_DEBUG - assumed 'APP_DEBUG' /var/www/html/officeoa/define.inc.php 第 6 行.

