[ 2013-04-19T09:45:19+08:00 ] 192.168.137.1 /apps/index/index.php?s=/Login/index
INFO: [ route_check ] --START--
INFO: Run CheckRoute Behavior [ RunTime:0.046951s ]
INFO: [ route_check ] --END-- [ RunTime:0.048024s ]
INFO: [ app_begin ] --START--
INFO: Run ReadHtmlCache Behavior [ RunTime:-0.010815s ]
INFO: [ app_begin ] --END-- [ RunTime:0.019826s ]
ERR: [8] Undefined index:  usersession /var/www/html/officeoa/ThinkPHP/Extend/Mode/MyMode/MyMode.class.php 第 11 行.
INFO: [ view_template ] --START--
INFO: Run LocationTemplate Behavior [ RunTime:-0.819480s ]
INFO: [ view_template ] --END-- [ RunTime:0.036709s ]
INFO: [ view_parse ] --START--
INFO: Run ParseTemplate Behavior [ RunTime:-0.856319s ]
INFO: [ view_parse ] --END-- [ RunTime:0.169501s ]
INFO: [ view_filter ] --START--
INFO: Run ContentReplace Behavior [ RunTime:-1.025787s ]
INFO: Run TokenBuild Behavior [ RunTime:-1.036122s ]
INFO: Run WriteHtmlCache Behavior [ RunTime:-1.038192s ]
INFO: Run ShowRuntime Behavior [ RunTime:-1.039263s ]
INFO: [ view_filter ] --END-- [ RunTime:0.015436s ]
INFO: [ view_end ] --START--
INFO: Run ShowPageTrace Behavior [ RunTime:-1.041399s ]
INFO: [ view_end ] --END-- [ RunTime:0.002208s ]

[ 2013-04-19T09:45:19+08:00 ] 192.168.137.1 /apps/index/index.php?s=/Login/index
ERR: [8] Use of undefined constant APP_DEBUG - assumed 'APP_DEBUG' /var/www/html/officeoa/define.inc.php 第 6 行.

[ 2013-04-19T09:45:26+08:00 ] 192.168.137.1 /apps/index/index.php?s=/Login/dologin
INFO: [ route_check ] --START--
INFO: Run CheckRoute Behavior [ RunTime:0.002735s ]
INFO: [ route_check ] --END-- [ RunTime:0.003528s ]
INFO: [ app_begin ] --START--
INFO: Run ReadHtmlCache Behavior [ RunTime:-0.001413s ]
INFO: [ app_begin ] --END-- [ RunTime:0.001796s ]
ERR: [8] Undefined index:  usersession /var/www/html/officeoa/ThinkPHP/Extend/Mode/MyMode/MyMode.class.php 第 11 行.

[ 2013-04-19T09:45:26+08:00 ] 192.168.137.1 /apps/index/index.php?s=/Login/dologin
ERR: [8] Use of undefined constant APP_DEBUG - assumed 'APP_DEBUG' /var/www/html/officeoa/define.inc.php 第 6 行.

[ 2013-04-19T09:45:26+08:00 ] 192.168.137.1 /apps/index/index.php?s=/Index/index
INFO: [ route_check ] --START--
INFO: Run CheckRoute Behavior [ RunTime:0.002617s ]
INFO: [ route_check ] --END-- [ RunTime:0.002892s ]
INFO: [ app_begin ] --START--
INFO: Run ReadHtmlCache Behavior [ RunTime:-0.001269s ]
INFO: [ app_begin ] --END-- [ RunTime:0.001486s ]
INFO: [ view_template ] --START--
INFO: Run LocationTemplate Behavior [ RunTime:-0.089587s ]
INFO: [ view_template ] --END-- [ RunTime:0.016075s ]
INFO: [ view_parse ] --START--
ERR: [8] Use of undefined constant personal - assumed 'personal' /var/www/html/officeoa/Runtime/index/Cache/9307b3b8376c2b917711f844ace5a114.php 第 181 行.
INFO: Run ParseTemplate Behavior [ RunTime:-0.106271s ]
INFO: [ view_parse ] --END-- [ RunTime:0.082366s ]
INFO: [ view_filter ] --START--
INFO: Run ContentReplace Behavior [ RunTime:-0.188107s ]
INFO: Run TokenBuild Behavior [ RunTime:-0.189451s ]
INFO: Run WriteHtmlCache Behavior [ RunTime:-0.189901s ]
INFO: Run ShowRuntime Behavior [ RunTime:-0.190184s ]
INFO: [ view_filter ] --END-- [ RunTime:0.002648s ]
INFO: [ view_end ] --START--
INFO: Run ShowPageTrace Behavior [ RunTime:-0.190995s ]
INFO: [ view_end ] --END-- [ RunTime:0.000686s ]

[ 2013-04-19T09:45:26+08:00 ] 192.168.137.1 /apps/index/index.php?s=/Index/index
ERR: [8] Use of undefined constant APP_DEBUG - assumed 'APP_DEBUG' /var/www/html/officeoa/define.inc.php 第 6 行.

[ 2013-04-19T09:45:34+08:00 ] 192.168.137.1 /apps/index/index.php?s=/Index/changeTheme
INFO: [ route_check ] --START--
INFO: Run CheckRoute Behavior [ RunTime:0.003098s ]
INFO: [ route_check ] --END-- [ RunTime:0.004110s ]
INFO: [ app_begin ] --START--
INFO: Run ReadHtmlCache Behavior [ RunTime:-0.002144s ]
INFO: [ app_begin ] --END-- [ RunTime:0.002238s ]

[ 2013-04-19T09:45:34+08:00 ] 192.168.137.1 /apps/index/index.php?s=/Index/changeTheme
ERR: [8] Use of undefined constant APP_DEBUG - assumed 'APP_DEBUG' /var/www/html/officeoa/define.inc.php 第 6 行.

[ 2013-04-19T09:45:34+08:00 ] 192.168.137.1 /apps/index/index.php?s=/Index/index
INFO: [ route_check ] --START--
INFO: Run CheckRoute Behavior [ RunTime:0.004718s ]
INFO: [ route_check ] --END-- [ RunTime:0.004991s ]
INFO: [ app_begin ] --START--
INFO: Run ReadHtmlCache Behavior [ RunTime:-0.001581s ]
INFO: [ app_begin ] --END-- [ RunTime:0.001714s ]
INFO: [ view_template ] --START--
INFO: Run LocationTemplate Behavior [ RunTime:-0.033715s ]
INFO: [ view_template ] --END-- [ RunTime:0.001315s ]
INFO: [ view_parse ] --START--
ERR: [8] Use of undefined constant personal - assumed 'personal' /var/www/html/officeoa/Runtime/index/Cache/9307b3b8376c2b917711f844ace5a114.php 第 181 行.
INFO: Run ParseTemplate Behavior [ RunTime:-0.035111s ]
INFO: [ view_parse ] --END-- [ RunTime:0.040725s ]
INFO: [ view_filter ] --START--
INFO: Run ContentReplace Behavior [ RunTime:-0.075969s ]
INFO: Run TokenBuild Behavior [ RunTime:-0.077069s ]
INFO: Run WriteHtmlCache Behavior [ RunTime:-0.077572s ]
INFO: Run ShowRuntime Behavior [ RunTime:-0.077808s ]
INFO: [ view_filter ] --END-- [ RunTime:0.002607s ]
INFO: [ view_end ] --START--
INFO: Run ShowPageTrace Behavior [ RunTime:-0.079254s ]
INFO: [ view_end ] --END-- [ RunTime:0.000810s ]

[ 2013-04-19T09:45:34+08:00 ] 192.168.137.1 /apps/index/index.php?s=/Index/index
ERR: [8] Use of undefined constant APP_DEBUG - assumed 'APP_DEBUG' /var/www/html/officeoa/define.inc.php 第 6 行.

[ 2013-04-19T14:01:23+08:00 ] 192.168.137.1 /apps/index/index.php?s=/Login/index
INFO: [ route_check ] --START--
INFO: Run CheckRoute Behavior [ RunTime:0.001597s ]
INFO: [ route_check ] --END-- [ RunTime:0.001972s ]
INFO: [ app_begin ] --START--
INFO: Run ReadHtmlCache Behavior [ RunTime:-0.000878s ]
INFO: [ app_begin ] --END-- [ RunTime:0.000878s ]
ERR: [8] Undefined index:  usersession /var/www/html/officeoa/ThinkPHP/Extend/Mode/MyMode/MyMode.class.php 第 11 行.
INFO: [ view_template ] --START--
INFO: Run LocationTemplate Behavior [ RunTime:-0.048848s ]
INFO: [ view_template ] --END-- [ RunTime:0.000810s ]
INFO: [ view_parse ] --START--
INFO: Run ParseTemplate Behavior [ RunTime:-0.049844s ]
INFO: [ view_parse ] --END-- [ RunTime:0.012826s ]
INFO: [ view_filter ] --START--
INFO: Run ContentReplace Behavior [ RunTime:-0.062576s ]
INFO: Run TokenBuild Behavior [ RunTime:-0.063097s ]
INFO: Run WriteHtmlCache Behavior [ RunTime:-0.063653s ]
INFO: Run ShowRuntime Behavior [ RunTime:-0.063924s ]
INFO: [ view_filter ] --END-- [ RunTime:0.001953s ]
INFO: [ view_end ] --START--
INFO: Run ShowPageTrace Behavior [ RunTime:-0.064663s ]
INFO: [ view_end ] --END-- [ RunTime:0.000791s ]

[ 2013-04-19T14:01:23+08:00 ] 192.168.137.1 /apps/index/index.php?s=/Login/index
ERR: [8] Use of undefined constant APP_DEBUG - assumed 'APP_DEBUG' /var/www/html/officeoa/define.inc.php 第 6 行.

[ 2013-04-19T14:01:31+08:00 ] 192.168.137.1 /apps/index/index.php?s=/Login/dologin
INFO: [ route_check ] --START--
INFO: Run CheckRoute Behavior [ RunTime:0.001158s ]
INFO: [ route_check ] --END-- [ RunTime:0.001336s ]
INFO: [ app_begin ] --START--
INFO: Run ReadHtmlCache Behavior [ RunTime:-0.000583s ]
INFO: [ app_begin ] --END-- [ RunTime:0.000793s ]
ERR: [8] Undefined index:  usersession /var/www/html/officeoa/ThinkPHP/Extend/Mode/MyMode/MyMode.class.php 第 11 行.

[ 2013-04-19T14:01:31+08:00 ] 192.168.137.1 /apps/index/index.php?s=/Login/dologin
ERR: [8] Use of undefined constant APP_DEBUG - assumed 'APP_DEBUG' /var/www/html/officeoa/define.inc.php 第 6 行.

[ 2013-04-19T14:01:31+08:00 ] 192.168.137.1 /apps/index/index.php?s=/Index/index
INFO: [ route_check ] --START--
INFO: Run CheckRoute Behavior [ RunTime:0.001260s ]
INFO: [ route_check ] --END-- [ RunTime:0.001431s ]
INFO: [ app_begin ] --START--
INFO: Run ReadHtmlCache Behavior [ RunTime:-0.000531s ]
INFO: [ app_begin ] --END-- [ RunTime:0.000837s ]
INFO: [ view_template ] --START--
INFO: Run LocationTemplate Behavior [ RunTime:-0.012212s ]
INFO: [ view_template ] --END-- [ RunTime:0.000746s ]
INFO: [ view_parse ] --START--
ERR: [8] Use of undefined constant personal - assumed 'personal' /var/www/html/officeoa/Runtime/index/Cache/9307b3b8376c2b917711f844ace5a114.php 第 181 行.
INFO: Run ParseTemplate Behavior [ RunTime:-0.013025s ]
INFO: [ view_parse ] --END-- [ RunTime:0.032079s ]
INFO: [ view_filter ] --START--
INFO: Run ContentReplace Behavior [ RunTime:-0.045119s ]
INFO: Run TokenBuild Behavior [ RunTime:-0.046000s ]
INFO: Run WriteHtmlCache Behavior [ RunTime:-0.046457s ]
INFO: Run ShowRuntime Behavior [ RunTime:-0.046763s ]
INFO: [ view_filter ] --END-- [ RunTime:0.002237s ]
INFO: [ view_end ] --START--
INFO: Run ShowPageTrace Behavior [ RunTime:-0.047497s ]
INFO: [ view_end ] --END-- [ RunTime:0.000738s ]

[ 2013-04-19T14:01:31+08:00 ] 192.168.137.1 /apps/index/index.php?s=/Index/index
ERR: [8] Use of undefined constant APP_DEBUG - assumed 'APP_DEBUG' /var/www/html/officeoa/define.inc.php 第 6 行.

[ 2013-04-19T14:01:40+08:00 ] 192.168.137.1 /apps/index/index.php?s=/Index/changeTheme
INFO: [ route_check ] --START--
INFO: Run CheckRoute Behavior [ RunTime:0.001256s ]
INFO: [ route_check ] --END-- [ RunTime:0.001471s ]
INFO: [ app_begin ] --START--
INFO: Run ReadHtmlCache Behavior [ RunTime:-0.000639s ]
INFO: [ app_begin ] --END-- [ RunTime:0.000876s ]

[ 2013-04-19T14:01:40+08:00 ] 192.168.137.1 /apps/index/index.php?s=/Index/changeTheme
ERR: [8] Use of undefined constant APP_DEBUG - assumed 'APP_DEBUG' /var/www/html/officeoa/define.inc.php 第 6 行.

[ 2013-04-19T14:01:42+08:00 ] 192.168.137.1 /apps/index/index.php?s=/Index/changeTheme
INFO: [ route_check ] --START--
INFO: Run CheckRoute Behavior [ RunTime:0.001364s ]
INFO: [ route_check ] --END-- [ RunTime:0.001537s ]
INFO: [ app_begin ] --START--
INFO: Run ReadHtmlCache Behavior [ RunTime:-0.000912s ]
INFO: [ app_begin ] --END-- [ RunTime:0.001222s ]

[ 2013-04-19T14:01:42+08:00 ] 192.168.137.1 /apps/index/index.php?s=/Index/changeTheme
ERR: [8] Use of undefined constant APP_DEBUG - assumed 'APP_DEBUG' /var/www/html/officeoa/define.inc.php 第 6 行.

[ 2013-04-19T20:57:45+08:00 ] 192.168.137.1 /apps/index/index.php?s=/Login/index
INFO: [ route_check ] --START--
INFO: Run CheckRoute Behavior [ RunTime:0.047229s ]
INFO: [ route_check ] --END-- [ RunTime:0.047618s ]
INFO: [ app_begin ] --START--
INFO: Run ReadHtmlCache Behavior [ RunTime:-0.019473s ]
INFO: [ app_begin ] --END-- [ RunTime:0.003854s ]
ERR: [8] Undefined index:  usersession /var/www/html/officeoa/ThinkPHP/Extend/Mode/MyMode/MyMode.class.php 第 11 行.
INFO: [ view_template ] --START--
INFO: Run LocationTemplate Behavior [ RunTime:-0.420333s ]
INFO: [ view_template ] --END-- [ RunTime:0.044669s ]
INFO: [ view_parse ] --START--
INFO: Run ParseTemplate Behavior [ RunTime:-0.465132s ]
INFO: [ view_parse ] --END-- [ RunTime:0.161341s ]
INFO: [ view_filter ] --START--
INFO: Run ContentReplace Behavior [ RunTime:-0.626437s ]
INFO: Run TokenBuild Behavior [ RunTime:-0.689580s ]
INFO: Run WriteHtmlCache Behavior [ RunTime:-0.690420s ]
INFO: Run ShowRuntime Behavior [ RunTime:-0.691416s ]
INFO: [ view_filter ] --END-- [ RunTime:0.066992s ]
INFO: [ view_end ] --START--
INFO: Run ShowPageTrace Behavior [ RunTime:-0.693601s ]
INFO: [ view_end ] --END-- [ RunTime:0.002668s ]

[ 2013-04-19T20:57:45+08:00 ] 192.168.137.1 /apps/index/index.php?s=/Login/index
ERR: [8] Use of undefined constant APP_DEBUG - assumed 'APP_DEBUG' /var/www/html/officeoa/define.inc.php 第 6 行.

[ 2013-04-19T21:01:49+08:00 ] 192.168.137.1 /apps/index/index.php?s=/Login/index
INFO: [ route_check ] --START--
INFO: Run CheckRoute Behavior [ RunTime:0.002669s ]
INFO: [ route_check ] --END-- [ RunTime:0.003048s ]
INFO: [ app_begin ] --START--
INFO: Run ReadHtmlCache Behavior [ RunTime:-0.001507s ]
INFO: [ app_begin ] --END-- [ RunTime:0.001479s ]
ERR: [8] Undefined index:  usersession /var/www/html/officeoa/ThinkPHP/Extend/Mode/MyMode/MyMode.class.php 第 11 行.
INFO: [ view_template ] --START--
INFO: Run LocationTemplate Behavior [ RunTime:-0.037086s ]
INFO: [ view_template ] --END-- [ RunTime:0.001680s ]
INFO: [ view_parse ] --START--
INFO: Run ParseTemplate Behavior [ RunTime:-0.038448s ]
INFO: [ view_parse ] --END-- [ RunTime:0.019654s ]
INFO: [ view_filter ] --START--
INFO: Run ContentReplace Behavior [ RunTime:-0.058072s ]
INFO: Run TokenBuild Behavior [ RunTime:-0.058604s ]
INFO: Run WriteHtmlCache Behavior [ RunTime:-0.059574s ]
INFO: Run ShowRuntime Behavior [ RunTime:-0.059860s ]
INFO: [ view_filter ] --END-- [ RunTime:0.002419s ]
INFO: [ view_end ] --START--
INFO: Run ShowPageTrace Behavior [ RunTime:-0.060627s ]
INFO: [ view_end ] --END-- [ RunTime:0.001312s ]

[ 2013-04-19T21:01:49+08:00 ] 192.168.137.1 /apps/index/index.php?s=/Login/index
ERR: [8] Use of undefined constant APP_DEBUG - assumed 'APP_DEBUG' /var/www/html/officeoa/define.inc.php 第 6 行.

[ 2013-04-19T21:02:00+08:00 ] 192.168.137.1 /apps/index/index.php?s=/Login/dologin
INFO: [ route_check ] --START--
INFO: Run CheckRoute Behavior [ RunTime:0.002884s ]
INFO: [ route_check ] --END-- [ RunTime:0.003161s ]
INFO: [ app_begin ] --START--
INFO: Run ReadHtmlCache Behavior [ RunTime:-0.001524s ]
INFO: [ app_begin ] --END-- [ RunTime:0.001452s ]
ERR: [8] Undefined index:  usersession /var/www/html/officeoa/ThinkPHP/Extend/Mode/MyMode/MyMode.class.php 第 11 行.

[ 2013-04-19T21:02:00+08:00 ] 192.168.137.1 /apps/index/index.php?s=/Login/dologin
ERR: [8] Use of undefined constant APP_DEBUG - assumed 'APP_DEBUG' /var/www/html/officeoa/define.inc.php 第 6 行.

[ 2013-04-19T21:02:00+08:00 ] 192.168.137.1 /apps/index/index.php?s=/Index/index
INFO: [ route_check ] --START--
INFO: Run CheckRoute Behavior [ RunTime:0.002576s ]
INFO: [ route_check ] --END-- [ RunTime:0.002857s ]
INFO: [ app_begin ] --START--
INFO: Run ReadHtmlCache Behavior [ RunTime:-0.001271s ]
INFO: [ app_begin ] --END-- [ RunTime:0.001352s ]
INFO: [ view_template ] --START--
INFO: Run LocationTemplate Behavior [ RunTime:-0.080743s ]
INFO: [ view_template ] --END-- [ RunTime:0.015066s ]
INFO: [ view_parse ] --START--
ERR: [8] Use of undefined constant personal - assumed 'personal' /var/www/html/officeoa/Runtime/index/Cache/9307b3b8376c2b917711f844ace5a114.php 第 181 行.
ERR: [8] Use of undefined constant info - assumed 'info' /var/www/html/officeoa/Runtime/index/Cache/9307b3b8376c2b917711f844ace5a114.php 第 197 行.
INFO: Run ParseTemplate Behavior [ RunTime:-0.095892s ]
INFO: [ view_parse ] --END-- [ RunTime:0.092609s ]
INFO: [ view_filter ] --START--
INFO: Run ContentReplace Behavior [ RunTime:-0.188472s ]
INFO: Run TokenBuild Behavior [ RunTime:-0.189101s ]
INFO: Run WriteHtmlCache Behavior [ RunTime:-0.189512s ]
INFO: Run ShowRuntime Behavior [ RunTime:-0.189756s ]
INFO: [ view_filter ] --END-- [ RunTime:0.001844s ]
INFO: [ view_end ] --START--
INFO: Run ShowPageTrace Behavior [ RunTime:-0.191013s ]
INFO: [ view_end ] --END-- [ RunTime:0.000722s ]

[ 2013-04-19T21:02:00+08:00 ] 192.168.137.1 /apps/index/index.php?s=/Index/index
ERR: [8] Use of undefined constant APP_DEBUG - assumed 'APP_DEBUG' /var/www/html/officeoa/define.inc.php 第 6 行.

[ 2013-04-19T21:05:30+08:00 ] 192.168.137.1 /apps/index/index.php?s=/Index/logout
INFO: [ route_check ] --START--
INFO: Run CheckRoute Behavior [ RunTime:0.001110s ]
INFO: [ route_check ] --END-- [ RunTime:0.001239s ]
INFO: [ app_begin ] --START--
INFO: Run ReadHtmlCache Behavior [ RunTime:-0.000450s ]
INFO: [ app_begin ] --END-- [ RunTime:0.008575s ]
ERR: [8] Use of undefined constant APP_DEBUG - assumed 'APP_DEBUG' /var/www/html/officeoa/define.inc.php 第 6 行.

[ 2013-04-19T21:05:30+08:00 ] 192.168.137.1 /apps/index/index.php?s=/Login/index
INFO: [ route_check ] --START--
INFO: Run CheckRoute Behavior [ RunTime:0.000987s ]
INFO: [ route_check ] --END-- [ RunTime:0.001068s ]
INFO: [ app_begin ] --START--
INFO: Run ReadHtmlCache Behavior [ RunTime:-0.000333s ]
INFO: [ app_begin ] --END-- [ RunTime:0.000612s ]
ERR: [8] Undefined index:  usersession /var/www/html/officeoa/ThinkPHP/Extend/Mode/MyMode/MyMode.class.php 第 11 行.
INFO: [ view_template ] --START--
INFO: Run LocationTemplate Behavior [ RunTime:-0.008670s ]
INFO: [ view_template ] --END-- [ RunTime:0.000594s ]
INFO: [ view_parse ] --START--
INFO: Run ParseTemplate Behavior [ RunTime:-0.009247s ]
INFO: [ view_parse ] --END-- [ RunTime:0.010011s ]
INFO: [ view_filter ] --START--
INFO: Run ContentReplace Behavior [ RunTime:-0.019287s ]
INFO: Run TokenBuild Behavior [ RunTime:-0.019716s ]
INFO: Run WriteHtmlCache Behavior [ RunTime:-0.020127s ]
INFO: Run ShowRuntime Behavior [ RunTime:-0.020333s ]
INFO: [ view_filter ] --END-- [ RunTime:0.001557s ]
INFO: [ view_end ] --START--
INFO: Run ShowPageTrace Behavior [ RunTime:-0.020915s ]
INFO: [ view_end ] --END-- [ RunTime:0.000640s ]

[ 2013-04-19T21:05:30+08:00 ] 192.168.137.1 /apps/index/index.php?s=/Login/index
ERR: [8] Use of undefined constant APP_DEBUG - assumed 'APP_DEBUG' /var/www/html/officeoa/define.inc.php 第 6 行.

[ 2013-04-19T21:05:41+08:00 ] 192.168.137.1 /apps/index/index.php?s=/Login/dologin
INFO: [ route_check ] --START--
INFO: Run CheckRoute Behavior [ RunTime:0.001260s ]
INFO: [ route_check ] --END-- [ RunTime:0.001415s ]
INFO: [ app_begin ] --START--
INFO: Run ReadHtmlCache Behavior [ RunTime:-0.000546s ]
INFO: [ app_begin ] --END-- [ RunTime:0.000689s ]
ERR: [8] Undefined index:  usersession /var/www/html/officeoa/ThinkPHP/Extend/Mode/MyMode/MyMode.class.php 第 11 行.
ERR: [8] Use of undefined constant APP_DEBUG - assumed 'APP_DEBUG' /var/www/html/officeoa/define.inc.php 第 6 行.

[ 2013-04-19T21:05:46+08:00 ] 192.168.137.1 /apps/index/index.php?s=/Login/dologin
INFO: [ route_check ] --START--
INFO: Run CheckRoute Behavior [ RunTime:0.000933s ]
INFO: [ route_check ] --END-- [ RunTime:0.001015s ]
INFO: [ app_begin ] --START--
INFO: Run ReadHtmlCache Behavior [ RunTime:-0.000316s ]
INFO: [ app_begin ] --END-- [ RunTime:0.000696s ]
ERR: [8] Undefined index:  usersession /var/www/html/officeoa/ThinkPHP/Extend/Mode/MyMode/MyMode.class.php 第 11 行.

[ 2013-04-19T21:05:46+08:00 ] 192.168.137.1 /apps/index/index.php?s=/Login/dologin
ERR: [8] Use of undefined constant APP_DEBUG - assumed 'APP_DEBUG' /var/www/html/officeoa/define.inc.php 第 6 行.

[ 2013-04-19T21:05:46+08:00 ] 192.168.137.1 /apps/index/index.php?s=/Index/index
INFO: [ route_check ] --START--
INFO: Run CheckRoute Behavior [ RunTime:0.001017s ]
INFO: [ route_check ] --END-- [ RunTime:0.001101s ]
INFO: [ app_begin ] --START--
INFO: Run ReadHtmlCache Behavior [ RunTime:-0.000367s ]
INFO: [ app_begin ] --END-- [ RunTime:0.000653s ]
INFO: [ view_template ] --START--
INFO: Run LocationTemplate Behavior [ RunTime:-0.009026s ]
INFO: [ view_template ] --END-- [ RunTime:0.000558s ]
INFO: [ view_parse ] --START--
ERR: [8] Use of undefined constant personal - assumed 'personal' /var/www/html/officeoa/Runtime/index/Cache/9307b3b8376c2b917711f844ace5a114.php 第 181 行.
ERR: [8] Use of undefined constant info - assumed 'info' /var/www/html/officeoa/Runtime/index/Cache/9307b3b8376c2b917711f844ace5a114.php 第 197 行.
INFO: Run ParseTemplate Behavior [ RunTime:-0.009630s ]
INFO: [ view_parse ] --END-- [ RunTime:0.027706s ]
INFO: [ view_filter ] --START--
INFO: Run ContentReplace Behavior [ RunTime:-0.037395s ]
INFO: Run TokenBuild Behavior [ RunTime:-0.038023s ]
INFO: Run WriteHtmlCache Behavior [ RunTime:-0.038403s ]
INFO: Run ShowRuntime Behavior [ RunTime:-0.038673s ]
INFO: [ view_filter ] --END-- [ RunTime:0.001816s ]
INFO: [ view_end ] --START--
INFO: Run ShowPageTrace Behavior [ RunTime:-0.039350s ]
INFO: [ view_end ] --END-- [ RunTime:0.000674s ]

[ 2013-04-19T21:05:46+08:00 ] 192.168.137.1 /apps/index/index.php?s=/Index/index
ERR: [8] Use of undefined constant APP_DEBUG - assumed 'APP_DEBUG' /var/www/html/officeoa/define.inc.php 第 6 行.

[ 2013-04-19T21:07:59+08:00 ] 192.168.137.1 /apps/index/index.php?s=/Index/changeWidth
INFO: [ route_check ] --START--
INFO: Run CheckRoute Behavior [ RunTime:0.001641s ]
INFO: [ route_check ] --END-- [ RunTime:0.001782s ]
INFO: [ app_begin ] --START--
INFO: Run ReadHtmlCache Behavior [ RunTime:-0.000447s ]
INFO: [ app_begin ] --END-- [ RunTime:0.004116s ]

[ 2013-04-19T21:07:59+08:00 ] 192.168.137.1 /apps/index/index.php?s=/Index/changeWidth
ERR: [8] Use of undefined constant APP_DEBUG - assumed 'APP_DEBUG' /var/www/html/officeoa/define.inc.php 第 6 行.

[ 2013-04-19T21:08:04+08:00 ] 192.168.137.1 /apps/index/index.php?s=/Index/logout
INFO: [ route_check ] --START--
INFO: Run CheckRoute Behavior [ RunTime:0.001355s ]
INFO: [ route_check ] --END-- [ RunTime:0.001520s ]
INFO: [ app_begin ] --START--
INFO: Run ReadHtmlCache Behavior [ RunTime:-0.000639s ]
INFO: [ app_begin ] --END-- [ RunTime:0.001876s ]
ERR: [8] Use of undefined constant APP_DEBUG - assumed 'APP_DEBUG' /var/www/html/officeoa/define.inc.php 第 6 行.

[ 2013-04-19T21:08:04+08:00 ] 192.168.137.1 /apps/index/index.php?s=/Login/index
INFO: [ route_check ] --START--
INFO: Run CheckRoute Behavior [ RunTime:0.000939s ]
INFO: [ route_check ] --END-- [ RunTime:0.001048s ]
INFO: [ app_begin ] --START--
INFO: Run ReadHtmlCache Behavior [ RunTime:-0.000427s ]
INFO: [ app_begin ] --END-- [ RunTime:0.000726s ]
ERR: [8] Undefined index:  usersession /var/www/html/officeoa/ThinkPHP/Extend/Mode/MyMode/MyMode.class.php 第 11 行.
INFO: [ view_template ] --START--
INFO: Run LocationTemplate Behavior [ RunTime:-0.008913s ]
INFO: [ view_template ] --END-- [ RunTime:0.000612s ]
INFO: [ view_parse ] --START--
INFO: Run ParseTemplate Behavior [ RunTime:-0.009577s ]
INFO: [ view_parse ] --END-- [ RunTime:0.010675s ]
INFO: [ view_filter ] --START--
INFO: Run ContentReplace Behavior [ RunTime:-0.020298s ]
INFO: Run TokenBuild Behavior [ RunTime:-0.020749s ]
INFO: Run WriteHtmlCache Behavior [ RunTime:-0.021188s ]
INFO: Run ShowRuntime Behavior [ RunTime:-0.021464s ]
INFO: [ view_filter ] --END-- [ RunTime:0.001759s ]
INFO: [ view_end ] --START--
INFO: Run ShowPageTrace Behavior [ RunTime:-0.022110s ]
INFO: [ view_end ] --END-- [ RunTime:0.000742s ]

[ 2013-04-19T21:08:04+08:00 ] 192.168.137.1 /apps/index/index.php?s=/Login/index
ERR: [8] Use of undefined constant APP_DEBUG - assumed 'APP_DEBUG' /var/www/html/officeoa/define.inc.php 第 6 行.

