[ 2013-04-22T19:54:23+08:00 ] 192.168.137.1 /apps/personal/index.php?s=/AddressList/userInfo/uid/9
INFO: [ route_check ] --START--
INFO: Run CheckRoute Behavior [ RunTime:0.001044s ]
INFO: [ route_check ] --END-- [ RunTime:0.001153s ]
INFO: [ app_begin ] --START--
INFO: Run ReadHtmlCache Behavior [ RunTime:-0.000420s ]
INFO: [ app_begin ] --END-- [ RunTime:0.000627s ]
INFO: [ view_template ] --START--
INFO: Run LocationTemplate Behavior [ RunTime:-0.037458s ]
INFO: [ view_template ] --END-- [ RunTime:0.006989s ]
INFO: [ view_parse ] --START--
ERR: [8] Use of undefined constant personal - assumed 'personal' /var/www/html/officeoa/Runtime/personal/Cache/550b33056a680161b95ed9e030db9777.php 第 181 行.
ERR: [8] Use of undefined constant info - assumed 'info' /var/www/html/officeoa/Runtime/personal/Cache/550b33056a680161b95ed9e030db9777.php 第 197 行.
ERR: [8] Use of undefined constant UserInfo - assumed 'UserInfo' /var/www/html/officeoa/Runtime/personal/Cache/550b33056a680161b95ed9e030db9777.php 第 289 行.
ERR: [8] Use of undefined constant AddressList - assumed 'AddressList' /var/www/html/officeoa/Runtime/personal/Cache/550b33056a680161b95ed9e030db9777.php 第 290 行.
ERR: [8] Use of undefined constant Working - assumed 'Working' /var/www/html/officeoa/Runtime/personal/Cache/550b33056a680161b95ed9e030db9777.php 第 291 行.
INFO: Run ParseTemplate Behavior [ RunTime:-0.044505s ]
INFO: [ view_parse ] --END-- [ RunTime:0.026175s ]
INFO: [ view_filter ] --START--
INFO: Run ContentReplace Behavior [ RunTime:-0.070731s ]
INFO: Run TokenBuild Behavior [ RunTime:-0.071343s ]
INFO: Run WriteHtmlCache Behavior [ RunTime:-0.071741s ]
INFO: Run ShowRuntime Behavior [ RunTime:-0.071985s ]
INFO: [ view_filter ] --END-- [ RunTime:0.001789s ]
INFO: [ view_end ] --START--
INFO: Run ShowPageTrace Behavior [ RunTime:-0.072596s ]
INFO: [ view_end ] --END-- [ RunTime:0.000665s ]

[ 2013-04-22T19:54:23+08:00 ] 192.168.137.1 /apps/personal/index.php?s=/AddressList/userInfo/uid/9
ERR: [8] Use of undefined constant APP_DEBUG - assumed 'APP_DEBUG' /var/www/html/officeoa/define.inc.php 第 6 行.

