[ 2013-05-01T16:49:13+08:00 ] 192.168.137.1 /apps/personal/index.php?s=/AddressList/userInfo/uid/9/rid/
INFO: [ route_check ] --START--
INFO: Run CheckRoute Behavior [ RunTime:0.000974s ]
INFO: [ route_check ] --END-- [ RunTime:0.001071s ]
INFO: [ app_begin ] --START--
INFO: Run ReadHtmlCache Behavior [ RunTime:-0.000353s ]
INFO: [ app_begin ] --END-- [ RunTime:0.000655s ]
INFO: [ view_template ] --START--
INFO: Run LocationTemplate Behavior [ RunTime:-0.136850s ]
INFO: [ view_template ] --END-- [ RunTime:0.026451s ]
INFO: [ view_parse ] --START--
ERR: [8] Use of undefined constant personal - assumed 'personal' /var/www/html/officeoa/Runtime/personal/Cache/550b33056a680161b95ed9e030db9777.php 第 136 行.
ERR: [8] Use of undefined constant info - assumed 'info' /var/www/html/officeoa/Runtime/personal/Cache/550b33056a680161b95ed9e030db9777.php 第 152 行.
ERR: [8] Use of undefined constant UserInfo - assumed 'UserInfo' /var/www/html/officeoa/Runtime/personal/Cache/550b33056a680161b95ed9e030db9777.php 第 244 行.
ERR: [8] Use of undefined constant AddressList - assumed 'AddressList' /var/www/html/officeoa/Runtime/personal/Cache/550b33056a680161b95ed9e030db9777.php 第 245 行.
ERR: [8] Use of undefined constant Working - assumed 'Working' /var/www/html/officeoa/Runtime/personal/Cache/550b33056a680161b95ed9e030db9777.php 第 246 行.
INFO: Run ParseTemplate Behavior [ RunTime:-0.163357s ]
INFO: [ view_parse ] --END-- [ RunTime:0.105874s ]
INFO: [ view_filter ] --START--
INFO: Run ContentReplace Behavior [ RunTime:-0.269284s ]
INFO: Run TokenBuild Behavior [ RunTime:-0.270200s ]
INFO: Run WriteHtmlCache Behavior [ RunTime:-0.271121s ]
INFO: Run ShowRuntime Behavior [ RunTime:-0.271463s ]
INFO: [ view_filter ] --END-- [ RunTime:0.003866s ]
INFO: [ view_end ] --START--
INFO: Run ShowPageTrace Behavior [ RunTime:-0.273239s ]
INFO: [ view_end ] --END-- [ RunTime:0.000914s ]

[ 2013-05-01T16:49:13+08:00 ] 192.168.137.1 /apps/personal/index.php?s=/AddressList/userInfo/uid/9/rid/
ERR: [8] Use of undefined constant APP_DEBUG - assumed 'APP_DEBUG' /var/www/html/officeoa/define.inc.php 第 6 行.

[ 2013-05-01T21:19:37+08:00 ] 192.168.137.1 /apps/personal/index.php
INFO: [ app_begin ] --START--
INFO: Run ReadHtmlCache Behavior [ RunTime:0.000612s ]
INFO: [ app_begin ] --END-- [ RunTime:0.000721s ]
ERR: [2048] Declaration of InfoInfoApiModel::delete() should be compatible with that of Model::delete() /var/www/html/officeoa/Api/Model/InfoInfoApiModel.class.php 第 2 行.
INFO: [ view_template ] --START--
INFO: Run LocationTemplate Behavior [ RunTime:-0.013429s ]
INFO: [ view_template ] --END-- [ RunTime:0.002087s ]
INFO: [ view_parse ] --START--
ERR: [8] Use of undefined constant personal - assumed 'personal' /var/www/html/officeoa/Runtime/personal/Cache/14daafa49c7257363b9a089ba2911dd0.php 第 136 行.
ERR: [8] Use of undefined constant info - assumed 'info' /var/www/html/officeoa/Runtime/personal/Cache/14daafa49c7257363b9a089ba2911dd0.php 第 152 行.
ERR: [8] Use of undefined constant UserInfo - assumed 'UserInfo' /var/www/html/officeoa/Runtime/personal/Cache/14daafa49c7257363b9a089ba2911dd0.php 第 243 行.
ERR: [8] Use of undefined constant AddressList - assumed 'AddressList' /var/www/html/officeoa/Runtime/personal/Cache/14daafa49c7257363b9a089ba2911dd0.php 第 244 行.
ERR: [8] Use of undefined constant Working - assumed 'Working' /var/www/html/officeoa/Runtime/personal/Cache/14daafa49c7257363b9a089ba2911dd0.php 第 245 行.
INFO: Run ParseTemplate Behavior [ RunTime:-0.015600s ]
INFO: [ view_parse ] --END-- [ RunTime:0.035411s ]
INFO: [ view_filter ] --START--
INFO: Run ContentReplace Behavior [ RunTime:-0.051070s ]
INFO: Run TokenBuild Behavior [ RunTime:-0.051770s ]
INFO: Run WriteHtmlCache Behavior [ RunTime:-0.052198s ]
INFO: Run ShowRuntime Behavior [ RunTime:-0.052529s ]
INFO: [ view_filter ] --END-- [ RunTime:0.001990s ]
INFO: [ view_end ] --START--
INFO: Run ShowPageTrace Behavior [ RunTime:-0.053134s ]
INFO: [ view_end ] --END-- [ RunTime:0.000617s ]

[ 2013-05-01T21:19:37+08:00 ] 192.168.137.1 /apps/personal/index.php
ERR: [8] Use of undefined constant APP_DEBUG - assumed 'APP_DEBUG' /var/www/html/officeoa/define.inc.php 第 6 行.

