[ 2013-04-21T11:15:53+08:00 ] 192.168.137.1 /apps/personal/index.php?s=/UserInfo/index
INFO: [ route_check ] --START--
INFO: Run CheckRoute Behavior [ RunTime:0.002967s ]
INFO: [ route_check ] --END-- [ RunTime:0.003536s ]
INFO: [ app_begin ] --START--
INFO: Run ReadHtmlCache Behavior [ RunTime:-0.001407s ]
INFO: [ app_begin ] --END-- [ RunTime:0.001729s ]
INFO: [ view_template ] --START--
INFO: Run LocationTemplate Behavior [ RunTime:-0.093960s ]
INFO: [ view_template ] --END-- [ RunTime:0.001813s ]
INFO: [ view_parse ] --START--
ERR: [8] Use of undefined constant personal - assumed 'personal' /var/www/html/officeoa/Runtime/personal/Cache/94a574c5f9bf91d0f128e72ff107d23a.php 第 181 行.
ERR: [8] Use of undefined constant info - assumed 'info' /var/www/html/officeoa/Runtime/personal/Cache/94a574c5f9bf91d0f128e72ff107d23a.php 第 197 行.
ERR: [8] Use of undefined constant UserInfo - assumed 'UserInfo' /var/www/html/officeoa/Runtime/personal/Cache/94a574c5f9bf91d0f128e72ff107d23a.php 第 289 行.
ERR: [8] Use of undefined constant AddressList - assumed 'AddressList' /var/www/html/officeoa/Runtime/personal/Cache/94a574c5f9bf91d0f128e72ff107d23a.php 第 290 行.
ERR: [8] Use of undefined constant Working - assumed 'Working' /var/www/html/officeoa/Runtime/personal/Cache/94a574c5f9bf91d0f128e72ff107d23a.php 第 291 行.
INFO: Run ParseTemplate Behavior [ RunTime:-0.095576s ]
INFO: [ view_parse ] --END-- [ RunTime:0.067920s ]
INFO: [ view_filter ] --START--
INFO: Run ContentReplace Behavior [ RunTime:-0.163512s ]
INFO: Run TokenBuild Behavior [ RunTime:-0.164177s ]
INFO: Run WriteHtmlCache Behavior [ RunTime:-0.164600s ]
INFO: Run ShowRuntime Behavior [ RunTime:-0.164836s ]
INFO: [ view_filter ] --END-- [ RunTime:0.002138s ]
INFO: [ view_end ] --START--
INFO: Run ShowPageTrace Behavior [ RunTime:-0.166033s ]
INFO: [ view_end ] --END-- [ RunTime:0.001032s ]

[ 2013-04-21T11:15:53+08:00 ] 192.168.137.1 /apps/personal/index.php?s=/UserInfo/index
ERR: [8] Use of undefined constant APP_DEBUG - assumed 'APP_DEBUG' /var/www/html/officeoa/define.inc.php 第 6 行.

[ 2013-04-21T11:15:55+08:00 ] 192.168.137.1 /apps/personal/index.php?s=/AddressList/index
INFO: [ route_check ] --START--
INFO: Run CheckRoute Behavior [ RunTime:0.001117s ]
INFO: [ route_check ] --END-- [ RunTime:0.001266s ]
INFO: [ app_begin ] --START--
INFO: Run ReadHtmlCache Behavior [ RunTime:-0.001825s ]
INFO: [ app_begin ] --END-- [ RunTime:0.000829s ]
INFO: [ view_template ] --START--
INFO: Run LocationTemplate Behavior [ RunTime:-0.038336s ]
INFO: [ view_template ] --END-- [ RunTime:0.000807s ]
INFO: [ view_parse ] --START--
ERR: [8] Use of undefined constant personal - assumed 'personal' /var/www/html/officeoa/Runtime/personal/Cache/65052d6189b36d2476ce37bc350cf356.php 第 181 行.
ERR: [8] Use of undefined constant info - assumed 'info' /var/www/html/officeoa/Runtime/personal/Cache/65052d6189b36d2476ce37bc350cf356.php 第 197 行.
ERR: [8] Use of undefined constant UserInfo - assumed 'UserInfo' /var/www/html/officeoa/Runtime/personal/Cache/65052d6189b36d2476ce37bc350cf356.php 第 289 行.
ERR: [8] Use of undefined constant AddressList - assumed 'AddressList' /var/www/html/officeoa/Runtime/personal/Cache/65052d6189b36d2476ce37bc350cf356.php 第 290 行.
ERR: [8] Use of undefined constant Working - assumed 'Working' /var/www/html/officeoa/Runtime/personal/Cache/65052d6189b36d2476ce37bc350cf356.php 第 291 行.
INFO: Run ParseTemplate Behavior [ RunTime:-0.039088s ]
INFO: [ view_parse ] --END-- [ RunTime:0.074026s ]
INFO: [ view_filter ] --START--
INFO: Run ContentReplace Behavior [ RunTime:-0.113169s ]
INFO: Run TokenBuild Behavior [ RunTime:-0.114089s ]
INFO: Run WriteHtmlCache Behavior [ RunTime:-0.114616s ]
INFO: Run ShowRuntime Behavior [ RunTime:-0.115027s ]
INFO: [ view_filter ] --END-- [ RunTime:0.003192s ]
INFO: [ view_end ] --START--
INFO: Run ShowPageTrace Behavior [ RunTime:-0.116443s ]
INFO: [ view_end ] --END-- [ RunTime:0.000742s ]

[ 2013-04-21T11:15:55+08:00 ] 192.168.137.1 /apps/personal/index.php?s=/AddressList/index
ERR: [8] Use of undefined constant APP_DEBUG - assumed 'APP_DEBUG' /var/www/html/officeoa/define.inc.php 第 6 行.

[ 2013-04-21T11:16:01+08:00 ] 192.168.137.1 /apps/personal/index.php?s=/AddressList/userInfo/uid/1
INFO: [ route_check ] --START--
INFO: Run CheckRoute Behavior [ RunTime:0.001060s ]
INFO: [ route_check ] --END-- [ RunTime:0.001241s ]
INFO: [ app_begin ] --START--
INFO: Run ReadHtmlCache Behavior [ RunTime:-0.000608s ]
INFO: [ app_begin ] --END-- [ RunTime:0.000740s ]
INFO: [ view_template ] --START--
INFO: Run LocationTemplate Behavior [ RunTime:-0.014361s ]
INFO: [ view_template ] --END-- [ RunTime:0.000608s ]
INFO: [ view_parse ] --START--
INFO: Run ParseTemplate Behavior [ RunTime:-0.015013s ]
INFO: [ view_parse ] --END-- [ RunTime:0.010925s ]
INFO: [ view_filter ] --START--
INFO: Run ContentReplace Behavior [ RunTime:-0.026019s ]
INFO: Run TokenBuild Behavior [ RunTime:-0.026441s ]
INFO: Run WriteHtmlCache Behavior [ RunTime:-0.026879s ]
INFO: Run ShowRuntime Behavior [ RunTime:-0.027157s ]
INFO: [ view_filter ] --END-- [ RunTime:0.001677s ]
INFO: [ view_end ] --START--
INFO: Run ShowPageTrace Behavior [ RunTime:-0.027758s ]
INFO: [ view_end ] --END-- [ RunTime:0.000719s ]
ERR: [8] Use of undefined constant APP_DEBUG - assumed 'APP_DEBUG' /var/www/html/officeoa/define.inc.php 第 6 行.

[ 2013-04-21T11:16:38+08:00 ] 192.168.137.1 /apps/personal/index.php?s=/AddressList/userInfo/uid/1
INFO: [ route_check ] --START--
INFO: Run CheckRoute Behavior [ RunTime:0.002361s ]
INFO: [ route_check ] --END-- [ RunTime:0.002688s ]
INFO: [ app_begin ] --START--
INFO: Run ReadHtmlCache Behavior [ RunTime:-0.001394s ]
INFO: [ app_begin ] --END-- [ RunTime:0.001566s ]
INFO: [ view_template ] --START--
INFO: Run LocationTemplate Behavior [ RunTime:-0.033156s ]
INFO: [ view_template ] --END-- [ RunTime:0.001346s ]
INFO: [ view_parse ] --START--
INFO: Run ParseTemplate Behavior [ RunTime:-0.034546s ]
INFO: [ view_parse ] --END-- [ RunTime:0.021145s ]
INFO: [ view_filter ] --START--
INFO: Run ContentReplace Behavior [ RunTime:-0.055711s ]
INFO: Run TokenBuild Behavior [ RunTime:-0.057289s ]
INFO: Run WriteHtmlCache Behavior [ RunTime:-0.057917s ]
INFO: Run ShowRuntime Behavior [ RunTime:-0.058410s ]
INFO: [ view_filter ] --END-- [ RunTime:0.004205s ]
INFO: [ view_end ] --START--
INFO: Run ShowPageTrace Behavior [ RunTime:-0.060015s ]
INFO: [ view_end ] --END-- [ RunTime:0.001309s ]
ERR: [8] Use of undefined constant APP_DEBUG - assumed 'APP_DEBUG' /var/www/html/officeoa/define.inc.php 第 6 行.

[ 2013-04-21T11:16:39+08:00 ] 192.168.137.1 /apps/personal/index.php?s=/AddressList/userInfo/uid/1
INFO: [ route_check ] --START--
INFO: Run CheckRoute Behavior [ RunTime:0.000863s ]
INFO: [ route_check ] --END-- [ RunTime:0.000968s ]
INFO: [ app_begin ] --START--
INFO: Run ReadHtmlCache Behavior [ RunTime:-0.000341s ]
INFO: [ app_begin ] --END-- [ RunTime:0.000587s ]
INFO: [ view_template ] --START--
INFO: Run LocationTemplate Behavior [ RunTime:-0.012731s ]
INFO: [ view_template ] --END-- [ RunTime:0.000613s ]
INFO: [ view_parse ] --START--
INFO: Run ParseTemplate Behavior [ RunTime:-0.013389s ]
INFO: [ view_parse ] --END-- [ RunTime:0.027978s ]
INFO: [ view_filter ] --START--
INFO: Run ContentReplace Behavior [ RunTime:-0.041535s ]
INFO: Run TokenBuild Behavior [ RunTime:-0.042033s ]
INFO: Run WriteHtmlCache Behavior [ RunTime:-0.042501s ]
INFO: Run ShowRuntime Behavior [ RunTime:-0.043271s ]
INFO: [ view_filter ] --END-- [ RunTime:0.002950s ]
INFO: [ view_end ] --START--
INFO: Run ShowPageTrace Behavior [ RunTime:-0.044593s ]
INFO: [ view_end ] --END-- [ RunTime:0.001018s ]
ERR: [8] Use of undefined constant APP_DEBUG - assumed 'APP_DEBUG' /var/www/html/officeoa/define.inc.php 第 6 行.

[ 2013-04-21T11:16:40+08:00 ] 192.168.137.1 /apps/personal/index.php?s=/AddressList/userInfo/uid/1
INFO: [ route_check ] --START--
INFO: Run CheckRoute Behavior [ RunTime:0.000911s ]
INFO: [ route_check ] --END-- [ RunTime:0.001024s ]
INFO: [ app_begin ] --START--
INFO: Run ReadHtmlCache Behavior [ RunTime:-0.000343s ]
INFO: [ app_begin ] --END-- [ RunTime:0.000695s ]
INFO: [ view_template ] --START--
INFO: Run LocationTemplate Behavior [ RunTime:-0.011141s ]
INFO: [ view_template ] --END-- [ RunTime:0.002313s ]
INFO: [ view_parse ] --START--
INFO: Run ParseTemplate Behavior [ RunTime:-0.013633s ]
INFO: [ view_parse ] --END-- [ RunTime:0.062480s ]
INFO: [ view_filter ] --START--
INFO: Run ContentReplace Behavior [ RunTime:-0.076122s ]
INFO: Run TokenBuild Behavior [ RunTime:-0.076739s ]
INFO: Run WriteHtmlCache Behavior [ RunTime:-0.077950s ]
INFO: Run ShowRuntime Behavior [ RunTime:-0.078333s ]
INFO: [ view_filter ] --END-- [ RunTime:0.003011s ]
INFO: [ view_end ] --START--
INFO: Run ShowPageTrace Behavior [ RunTime:-0.079209s ]
INFO: [ view_end ] --END-- [ RunTime:0.001426s ]
ERR: [8] Use of undefined constant APP_DEBUG - assumed 'APP_DEBUG' /var/www/html/officeoa/define.inc.php 第 6 行.

[ 2013-04-21T11:16:40+08:00 ] 192.168.137.1 /apps/personal/index.php?s=/AddressList/userInfo/uid/1
INFO: [ route_check ] --START--
INFO: Run CheckRoute Behavior [ RunTime:0.000922s ]
INFO: [ route_check ] --END-- [ RunTime:0.001012s ]
INFO: [ app_begin ] --START--
INFO: Run ReadHtmlCache Behavior [ RunTime:-0.000379s ]
INFO: [ app_begin ] --END-- [ RunTime:0.000733s ]
INFO: [ view_template ] --START--
INFO: Run LocationTemplate Behavior [ RunTime:-0.010804s ]
INFO: [ view_template ] --END-- [ RunTime:0.000486s ]
INFO: [ view_parse ] --START--
INFO: Run ParseTemplate Behavior [ RunTime:-0.011338s ]
INFO: [ view_parse ] --END-- [ RunTime:0.010829s ]
INFO: [ view_filter ] --START--
INFO: Run ContentReplace Behavior [ RunTime:-0.022216s ]
INFO: Run TokenBuild Behavior [ RunTime:-0.022613s ]
INFO: Run WriteHtmlCache Behavior [ RunTime:-0.023053s ]
INFO: Run ShowRuntime Behavior [ RunTime:-0.023265s ]
INFO: [ view_filter ] --END-- [ RunTime:0.001641s ]
INFO: [ view_end ] --START--
INFO: Run ShowPageTrace Behavior [ RunTime:-0.023925s ]
INFO: [ view_end ] --END-- [ RunTime:0.000688s ]
ERR: [8] Use of undefined constant APP_DEBUG - assumed 'APP_DEBUG' /var/www/html/officeoa/define.inc.php 第 6 行.

[ 2013-04-21T11:16:41+08:00 ] 192.168.137.1 /apps/personal/index.php?s=/AddressList/userInfo/uid/1
INFO: [ route_check ] --START--
INFO: Run CheckRoute Behavior [ RunTime:0.001177s ]
INFO: [ route_check ] --END-- [ RunTime:0.001264s ]
INFO: [ app_begin ] --START--
INFO: Run ReadHtmlCache Behavior [ RunTime:-0.000329s ]
INFO: [ app_begin ] --END-- [ RunTime:0.000849s ]
INFO: [ view_template ] --START--
INFO: Run LocationTemplate Behavior [ RunTime:-0.011492s ]
INFO: [ view_template ] --END-- [ RunTime:0.000580s ]
INFO: [ view_parse ] --START--
INFO: Run ParseTemplate Behavior [ RunTime:-0.012118s ]
INFO: [ view_parse ] --END-- [ RunTime:0.010000s ]
INFO: [ view_filter ] --START--
INFO: Run ContentReplace Behavior [ RunTime:-0.022168s ]
INFO: Run TokenBuild Behavior [ RunTime:-0.022571s ]
INFO: Run WriteHtmlCache Behavior [ RunTime:-0.022943s ]
INFO: Run ShowRuntime Behavior [ RunTime:-0.023177s ]
INFO: [ view_filter ] --END-- [ RunTime:0.001547s ]
INFO: [ view_end ] --START--
INFO: Run ShowPageTrace Behavior [ RunTime:-0.023789s ]
INFO: [ view_end ] --END-- [ RunTime:0.000665s ]
ERR: [8] Use of undefined constant APP_DEBUG - assumed 'APP_DEBUG' /var/www/html/officeoa/define.inc.php 第 6 行.

[ 2013-04-21T11:16:41+08:00 ] 192.168.137.1 /apps/personal/index.php?s=/AddressList/userInfo/uid/1
INFO: [ route_check ] --START--
INFO: Run CheckRoute Behavior [ RunTime:0.001154s ]
INFO: [ route_check ] --END-- [ RunTime:0.001257s ]
INFO: [ app_begin ] --START--
INFO: Run ReadHtmlCache Behavior [ RunTime:-0.000453s ]
INFO: [ app_begin ] --END-- [ RunTime:0.000806s ]
INFO: [ view_template ] --START--
INFO: Run LocationTemplate Behavior [ RunTime:-0.010248s ]
INFO: [ view_template ] --END-- [ RunTime:0.000623s ]
INFO: [ view_parse ] --START--
INFO: Run ParseTemplate Behavior [ RunTime:-0.010887s ]
INFO: [ view_parse ] --END-- [ RunTime:0.015788s ]
INFO: [ view_filter ] --START--
INFO: Run ContentReplace Behavior [ RunTime:-0.026757s ]
INFO: Run TokenBuild Behavior [ RunTime:-0.027615s ]
INFO: Run WriteHtmlCache Behavior [ RunTime:-0.028059s ]
INFO: Run ShowRuntime Behavior [ RunTime:-0.028310s ]
INFO: [ view_filter ] --END-- [ RunTime:0.002449s ]
INFO: [ view_end ] --START--
INFO: Run ShowPageTrace Behavior [ RunTime:-0.029286s ]
INFO: [ view_end ] --END-- [ RunTime:0.001030s ]
ERR: [8] Use of undefined constant APP_DEBUG - assumed 'APP_DEBUG' /var/www/html/officeoa/define.inc.php 第 6 行.

[ 2013-04-21T11:16:41+08:00 ] 192.168.137.1 /apps/personal/index.php?s=/AddressList/userInfo/uid/1
INFO: [ route_check ] --START--
INFO: Run CheckRoute Behavior [ RunTime:0.001141s ]
INFO: [ route_check ] --END-- [ RunTime:0.001269s ]
INFO: [ app_begin ] --START--
INFO: Run ReadHtmlCache Behavior [ RunTime:-0.000484s ]
INFO: [ app_begin ] --END-- [ RunTime:0.000796s ]
INFO: [ view_template ] --START--
INFO: Run LocationTemplate Behavior [ RunTime:-0.011368s ]
INFO: [ view_template ] --END-- [ RunTime:0.000549s ]
INFO: [ view_parse ] --START--
INFO: Run ParseTemplate Behavior [ RunTime:-0.011986s ]
INFO: [ view_parse ] --END-- [ RunTime:0.012515s ]
INFO: [ view_filter ] --START--
INFO: Run ContentReplace Behavior [ RunTime:-0.024535s ]
INFO: Run TokenBuild Behavior [ RunTime:-0.025033s ]
INFO: Run WriteHtmlCache Behavior [ RunTime:-0.025539s ]
INFO: Run ShowRuntime Behavior [ RunTime:-0.026043s ]
INFO: [ view_filter ] --END-- [ RunTime:0.002228s ]
INFO: [ view_end ] --START--
INFO: Run ShowPageTrace Behavior [ RunTime:-0.026887s ]
INFO: [ view_end ] --END-- [ RunTime:0.001089s ]
ERR: [8] Use of undefined constant APP_DEBUG - assumed 'APP_DEBUG' /var/www/html/officeoa/define.inc.php 第 6 行.

[ 2013-04-21T11:16:42+08:00 ] 192.168.137.1 /apps/personal/index.php?s=/AddressList/userInfo/uid/1
INFO: [ route_check ] --START--
INFO: Run CheckRoute Behavior [ RunTime:0.003098s ]
INFO: [ route_check ] --END-- [ RunTime:0.003207s ]
INFO: [ app_begin ] --START--
INFO: Run ReadHtmlCache Behavior [ RunTime:-0.000463s ]
INFO: [ app_begin ] --END-- [ RunTime:0.000988s ]
INFO: [ view_template ] --START--
INFO: Run LocationTemplate Behavior [ RunTime:-0.009501s ]
INFO: [ view_template ] --END-- [ RunTime:0.000622s ]
INFO: [ view_parse ] --START--
INFO: Run ParseTemplate Behavior [ RunTime:-0.010332s ]
INFO: [ view_parse ] --END-- [ RunTime:0.011718s ]
INFO: [ view_filter ] --START--
INFO: Run ContentReplace Behavior [ RunTime:-0.022008s ]
INFO: Run TokenBuild Behavior [ RunTime:-0.022418s ]
INFO: Run WriteHtmlCache Behavior [ RunTime:-0.022909s ]
INFO: Run ShowRuntime Behavior [ RunTime:-0.023197s ]
INFO: [ view_filter ] --END-- [ RunTime:0.001725s ]
INFO: [ view_end ] --START--
INFO: Run ShowPageTrace Behavior [ RunTime:-0.023801s ]
INFO: [ view_end ] --END-- [ RunTime:0.000689s ]
ERR: [8] Use of undefined constant APP_DEBUG - assumed 'APP_DEBUG' /var/www/html/officeoa/define.inc.php 第 6 行.

[ 2013-04-21T11:16:42+08:00 ] 192.168.137.1 /apps/personal/index.php?s=/AddressList/userInfo/uid/1
INFO: [ route_check ] --START--
INFO: Run CheckRoute Behavior [ RunTime:0.001132s ]
INFO: [ route_check ] --END-- [ RunTime:0.001325s ]
INFO: [ app_begin ] --START--
INFO: Run ReadHtmlCache Behavior [ RunTime:-0.000646s ]
INFO: [ app_begin ] --END-- [ RunTime:0.000724s ]
INFO: [ view_template ] --START--
INFO: Run LocationTemplate Behavior [ RunTime:-0.015545s ]
INFO: [ view_template ] --END-- [ RunTime:0.000644s ]
INFO: [ view_parse ] --START--
INFO: Run ParseTemplate Behavior [ RunTime:-0.016251s ]
INFO: [ view_parse ] --END-- [ RunTime:0.012593s ]
INFO: [ view_filter ] --START--
INFO: Run ContentReplace Behavior [ RunTime:-0.028886s ]
INFO: Run TokenBuild Behavior [ RunTime:-0.029387s ]
INFO: Run WriteHtmlCache Behavior [ RunTime:-0.029856s ]
INFO: Run ShowRuntime Behavior [ RunTime:-0.030210s ]
INFO: [ view_filter ] --END-- [ RunTime:0.002087s ]
INFO: [ view_end ] --START--
INFO: Run ShowPageTrace Behavior [ RunTime:-0.031069s ]
INFO: [ view_end ] --END-- [ RunTime:0.001544s ]
ERR: [8] Use of undefined constant APP_DEBUG - assumed 'APP_DEBUG' /var/www/html/officeoa/define.inc.php 第 6 行.

[ 2013-04-21T11:16:42+08:00 ] 192.168.137.1 /apps/personal/index.php?s=/AddressList/userInfo/uid/1
INFO: [ route_check ] --START--
INFO: Run CheckRoute Behavior [ RunTime:0.000904s ]
INFO: [ route_check ] --END-- [ RunTime:0.001015s ]
INFO: [ app_begin ] --START--
INFO: Run ReadHtmlCache Behavior [ RunTime:-0.000370s ]
INFO: [ app_begin ] --END-- [ RunTime:0.000584s ]
INFO: [ view_template ] --START--
INFO: Run LocationTemplate Behavior [ RunTime:-0.009607s ]
INFO: [ view_template ] --END-- [ RunTime:0.000600s ]
INFO: [ view_parse ] --START--
INFO: Run ParseTemplate Behavior [ RunTime:-0.010246s ]
INFO: [ view_parse ] --END-- [ RunTime:0.012046s ]
INFO: [ view_filter ] --START--
INFO: Run ContentReplace Behavior [ RunTime:-0.022342s ]
INFO: Run TokenBuild Behavior [ RunTime:-0.022783s ]
INFO: Run WriteHtmlCache Behavior [ RunTime:-0.023244s ]
INFO: Run ShowRuntime Behavior [ RunTime:-0.023586s ]
INFO: [ view_filter ] --END-- [ RunTime:0.001987s ]
INFO: [ view_end ] --START--
INFO: Run ShowPageTrace Behavior [ RunTime:-0.024403s ]
INFO: [ view_end ] --END-- [ RunTime:0.000739s ]
ERR: [8] Use of undefined constant APP_DEBUG - assumed 'APP_DEBUG' /var/www/html/officeoa/define.inc.php 第 6 行.

[ 2013-04-21T11:16:43+08:00 ] 192.168.137.1 /apps/personal/index.php?s=/AddressList/userInfo/uid/1
INFO: [ route_check ] --START--
INFO: Run CheckRoute Behavior [ RunTime:0.001244s ]
INFO: [ route_check ] --END-- [ RunTime:0.001338s ]
INFO: [ app_begin ] --START--
INFO: Run ReadHtmlCache Behavior [ RunTime:-0.000375s ]
INFO: [ app_begin ] --END-- [ RunTime:0.000771s ]
INFO: [ view_template ] --START--
INFO: Run LocationTemplate Behavior [ RunTime:-0.011826s ]
INFO: [ view_template ] --END-- [ RunTime:0.000790s ]
INFO: [ view_parse ] --START--
INFO: Run ParseTemplate Behavior [ RunTime:-0.012616s ]
INFO: [ view_parse ] --END-- [ RunTime:0.011528s ]
INFO: [ view_filter ] --START--
INFO: Run ContentReplace Behavior [ RunTime:-0.024190s ]
INFO: Run TokenBuild Behavior [ RunTime:-0.024566s ]
INFO: Run WriteHtmlCache Behavior [ RunTime:-0.024991s ]
INFO: Run ShowRuntime Behavior [ RunTime:-0.025209s ]
INFO: [ view_filter ] --END-- [ RunTime:0.001623s ]
INFO: [ view_end ] --START--
INFO: Run ShowPageTrace Behavior [ RunTime:-0.025884s ]
INFO: [ view_end ] --END-- [ RunTime:0.000737s ]
ERR: [8] Use of undefined constant APP_DEBUG - assumed 'APP_DEBUG' /var/www/html/officeoa/define.inc.php 第 6 行.

[ 2013-04-21T11:17:18+08:00 ] 192.168.137.1 /apps/personal/index.php?s=/AddressList/userInfo/uid/1
INFO: [ route_check ] --START--
INFO: Run CheckRoute Behavior [ RunTime:0.000953s ]
INFO: [ route_check ] --END-- [ RunTime:0.001035s ]
INFO: [ app_begin ] --START--
INFO: Run ReadHtmlCache Behavior [ RunTime:-0.000355s ]
INFO: [ app_begin ] --END-- [ RunTime:0.000626s ]
INFO: [ view_template ] --START--
INFO: Run LocationTemplate Behavior [ RunTime:-0.008689s ]
INFO: [ view_template ] --END-- [ RunTime:0.000482s ]
INFO: [ view_parse ] --START--
INFO: Run ParseTemplate Behavior [ RunTime:-0.009214s ]
INFO: [ view_parse ] --END-- [ RunTime:0.010594s ]
INFO: [ view_filter ] --START--
INFO: Run ContentReplace Behavior [ RunTime:-0.019857s ]
INFO: Run TokenBuild Behavior [ RunTime:-0.020247s ]
INFO: Run WriteHtmlCache Behavior [ RunTime:-0.020667s ]
INFO: Run ShowRuntime Behavior [ RunTime:-0.020886s ]
INFO: [ view_filter ] --END-- [ RunTime:0.001600s ]
INFO: [ view_end ] --START--
INFO: Run ShowPageTrace Behavior [ RunTime:-0.021530s ]
INFO: [ view_end ] --END-- [ RunTime:0.000790s ]
ERR: [8] Use of undefined constant APP_DEBUG - assumed 'APP_DEBUG' /var/www/html/officeoa/define.inc.php 第 6 行.

[ 2013-04-21T11:17:19+08:00 ] 192.168.137.1 /apps/personal/index.php?s=/UserInfo/index
INFO: [ route_check ] --START--
INFO: Run CheckRoute Behavior [ RunTime:0.000909s ]
INFO: [ route_check ] --END-- [ RunTime:0.000990s ]
INFO: [ app_begin ] --START--
INFO: Run ReadHtmlCache Behavior [ RunTime:-0.000315s ]
INFO: [ app_begin ] --END-- [ RunTime:0.000656s ]
INFO: [ view_template ] --START--
INFO: Run LocationTemplate Behavior [ RunTime:-0.010518s ]
INFO: [ view_template ] --END-- [ RunTime:0.000497s ]
INFO: [ view_parse ] --START--
ERR: [8] Use of undefined constant personal - assumed 'personal' /var/www/html/officeoa/Runtime/personal/Cache/94a574c5f9bf91d0f128e72ff107d23a.php 第 181 行.
ERR: [8] Use of undefined constant info - assumed 'info' /var/www/html/officeoa/Runtime/personal/Cache/94a574c5f9bf91d0f128e72ff107d23a.php 第 197 行.
ERR: [8] Use of undefined constant UserInfo - assumed 'UserInfo' /var/www/html/officeoa/Runtime/personal/Cache/94a574c5f9bf91d0f128e72ff107d23a.php 第 289 行.
ERR: [8] Use of undefined constant AddressList - assumed 'AddressList' /var/www/html/officeoa/Runtime/personal/Cache/94a574c5f9bf91d0f128e72ff107d23a.php 第 290 行.
ERR: [8] Use of undefined constant Working - assumed 'Working' /var/www/html/officeoa/Runtime/personal/Cache/94a574c5f9bf91d0f128e72ff107d23a.php 第 291 行.
INFO: Run ParseTemplate Behavior [ RunTime:-0.011058s ]
INFO: [ view_parse ] --END-- [ RunTime:0.027249s ]
INFO: [ view_filter ] --START--
INFO: Run ContentReplace Behavior [ RunTime:-0.038365s ]
INFO: Run TokenBuild Behavior [ RunTime:-0.038956s ]
INFO: Run WriteHtmlCache Behavior [ RunTime:-0.039338s ]
INFO: Run ShowRuntime Behavior [ RunTime:-0.039663s ]
INFO: [ view_filter ] --END-- [ RunTime:0.001835s ]
INFO: [ view_end ] --START--
INFO: Run ShowPageTrace Behavior [ RunTime:-0.040272s ]
INFO: [ view_end ] --END-- [ RunTime:0.000721s ]

[ 2013-04-21T11:17:19+08:00 ] 192.168.137.1 /apps/personal/index.php?s=/UserInfo/index
ERR: [8] Use of undefined constant APP_DEBUG - assumed 'APP_DEBUG' /var/www/html/officeoa/define.inc.php 第 6 行.

[ 2013-04-21T11:17:21+08:00 ] 192.168.137.1 /apps/personal/index.php?s=/AddressList/index
INFO: [ route_check ] --START--
INFO: Run CheckRoute Behavior [ RunTime:0.000911s ]
INFO: [ route_check ] --END-- [ RunTime:0.000995s ]
INFO: [ app_begin ] --START--
INFO: Run ReadHtmlCache Behavior [ RunTime:-0.000312s ]
INFO: [ app_begin ] --END-- [ RunTime:0.000754s ]
INFO: [ view_template ] --START--
INFO: Run LocationTemplate Behavior [ RunTime:-0.014148s ]
INFO: [ view_template ] --END-- [ RunTime:0.000476s ]
INFO: [ view_parse ] --START--
ERR: [8] Use of undefined constant personal - assumed 'personal' /var/www/html/officeoa/Runtime/personal/Cache/65052d6189b36d2476ce37bc350cf356.php 第 181 行.
ERR: [8] Use of undefined constant info - assumed 'info' /var/www/html/officeoa/Runtime/personal/Cache/65052d6189b36d2476ce37bc350cf356.php 第 197 行.
ERR: [8] Use of undefined constant UserInfo - assumed 'UserInfo' /var/www/html/officeoa/Runtime/personal/Cache/65052d6189b36d2476ce37bc350cf356.php 第 289 行.
ERR: [8] Use of undefined constant AddressList - assumed 'AddressList' /var/www/html/officeoa/Runtime/personal/Cache/65052d6189b36d2476ce37bc350cf356.php 第 290 行.
ERR: [8] Use of undefined constant Working - assumed 'Working' /var/www/html/officeoa/Runtime/personal/Cache/65052d6189b36d2476ce37bc350cf356.php 第 291 行.
INFO: Run ParseTemplate Behavior [ RunTime:-0.014632s ]
INFO: [ view_parse ] --END-- [ RunTime:0.033258s ]
INFO: [ view_filter ] --START--
INFO: Run ContentReplace Behavior [ RunTime:-0.047947s ]
INFO: Run TokenBuild Behavior [ RunTime:-0.049147s ]
INFO: Run WriteHtmlCache Behavior [ RunTime:-0.049619s ]
INFO: Run ShowRuntime Behavior [ RunTime:-0.049867s ]
INFO: [ view_filter ] --END-- [ RunTime:0.002480s ]
INFO: [ view_end ] --START--
INFO: Run ShowPageTrace Behavior [ RunTime:-0.050502s ]
INFO: [ view_end ] --END-- [ RunTime:0.000828s ]

[ 2013-04-21T11:17:21+08:00 ] 192.168.137.1 /apps/personal/index.php?s=/AddressList/index
ERR: [8] Use of undefined constant APP_DEBUG - assumed 'APP_DEBUG' /var/www/html/officeoa/define.inc.php 第 6 行.

[ 2013-04-21T11:17:24+08:00 ] 192.168.137.1 /apps/personal/index.php?s=/AddressList/userInfo/uid/2
INFO: [ route_check ] --START--
INFO: Run CheckRoute Behavior [ RunTime:0.001047s ]
INFO: [ route_check ] --END-- [ RunTime:0.001142s ]
INFO: [ app_begin ] --START--
INFO: Run ReadHtmlCache Behavior [ RunTime:-0.000427s ]
INFO: [ app_begin ] --END-- [ RunTime:0.000732s ]
INFO: [ view_template ] --START--
INFO: Run LocationTemplate Behavior [ RunTime:-0.009120s ]
INFO: [ view_template ] --END-- [ RunTime:0.000477s ]
INFO: [ view_parse ] --START--
INFO: Run ParseTemplate Behavior [ RunTime:-0.009641s ]
INFO: [ view_parse ] --END-- [ RunTime:0.010296s ]
INFO: [ view_filter ] --START--
INFO: Run ContentReplace Behavior [ RunTime:-0.019984s ]
INFO: Run TokenBuild Behavior [ RunTime:-0.020412s ]
INFO: Run WriteHtmlCache Behavior [ RunTime:-0.020799s ]
INFO: Run ShowRuntime Behavior [ RunTime:-0.021009s ]
INFO: [ view_filter ] --END-- [ RunTime:0.001527s ]
INFO: [ view_end ] --START--
INFO: Run ShowPageTrace Behavior [ RunTime:-0.021579s ]
INFO: [ view_end ] --END-- [ RunTime:0.001146s ]
INFO: [ view_template ] --START--
INFO: Run LocationTemplate Behavior [ RunTime:-0.025031s ]
INFO: [ view_template ] --END-- [ RunTime:-0.015428s ]
INFO: [ view_parse ] --START--
ERR: [8] Use of undefined constant personal - assumed 'personal' /var/www/html/officeoa/Runtime/personal/Cache/550b33056a680161b95ed9e030db9777.php 第 181 行.
ERR: [8] Use of undefined constant info - assumed 'info' /var/www/html/officeoa/Runtime/personal/Cache/550b33056a680161b95ed9e030db9777.php 第 197 行.
ERR: [8] Use of undefined constant UserInfo - assumed 'UserInfo' /var/www/html/officeoa/Runtime/personal/Cache/550b33056a680161b95ed9e030db9777.php 第 289 行.
ERR: [8] Use of undefined constant AddressList - assumed 'AddressList' /var/www/html/officeoa/Runtime/personal/Cache/550b33056a680161b95ed9e030db9777.php 第 290 行.
ERR: [8] Use of undefined constant Working - assumed 'Working' /var/www/html/officeoa/Runtime/personal/Cache/550b33056a680161b95ed9e030db9777.php 第 291 行.
INFO: Run ParseTemplate Behavior [ RunTime:-0.025360s ]
INFO: [ view_parse ] --END-- [ RunTime:-0.005397s ]
INFO: [ view_filter ] --START--
INFO: Run ContentReplace Behavior [ RunTime:-0.069889s ]
INFO: Run TokenBuild Behavior [ RunTime:-0.070853s ]
INFO: Run WriteHtmlCache Behavior [ RunTime:-0.070950s ]
INFO: Run ShowRuntime Behavior [ RunTime:-0.070991s ]
INFO: [ view_filter ] --END-- [ RunTime:-0.048371s ]
INFO: [ view_end ] --START--
INFO: Run ShowPageTrace Behavior [ RunTime:-0.071256s ]
INFO: [ view_end ] --END-- [ RunTime:-0.048531s ]

[ 2013-04-21T11:17:24+08:00 ] 192.168.137.1 /apps/personal/index.php?s=/AddressList/userInfo/uid/2
ERR: [8] Use of undefined constant APP_DEBUG - assumed 'APP_DEBUG' /var/www/html/officeoa/define.inc.php 第 6 行.

[ 2013-04-21T11:17:25+08:00 ] 192.168.137.1 /apps/personal/index.php?s=/AddressList/index
INFO: [ route_check ] --START--
INFO: Run CheckRoute Behavior [ RunTime:0.000995s ]
INFO: [ route_check ] --END-- [ RunTime:0.001094s ]
INFO: [ app_begin ] --START--
INFO: Run ReadHtmlCache Behavior [ RunTime:-0.000295s ]
INFO: [ app_begin ] --END-- [ RunTime:0.000704s ]
INFO: [ view_template ] --START--
INFO: Run LocationTemplate Behavior [ RunTime:-0.012056s ]
INFO: [ view_template ] --END-- [ RunTime:0.000476s ]
INFO: [ view_parse ] --START--
ERR: [8] Use of undefined constant personal - assumed 'personal' /var/www/html/officeoa/Runtime/personal/Cache/65052d6189b36d2476ce37bc350cf356.php 第 181 行.
ERR: [8] Use of undefined constant info - assumed 'info' /var/www/html/officeoa/Runtime/personal/Cache/65052d6189b36d2476ce37bc350cf356.php 第 197 行.
ERR: [8] Use of undefined constant UserInfo - assumed 'UserInfo' /var/www/html/officeoa/Runtime/personal/Cache/65052d6189b36d2476ce37bc350cf356.php 第 289 行.
ERR: [8] Use of undefined constant AddressList - assumed 'AddressList' /var/www/html/officeoa/Runtime/personal/Cache/65052d6189b36d2476ce37bc350cf356.php 第 290 行.
ERR: [8] Use of undefined constant Working - assumed 'Working' /var/www/html/officeoa/Runtime/personal/Cache/65052d6189b36d2476ce37bc350cf356.php 第 291 行.
INFO: Run ParseTemplate Behavior [ RunTime:-0.012573s ]
INFO: [ view_parse ] --END-- [ RunTime:0.027431s ]
INFO: [ view_filter ] --START--
INFO: Run ContentReplace Behavior [ RunTime:-0.040157s ]
INFO: Run TokenBuild Behavior [ RunTime:-0.040822s ]
INFO: Run WriteHtmlCache Behavior [ RunTime:-0.041192s ]
INFO: Run ShowRuntime Behavior [ RunTime:-0.041594s ]
INFO: [ view_filter ] --END-- [ RunTime:0.001977s ]
INFO: [ view_end ] --START--
INFO: Run ShowPageTrace Behavior [ RunTime:-0.042206s ]
INFO: [ view_end ] --END-- [ RunTime:0.001236s ]

[ 2013-04-21T11:17:25+08:00 ] 192.168.137.1 /apps/personal/index.php?s=/AddressList/index
ERR: [8] Use of undefined constant APP_DEBUG - assumed 'APP_DEBUG' /var/www/html/officeoa/define.inc.php 第 6 行.

[ 2013-04-21T11:17:27+08:00 ] 192.168.137.1 /apps/personal/index.php?s=/AddressList/userInfo/uid/2
INFO: [ route_check ] --START--
INFO: Run CheckRoute Behavior [ RunTime:0.001161s ]
INFO: [ route_check ] --END-- [ RunTime:0.001348s ]
INFO: [ app_begin ] --START--
INFO: Run ReadHtmlCache Behavior [ RunTime:-0.000423s ]
INFO: [ app_begin ] --END-- [ RunTime:0.001191s ]
INFO: [ view_template ] --START--
INFO: Run LocationTemplate Behavior [ RunTime:-0.010182s ]
INFO: [ view_template ] --END-- [ RunTime:0.000905s ]
INFO: [ view_parse ] --START--
INFO: Run ParseTemplate Behavior [ RunTime:-0.011126s ]
INFO: [ view_parse ] --END-- [ RunTime:0.009996s ]
INFO: [ view_filter ] --START--
INFO: Run ContentReplace Behavior [ RunTime:-0.021170s ]
INFO: Run TokenBuild Behavior [ RunTime:-0.021563s ]
INFO: Run WriteHtmlCache Behavior [ RunTime:-0.021932s ]
INFO: Run ShowRuntime Behavior [ RunTime:-0.022171s ]
INFO: [ view_filter ] --END-- [ RunTime:0.001556s ]
INFO: [ view_end ] --START--
INFO: Run ShowPageTrace Behavior [ RunTime:-0.022814s ]
INFO: [ view_end ] --END-- [ RunTime:0.000610s ]
INFO: [ view_template ] --START--
INFO: Run LocationTemplate Behavior [ RunTime:-0.025361s ]
INFO: [ view_template ] --END-- [ RunTime:-0.014285s ]
INFO: [ view_parse ] --START--
ERR: [8] Use of undefined constant personal - assumed 'personal' /var/www/html/officeoa/Runtime/personal/Cache/550b33056a680161b95ed9e030db9777.php 第 181 行.
ERR: [8] Use of undefined constant info - assumed 'info' /var/www/html/officeoa/Runtime/personal/Cache/550b33056a680161b95ed9e030db9777.php 第 197 行.
ERR: [8] Use of undefined constant UserInfo - assumed 'UserInfo' /var/www/html/officeoa/Runtime/personal/Cache/550b33056a680161b95ed9e030db9777.php 第 289 行.
ERR: [8] Use of undefined constant AddressList - assumed 'AddressList' /var/www/html/officeoa/Runtime/personal/Cache/550b33056a680161b95ed9e030db9777.php 第 290 行.
ERR: [8] Use of undefined constant Working - assumed 'Working' /var/www/html/officeoa/Runtime/personal/Cache/550b33056a680161b95ed9e030db9777.php 第 291 行.
INFO: Run ParseTemplate Behavior [ RunTime:-0.025629s ]
INFO: [ view_parse ] --END-- [ RunTime:-0.004418s ]
INFO: [ view_filter ] --START--
INFO: Run ContentReplace Behavior [ RunTime:-0.044603s ]
INFO: Run TokenBuild Behavior [ RunTime:-0.044957s ]
INFO: Run WriteHtmlCache Behavior [ RunTime:-0.045049s ]
INFO: Run ShowRuntime Behavior [ RunTime:-0.045090s ]
INFO: [ view_filter ] --END-- [ RunTime:-0.021866s ]
INFO: [ view_end ] --START--
INFO: Run ShowPageTrace Behavior [ RunTime:-0.045351s ]
INFO: [ view_end ] --END-- [ RunTime:-0.021927s ]

[ 2013-04-21T11:17:27+08:00 ] 192.168.137.1 /apps/personal/index.php?s=/AddressList/userInfo/uid/2
ERR: [8] Use of undefined constant APP_DEBUG - assumed 'APP_DEBUG' /var/www/html/officeoa/define.inc.php 第 6 行.

[ 2013-04-21T11:17:28+08:00 ] 192.168.137.1 /apps/personal/index.php?s=/AddressList/index
INFO: [ route_check ] --START--
INFO: Run CheckRoute Behavior [ RunTime:0.001228s ]
INFO: [ route_check ] --END-- [ RunTime:0.001327s ]
INFO: [ app_begin ] --START--
INFO: Run ReadHtmlCache Behavior [ RunTime:-0.000937s ]
INFO: [ app_begin ] --END-- [ RunTime:0.000806s ]
INFO: [ view_template ] --START--
INFO: Run LocationTemplate Behavior [ RunTime:-0.015361s ]
INFO: [ view_template ] --END-- [ RunTime:0.000452s ]
INFO: [ view_parse ] --START--
ERR: [8] Use of undefined constant personal - assumed 'personal' /var/www/html/officeoa/Runtime/personal/Cache/65052d6189b36d2476ce37bc350cf356.php 第 181 行.
ERR: [8] Use of undefined constant info - assumed 'info' /var/www/html/officeoa/Runtime/personal/Cache/65052d6189b36d2476ce37bc350cf356.php 第 197 行.
ERR: [8] Use of undefined constant UserInfo - assumed 'UserInfo' /var/www/html/officeoa/Runtime/personal/Cache/65052d6189b36d2476ce37bc350cf356.php 第 289 行.
ERR: [8] Use of undefined constant AddressList - assumed 'AddressList' /var/www/html/officeoa/Runtime/personal/Cache/65052d6189b36d2476ce37bc350cf356.php 第 290 行.
ERR: [8] Use of undefined constant Working - assumed 'Working' /var/www/html/officeoa/Runtime/personal/Cache/65052d6189b36d2476ce37bc350cf356.php 第 291 行.
INFO: Run ParseTemplate Behavior [ RunTime:-0.015918s ]
INFO: [ view_parse ] --END-- [ RunTime:0.031220s ]
INFO: [ view_filter ] --START--
INFO: Run ContentReplace Behavior [ RunTime:-0.047102s ]
INFO: Run TokenBuild Behavior [ RunTime:-0.047670s ]
INFO: Run WriteHtmlCache Behavior [ RunTime:-0.048255s ]
INFO: Run ShowRuntime Behavior [ RunTime:-0.048672s ]
INFO: [ view_filter ] --END-- [ RunTime:0.002125s ]
INFO: [ view_end ] --START--
INFO: Run ShowPageTrace Behavior [ RunTime:-0.049305s ]
INFO: [ view_end ] --END-- [ RunTime:0.000705s ]

[ 2013-04-21T11:17:28+08:00 ] 192.168.137.1 /apps/personal/index.php?s=/AddressList/index
ERR: [8] Use of undefined constant APP_DEBUG - assumed 'APP_DEBUG' /var/www/html/officeoa/define.inc.php 第 6 行.

[ 2013-04-21T11:17:30+08:00 ] 192.168.137.1 /apps/personal/index.php?s=/AddressList/userInfo/uid/2
INFO: [ route_check ] --START--
INFO: Run CheckRoute Behavior [ RunTime:0.002680s ]
INFO: [ route_check ] --END-- [ RunTime:0.002807s ]
INFO: [ app_begin ] --START--
INFO: Run ReadHtmlCache Behavior [ RunTime:-0.000549s ]
INFO: [ app_begin ] --END-- [ RunTime:0.000911s ]
INFO: [ view_template ] --START--
INFO: Run LocationTemplate Behavior [ RunTime:-0.010532s ]
INFO: [ view_template ] --END-- [ RunTime:0.000453s ]
INFO: [ view_parse ] --START--
INFO: Run ParseTemplate Behavior [ RunTime:-0.011029s ]
INFO: [ view_parse ] --END-- [ RunTime:0.011041s ]
INFO: [ view_filter ] --START--
INFO: Run ContentReplace Behavior [ RunTime:-0.022121s ]
INFO: Run TokenBuild Behavior [ RunTime:-0.022600s ]
INFO: Run WriteHtmlCache Behavior [ RunTime:-0.022986s ]
INFO: Run ShowRuntime Behavior [ RunTime:-0.023194s ]
INFO: [ view_filter ] --END-- [ RunTime:0.001612s ]
INFO: [ view_end ] --START--
INFO: Run ShowPageTrace Behavior [ RunTime:-0.023802s ]
INFO: [ view_end ] --END-- [ RunTime:0.000704s ]
INFO: [ view_template ] --START--
INFO: Run LocationTemplate Behavior [ RunTime:-0.026582s ]
INFO: [ view_template ] --END-- [ RunTime:-0.015564s ]
INFO: [ view_parse ] --START--
ERR: [8] Use of undefined constant personal - assumed 'personal' /var/www/html/officeoa/Runtime/personal/Cache/550b33056a680161b95ed9e030db9777.php 第 181 行.
ERR: [8] Use of undefined constant info - assumed 'info' /var/www/html/officeoa/Runtime/personal/Cache/550b33056a680161b95ed9e030db9777.php 第 197 行.
ERR: [8] Use of undefined constant UserInfo - assumed 'UserInfo' /var/www/html/officeoa/Runtime/personal/Cache/550b33056a680161b95ed9e030db9777.php 第 289 行.
ERR: [8] Use of undefined constant AddressList - assumed 'AddressList' /var/www/html/officeoa/Runtime/personal/Cache/550b33056a680161b95ed9e030db9777.php 第 290 行.
ERR: [8] Use of undefined constant Working - assumed 'Working' /var/www/html/officeoa/Runtime/personal/Cache/550b33056a680161b95ed9e030db9777.php 第 291 行.
INFO: Run ParseTemplate Behavior [ RunTime:-0.026807s ]
INFO: [ view_parse ] --END-- [ RunTime:-0.004697s ]
INFO: [ view_filter ] --START--
INFO: Run ContentReplace Behavior [ RunTime:-0.044012s ]
INFO: Run TokenBuild Behavior [ RunTime:-0.044305s ]
INFO: Run WriteHtmlCache Behavior [ RunTime:-0.044474s ]
INFO: Run ShowRuntime Behavior [ RunTime:-0.044515s ]
INFO: [ view_filter ] --END-- [ RunTime:-0.020275s ]
INFO: [ view_end ] --START--
INFO: Run ShowPageTrace Behavior [ RunTime:-0.044737s ]
INFO: [ view_end ] --END-- [ RunTime:-0.020231s ]

[ 2013-04-21T11:17:30+08:00 ] 192.168.137.1 /apps/personal/index.php?s=/AddressList/userInfo/uid/2
ERR: [8] Use of undefined constant APP_DEBUG - assumed 'APP_DEBUG' /var/www/html/officeoa/define.inc.php 第 6 行.

[ 2013-04-21T11:17:31+08:00 ] 192.168.137.1 /apps/personal/index.php?s=/AddressList/index
INFO: [ route_check ] --START--
INFO: Run CheckRoute Behavior [ RunTime:0.001561s ]
INFO: [ route_check ] --END-- [ RunTime:0.001721s ]
INFO: [ app_begin ] --START--
INFO: Run ReadHtmlCache Behavior [ RunTime:-0.000693s ]
INFO: [ app_begin ] --END-- [ RunTime:0.000847s ]
INFO: [ view_template ] --START--
INFO: Run LocationTemplate Behavior [ RunTime:-0.014241s ]
INFO: [ view_template ] --END-- [ RunTime:0.000591s ]
INFO: [ view_parse ] --START--
ERR: [8] Use of undefined constant personal - assumed 'personal' /var/www/html/officeoa/Runtime/personal/Cache/65052d6189b36d2476ce37bc350cf356.php 第 181 行.
ERR: [8] Use of undefined constant info - assumed 'info' /var/www/html/officeoa/Runtime/personal/Cache/65052d6189b36d2476ce37bc350cf356.php 第 197 行.
ERR: [8] Use of undefined constant UserInfo - assumed 'UserInfo' /var/www/html/officeoa/Runtime/personal/Cache/65052d6189b36d2476ce37bc350cf356.php 第 289 行.
ERR: [8] Use of undefined constant AddressList - assumed 'AddressList' /var/www/html/officeoa/Runtime/personal/Cache/65052d6189b36d2476ce37bc350cf356.php 第 290 行.
ERR: [8] Use of undefined constant Working - assumed 'Working' /var/www/html/officeoa/Runtime/personal/Cache/65052d6189b36d2476ce37bc350cf356.php 第 291 行.
INFO: Run ParseTemplate Behavior [ RunTime:-0.014790s ]
INFO: [ view_parse ] --END-- [ RunTime:0.050968s ]
INFO: [ view_filter ] --START--
INFO: Run ContentReplace Behavior [ RunTime:-0.065814s ]
INFO: Run TokenBuild Behavior [ RunTime:-0.067153s ]
INFO: Run WriteHtmlCache Behavior [ RunTime:-0.067579s ]
INFO: Run ShowRuntime Behavior [ RunTime:-0.067860s ]
INFO: [ view_filter ] --END-- [ RunTime:0.002621s ]
INFO: [ view_end ] --START--
INFO: Run ShowPageTrace Behavior [ RunTime:-0.068594s ]
INFO: [ view_end ] --END-- [ RunTime:0.000672s ]

[ 2013-04-21T11:17:31+08:00 ] 192.168.137.1 /apps/personal/index.php?s=/AddressList/index
ERR: [8] Use of undefined constant APP_DEBUG - assumed 'APP_DEBUG' /var/www/html/officeoa/define.inc.php 第 6 行.

[ 2013-04-21T11:17:34+08:00 ] 192.168.137.1 /apps/personal/index.php?s=/AddressList/userInfo/uid/2
INFO: [ route_check ] --START--
INFO: Run CheckRoute Behavior [ RunTime:0.000981s ]
INFO: [ route_check ] --END-- [ RunTime:0.001067s ]
INFO: [ app_begin ] --START--
INFO: Run ReadHtmlCache Behavior [ RunTime:-0.000349s ]
INFO: [ app_begin ] --END-- [ RunTime:0.000787s ]
INFO: [ view_template ] --START--
INFO: Run LocationTemplate Behavior [ RunTime:-0.009503s ]
INFO: [ view_template ] --END-- [ RunTime:0.000576s ]
INFO: [ view_parse ] --START--
INFO: Run ParseTemplate Behavior [ RunTime:-0.010139s ]
INFO: [ view_parse ] --END-- [ RunTime:0.009648s ]
INFO: [ view_filter ] --START--
INFO: Run ContentReplace Behavior [ RunTime:-0.019830s ]
INFO: Run TokenBuild Behavior [ RunTime:-0.020242s ]
INFO: Run WriteHtmlCache Behavior [ RunTime:-0.020626s ]
INFO: Run ShowRuntime Behavior [ RunTime:-0.020854s ]
INFO: [ view_filter ] --END-- [ RunTime:0.001558s ]
INFO: [ view_end ] --START--
INFO: Run ShowPageTrace Behavior [ RunTime:-0.021494s ]
INFO: [ view_end ] --END-- [ RunTime:0.000674s ]
INFO: [ view_template ] --START--
INFO: Run LocationTemplate Behavior [ RunTime:-0.024363s ]
INFO: [ view_template ] --END-- [ RunTime:-0.014334s ]
INFO: [ view_parse ] --START--
ERR: [8] Use of undefined constant personal - assumed 'personal' /var/www/html/officeoa/Runtime/personal/Cache/550b33056a680161b95ed9e030db9777.php 第 181 行.
ERR: [8] Use of undefined constant info - assumed 'info' /var/www/html/officeoa/Runtime/personal/Cache/550b33056a680161b95ed9e030db9777.php 第 197 行.
ERR: [8] Use of undefined constant UserInfo - assumed 'UserInfo' /var/www/html/officeoa/Runtime/personal/Cache/550b33056a680161b95ed9e030db9777.php 第 289 行.
ERR: [8] Use of undefined constant AddressList - assumed 'AddressList' /var/www/html/officeoa/Runtime/personal/Cache/550b33056a680161b95ed9e030db9777.php 第 290 行.
ERR: [8] Use of undefined constant Working - assumed 'Working' /var/www/html/officeoa/Runtime/personal/Cache/550b33056a680161b95ed9e030db9777.php 第 291 行.
INFO: Run ParseTemplate Behavior [ RunTime:-0.024643s ]
INFO: [ view_parse ] --END-- [ RunTime:-0.004837s ]
INFO: [ view_filter ] --START--
INFO: Run ContentReplace Behavior [ RunTime:-0.043742s ]
INFO: Run TokenBuild Behavior [ RunTime:-0.044039s ]
INFO: Run WriteHtmlCache Behavior [ RunTime:-0.044130s ]
INFO: Run ShowRuntime Behavior [ RunTime:-0.044171s ]
INFO: [ view_filter ] --END-- [ RunTime:-0.022352s ]
INFO: [ view_end ] --START--
INFO: Run ShowPageTrace Behavior [ RunTime:-0.044383s ]
INFO: [ view_end ] --END-- [ RunTime:-0.022220s ]

[ 2013-04-21T11:17:34+08:00 ] 192.168.137.1 /apps/personal/index.php?s=/AddressList/userInfo/uid/2
ERR: [8] Use of undefined constant APP_DEBUG - assumed 'APP_DEBUG' /var/www/html/officeoa/define.inc.php 第 6 行.

[ 2013-04-21T11:17:35+08:00 ] 192.168.137.1 /apps/personal/index.php?s=/AddressList/index
INFO: [ route_check ] --START--
INFO: Run CheckRoute Behavior [ RunTime:0.000921s ]
INFO: [ route_check ] --END-- [ RunTime:0.001003s ]
INFO: [ app_begin ] --START--
INFO: Run ReadHtmlCache Behavior [ RunTime:-0.000334s ]
INFO: [ app_begin ] --END-- [ RunTime:0.000620s ]
INFO: [ view_template ] --START--
INFO: Run LocationTemplate Behavior [ RunTime:-0.013358s ]
INFO: [ view_template ] --END-- [ RunTime:0.000517s ]
INFO: [ view_parse ] --START--
ERR: [8] Use of undefined constant personal - assumed 'personal' /var/www/html/officeoa/Runtime/personal/Cache/65052d6189b36d2476ce37bc350cf356.php 第 181 行.
ERR: [8] Use of undefined constant info - assumed 'info' /var/www/html/officeoa/Runtime/personal/Cache/65052d6189b36d2476ce37bc350cf356.php 第 197 行.
ERR: [8] Use of undefined constant UserInfo - assumed 'UserInfo' /var/www/html/officeoa/Runtime/personal/Cache/65052d6189b36d2476ce37bc350cf356.php 第 289 行.
ERR: [8] Use of undefined constant AddressList - assumed 'AddressList' /var/www/html/officeoa/Runtime/personal/Cache/65052d6189b36d2476ce37bc350cf356.php 第 290 行.
ERR: [8] Use of undefined constant Working - assumed 'Working' /var/www/html/officeoa/Runtime/personal/Cache/65052d6189b36d2476ce37bc350cf356.php 第 291 行.
INFO: Run ParseTemplate Behavior [ RunTime:-0.013887s ]
INFO: [ view_parse ] --END-- [ RunTime:0.030632s ]
INFO: [ view_filter ] --START--
INFO: Run ContentReplace Behavior [ RunTime:-0.044576s ]
INFO: Run TokenBuild Behavior [ RunTime:-0.045149s ]
INFO: Run WriteHtmlCache Behavior [ RunTime:-0.045700s ]
INFO: Run ShowRuntime Behavior [ RunTime:-0.045909s ]
INFO: [ view_filter ] --END-- [ RunTime:0.001914s ]
INFO: [ view_end ] --START--
INFO: Run ShowPageTrace Behavior [ RunTime:-0.046569s ]
INFO: [ view_end ] --END-- [ RunTime:0.000605s ]

[ 2013-04-21T11:17:35+08:00 ] 192.168.137.1 /apps/personal/index.php?s=/AddressList/index
ERR: [8] Use of undefined constant APP_DEBUG - assumed 'APP_DEBUG' /var/www/html/officeoa/define.inc.php 第 6 行.

[ 2013-04-21T11:17:38+08:00 ] 192.168.137.1 /apps/personal/index.php?s=/AddressList/userInfo/uid/2
INFO: [ route_check ] --START--
INFO: Run CheckRoute Behavior [ RunTime:0.000858s ]
INFO: [ route_check ] --END-- [ RunTime:0.000996s ]
INFO: [ app_begin ] --START--
INFO: Run ReadHtmlCache Behavior [ RunTime:-0.000657s ]
INFO: [ app_begin ] --END-- [ RunTime:0.001185s ]
INFO: [ view_template ] --START--
INFO: Run LocationTemplate Behavior [ RunTime:-0.010293s ]
INFO: [ view_template ] --END-- [ RunTime:0.000442s ]
INFO: [ view_parse ] --START--
INFO: Run ParseTemplate Behavior [ RunTime:-0.010778s ]
INFO: [ view_parse ] --END-- [ RunTime:0.010609s ]
INFO: [ view_filter ] --START--
INFO: Run ContentReplace Behavior [ RunTime:-0.021442s ]
INFO: Run TokenBuild Behavior [ RunTime:-0.021898s ]
INFO: Run WriteHtmlCache Behavior [ RunTime:-0.022301s ]
INFO: Run ShowRuntime Behavior [ RunTime:-0.022511s ]
INFO: [ view_filter ] --END-- [ RunTime:0.001623s ]
INFO: [ view_end ] --START--
INFO: Run ShowPageTrace Behavior [ RunTime:-0.023177s ]
INFO: [ view_end ] --END-- [ RunTime:0.000722s ]
INFO: [ view_template ] --START--
INFO: Run LocationTemplate Behavior [ RunTime:-0.026007s ]
INFO: [ view_template ] --END-- [ RunTime:-0.015254s ]
INFO: [ view_parse ] --START--
ERR: [8] Use of undefined constant personal - assumed 'personal' /var/www/html/officeoa/Runtime/personal/Cache/550b33056a680161b95ed9e030db9777.php 第 181 行.
ERR: [8] Use of undefined constant info - assumed 'info' /var/www/html/officeoa/Runtime/personal/Cache/550b33056a680161b95ed9e030db9777.php 第 197 行.
ERR: [8] Use of undefined constant UserInfo - assumed 'UserInfo' /var/www/html/officeoa/Runtime/personal/Cache/550b33056a680161b95ed9e030db9777.php 第 289 行.
ERR: [8] Use of undefined constant AddressList - assumed 'AddressList' /var/www/html/officeoa/Runtime/personal/Cache/550b33056a680161b95ed9e030db9777.php 第 290 行.
ERR: [8] Use of undefined constant Working - assumed 'Working' /var/www/html/officeoa/Runtime/personal/Cache/550b33056a680161b95ed9e030db9777.php 第 291 行.
INFO: Run ParseTemplate Behavior [ RunTime:-0.026252s ]
INFO: [ view_parse ] --END-- [ RunTime:-0.004828s ]
INFO: [ view_filter ] --START--
INFO: Run ContentReplace Behavior [ RunTime:-0.043852s ]
INFO: Run TokenBuild Behavior [ RunTime:-0.044234s ]
INFO: Run WriteHtmlCache Behavior [ RunTime:-0.044328s ]
INFO: Run ShowRuntime Behavior [ RunTime:-0.044367s ]
INFO: [ view_filter ] --END-- [ RunTime:-0.020772s ]
INFO: [ view_end ] --START--
INFO: Run ShowPageTrace Behavior [ RunTime:-0.044621s ]
INFO: [ view_end ] --END-- [ RunTime:-0.020724s ]

[ 2013-04-21T11:17:38+08:00 ] 192.168.137.1 /apps/personal/index.php?s=/AddressList/userInfo/uid/2
ERR: [8] Use of undefined constant APP_DEBUG - assumed 'APP_DEBUG' /var/www/html/officeoa/define.inc.php 第 6 行.

[ 2013-04-21T11:17:39+08:00 ] 192.168.137.1 /apps/personal/index.php?s=/AddressList/index
INFO: [ route_check ] --START--
INFO: Run CheckRoute Behavior [ RunTime:0.000966s ]
INFO: [ route_check ] --END-- [ RunTime:0.001049s ]
INFO: [ app_begin ] --START--
INFO: Run ReadHtmlCache Behavior [ RunTime:-0.000375s ]
INFO: [ app_begin ] --END-- [ RunTime:0.000600s ]
INFO: [ view_template ] --START--
INFO: Run LocationTemplate Behavior [ RunTime:-0.014948s ]
INFO: [ view_template ] --END-- [ RunTime:0.000489s ]
INFO: [ view_parse ] --START--
ERR: [8] Use of undefined constant personal - assumed 'personal' /var/www/html/officeoa/Runtime/personal/Cache/65052d6189b36d2476ce37bc350cf356.php 第 181 行.
ERR: [8] Use of undefined constant info - assumed 'info' /var/www/html/officeoa/Runtime/personal/Cache/65052d6189b36d2476ce37bc350cf356.php 第 197 行.
ERR: [8] Use of undefined constant UserInfo - assumed 'UserInfo' /var/www/html/officeoa/Runtime/personal/Cache/65052d6189b36d2476ce37bc350cf356.php 第 289 行.
ERR: [8] Use of undefined constant AddressList - assumed 'AddressList' /var/www/html/officeoa/Runtime/personal/Cache/65052d6189b36d2476ce37bc350cf356.php 第 290 行.
ERR: [8] Use of undefined constant Working - assumed 'Working' /var/www/html/officeoa/Runtime/personal/Cache/65052d6189b36d2476ce37bc350cf356.php 第 291 行.
INFO: Run ParseTemplate Behavior [ RunTime:-0.015479s ]
INFO: [ view_parse ] --END-- [ RunTime:0.027615s ]
INFO: [ view_filter ] --START--
INFO: Run ContentReplace Behavior [ RunTime:-0.043150s ]
INFO: Run TokenBuild Behavior [ RunTime:-0.044180s ]
INFO: Run WriteHtmlCache Behavior [ RunTime:-0.044852s ]
INFO: Run ShowRuntime Behavior [ RunTime:-0.045083s ]
INFO: [ view_filter ] --END-- [ RunTime:0.002585s ]
INFO: [ view_end ] --START--
INFO: Run ShowPageTrace Behavior [ RunTime:-0.045838s ]
INFO: [ view_end ] --END-- [ RunTime:0.000647s ]

[ 2013-04-21T11:17:39+08:00 ] 192.168.137.1 /apps/personal/index.php?s=/AddressList/index
ERR: [8] Use of undefined constant APP_DEBUG - assumed 'APP_DEBUG' /var/www/html/officeoa/define.inc.php 第 6 行.

[ 2013-04-21T11:17:56+08:00 ] 192.168.137.1 /apps/personal/index.php?s=/AddressList/index
INFO: [ route_check ] --START--
INFO: Run CheckRoute Behavior [ RunTime:0.001004s ]
INFO: [ route_check ] --END-- [ RunTime:0.001090s ]
INFO: [ app_begin ] --START--
INFO: Run ReadHtmlCache Behavior [ RunTime:-0.000364s ]
INFO: [ app_begin ] --END-- [ RunTime:0.000670s ]
INFO: [ view_template ] --START--
INFO: Run LocationTemplate Behavior [ RunTime:-0.016409s ]
INFO: [ view_template ] --END-- [ RunTime:0.000650s ]
INFO: [ view_parse ] --START--
ERR: [8] Use of undefined constant personal - assumed 'personal' /var/www/html/officeoa/Runtime/personal/Cache/65052d6189b36d2476ce37bc350cf356.php 第 181 行.
ERR: [8] Use of undefined constant info - assumed 'info' /var/www/html/officeoa/Runtime/personal/Cache/65052d6189b36d2476ce37bc350cf356.php 第 197 行.
ERR: [8] Use of undefined constant UserInfo - assumed 'UserInfo' /var/www/html/officeoa/Runtime/personal/Cache/65052d6189b36d2476ce37bc350cf356.php 第 289 行.
ERR: [8] Use of undefined constant AddressList - assumed 'AddressList' /var/www/html/officeoa/Runtime/personal/Cache/65052d6189b36d2476ce37bc350cf356.php 第 290 行.
ERR: [8] Use of undefined constant Working - assumed 'Working' /var/www/html/officeoa/Runtime/personal/Cache/65052d6189b36d2476ce37bc350cf356.php 第 291 行.
INFO: Run ParseTemplate Behavior [ RunTime:-0.016992s ]
INFO: [ view_parse ] --END-- [ RunTime:0.034296s ]
INFO: [ view_filter ] --START--
INFO: Run ContentReplace Behavior [ RunTime:-0.051364s ]
INFO: Run TokenBuild Behavior [ RunTime:-0.052072s ]
INFO: Run WriteHtmlCache Behavior [ RunTime:-0.052535s ]
INFO: Run ShowRuntime Behavior [ RunTime:-0.052780s ]
INFO: [ view_filter ] --END-- [ RunTime:0.002078s ]
INFO: [ view_end ] --START--
INFO: Run ShowPageTrace Behavior [ RunTime:-0.053516s ]
INFO: [ view_end ] --END-- [ RunTime:0.000680s ]

[ 2013-04-21T11:17:56+08:00 ] 192.168.137.1 /apps/personal/index.php?s=/AddressList/index
ERR: [8] Use of undefined constant APP_DEBUG - assumed 'APP_DEBUG' /var/www/html/officeoa/define.inc.php 第 6 行.

[ 2013-04-21T11:18:01+08:00 ] 192.168.137.1 /apps/personal/index.php?s=/AddressList/userInfo/uid/2
INFO: [ route_check ] --START--
INFO: Run CheckRoute Behavior [ RunTime:0.000886s ]
INFO: [ route_check ] --END-- [ RunTime:0.000965s ]
INFO: [ app_begin ] --START--
INFO: Run ReadHtmlCache Behavior [ RunTime:-0.000433s ]
INFO: [ app_begin ] --END-- [ RunTime:0.000587s ]
INFO: [ view_template ] --START--
INFO: Run LocationTemplate Behavior [ RunTime:-0.010314s ]
INFO: [ view_template ] --END-- [ RunTime:0.000447s ]
INFO: [ view_parse ] --START--
INFO: Run ParseTemplate Behavior [ RunTime:-0.010810s ]
INFO: [ view_parse ] --END-- [ RunTime:0.012831s ]
INFO: [ view_filter ] --START--
INFO: Run ContentReplace Behavior [ RunTime:-0.024431s ]
INFO: Run TokenBuild Behavior [ RunTime:-0.024954s ]
INFO: Run WriteHtmlCache Behavior [ RunTime:-0.025387s ]
INFO: Run ShowRuntime Behavior [ RunTime:-0.025796s ]
INFO: [ view_filter ] --END-- [ RunTime:0.002692s ]
INFO: [ view_end ] --START--
INFO: Run ShowPageTrace Behavior [ RunTime:-0.026456s ]
INFO: [ view_end ] --END-- [ RunTime:0.000862s ]
ERR: [8] Use of undefined constant APP_DEBUG - assumed 'APP_DEBUG' /var/www/html/officeoa/define.inc.php 第 6 行.

[ 2013-04-21T11:19:16+08:00 ] 192.168.137.1 /apps/personal/index.php?s=/Working/index
INFO: [ route_check ] --START--
INFO: Run CheckRoute Behavior [ RunTime:0.000961s ]
INFO: [ route_check ] --END-- [ RunTime:0.001077s ]
INFO: [ app_begin ] --START--
INFO: Run ReadHtmlCache Behavior [ RunTime:-0.000381s ]
INFO: [ app_begin ] --END-- [ RunTime:0.000625s ]
INFO: [ view_template ] --START--
INFO: Run LocationTemplate Behavior [ RunTime:-0.020368s ]
INFO: [ view_template ] --END-- [ RunTime:0.000516s ]
INFO: [ view_parse ] --START--
ERR: [8] Use of undefined constant personal - assumed 'personal' /var/www/html/officeoa/Runtime/personal/Cache/5e616c16b7ccde8581882f24ac853bf4.php 第 181 行.
ERR: [8] Use of undefined constant info - assumed 'info' /var/www/html/officeoa/Runtime/personal/Cache/5e616c16b7ccde8581882f24ac853bf4.php 第 197 行.
ERR: [8] Use of undefined constant UserInfo - assumed 'UserInfo' /var/www/html/officeoa/Runtime/personal/Cache/5e616c16b7ccde8581882f24ac853bf4.php 第 295 行.
ERR: [8] Use of undefined constant AddressList - assumed 'AddressList' /var/www/html/officeoa/Runtime/personal/Cache/5e616c16b7ccde8581882f24ac853bf4.php 第 296 行.
ERR: [8] Use of undefined constant Working - assumed 'Working' /var/www/html/officeoa/Runtime/personal/Cache/5e616c16b7ccde8581882f24ac853bf4.php 第 297 行.
INFO: Run ParseTemplate Behavior [ RunTime:-0.020961s ]
INFO: [ view_parse ] --END-- [ RunTime:0.031482s ]
INFO: [ view_filter ] --START--
INFO: Run ContentReplace Behavior [ RunTime:-0.052472s ]
INFO: Run TokenBuild Behavior [ RunTime:-0.053386s ]
INFO: Run WriteHtmlCache Behavior [ RunTime:-0.053984s ]
INFO: Run ShowRuntime Behavior [ RunTime:-0.054295s ]
INFO: [ view_filter ] --END-- [ RunTime:0.002489s ]
INFO: [ view_end ] --START--
INFO: Run ShowPageTrace Behavior [ RunTime:-0.055215s ]
INFO: [ view_end ] --END-- [ RunTime:0.000971s ]

[ 2013-04-21T11:19:16+08:00 ] 192.168.137.1 /apps/personal/index.php?s=/Working/index
ERR: [8] Use of undefined constant APP_DEBUG - assumed 'APP_DEBUG' /var/www/html/officeoa/define.inc.php 第 6 行.

[ 2013-04-21T11:19:16+08:00 ] 192.168.137.1 /apps/personal/index.php?s=/Working/event&start=1364659200&end=1368288000&_=1366514363153
INFO: [ route_check ] --START--
INFO: Run CheckRoute Behavior [ RunTime:0.001051s ]
INFO: [ route_check ] --END-- [ RunTime:0.001148s ]
INFO: [ app_begin ] --START--
INFO: Run ReadHtmlCache Behavior [ RunTime:-0.000323s ]
INFO: [ app_begin ] --END-- [ RunTime:0.000608s ]

[ 2013-04-21T11:19:16+08:00 ] 192.168.137.1 /apps/personal/index.php?s=/Working/event&start=1364659200&end=1368288000&_=1366514363153
ERR: [8] Use of undefined constant APP_DEBUG - assumed 'APP_DEBUG' /var/www/html/officeoa/define.inc.php 第 6 行.

[ 2013-04-21T11:19:24+08:00 ] 192.168.137.1 /apps/personal/index.php?s=/Working/event&start=1364659200&end=1368288000&_=1366514371415
INFO: [ route_check ] --START--
INFO: Run CheckRoute Behavior [ RunTime:0.001109s ]
INFO: [ route_check ] --END-- [ RunTime:0.001270s ]
INFO: [ app_begin ] --START--
INFO: Run ReadHtmlCache Behavior [ RunTime:-0.000440s ]
INFO: [ app_begin ] --END-- [ RunTime:0.000683s ]

[ 2013-04-21T11:19:24+08:00 ] 192.168.137.1 /apps/personal/index.php?s=/Working/event&start=1364659200&end=1368288000&_=1366514371415
ERR: [8] Use of undefined constant APP_DEBUG - assumed 'APP_DEBUG' /var/www/html/officeoa/define.inc.php 第 6 行.

[ 2013-04-21T11:22:12+08:00 ] 192.168.137.1 /apps/personal/index.php?s=/Working/index
INFO: [ route_check ] --START--
INFO: Run CheckRoute Behavior [ RunTime:0.001779s ]
INFO: [ route_check ] --END-- [ RunTime:0.001878s ]
INFO: [ app_begin ] --START--
INFO: Run ReadHtmlCache Behavior [ RunTime:-0.000347s ]
INFO: [ app_begin ] --END-- [ RunTime:0.000846s ]
INFO: [ view_template ] --START--
INFO: Run LocationTemplate Behavior [ RunTime:-0.009423s ]
INFO: [ view_template ] --END-- [ RunTime:0.000559s ]
INFO: [ view_parse ] --START--
ERR: [8] Use of undefined constant personal - assumed 'personal' /var/www/html/officeoa/Runtime/personal/Cache/5e616c16b7ccde8581882f24ac853bf4.php 第 181 行.
ERR: [8] Use of undefined constant info - assumed 'info' /var/www/html/officeoa/Runtime/personal/Cache/5e616c16b7ccde8581882f24ac853bf4.php 第 197 行.
ERR: [8] Use of undefined constant UserInfo - assumed 'UserInfo' /var/www/html/officeoa/Runtime/personal/Cache/5e616c16b7ccde8581882f24ac853bf4.php 第 295 行.
ERR: [8] Use of undefined constant AddressList - assumed 'AddressList' /var/www/html/officeoa/Runtime/personal/Cache/5e616c16b7ccde8581882f24ac853bf4.php 第 296 行.
ERR: [8] Use of undefined constant Working - assumed 'Working' /var/www/html/officeoa/Runtime/personal/Cache/5e616c16b7ccde8581882f24ac853bf4.php 第 297 行.
INFO: Run ParseTemplate Behavior [ RunTime:-0.010095s ]
INFO: [ view_parse ] --END-- [ RunTime:0.026946s ]
INFO: [ view_filter ] --START--
INFO: Run ContentReplace Behavior [ RunTime:-0.037089s ]
INFO: Run TokenBuild Behavior [ RunTime:-0.037992s ]
INFO: Run WriteHtmlCache Behavior [ RunTime:-0.038424s ]
INFO: Run ShowRuntime Behavior [ RunTime:-0.038637s ]
INFO: [ view_filter ] --END-- [ RunTime:0.002088s ]
INFO: [ view_end ] --START--
INFO: Run ShowPageTrace Behavior [ RunTime:-0.039292s ]
INFO: [ view_end ] --END-- [ RunTime:0.000678s ]

[ 2013-04-21T11:22:12+08:00 ] 192.168.137.1 /apps/personal/index.php?s=/Working/index
ERR: [8] Use of undefined constant APP_DEBUG - assumed 'APP_DEBUG' /var/www/html/officeoa/define.inc.php 第 6 行.

[ 2013-04-21T11:22:12+08:00 ] 192.168.137.1 /apps/personal/index.php?s=/Working/event&start=1364659200&end=1368288000&_=1366514539602
INFO: [ route_check ] --START--
INFO: Run CheckRoute Behavior [ RunTime:0.001080s ]
INFO: [ route_check ] --END-- [ RunTime:0.001163s ]
INFO: [ app_begin ] --START--
INFO: Run ReadHtmlCache Behavior [ RunTime:-0.000296s ]
INFO: [ app_begin ] --END-- [ RunTime:0.000660s ]

[ 2013-04-21T11:22:12+08:00 ] 192.168.137.1 /apps/personal/index.php?s=/Working/event&start=1364659200&end=1368288000&_=1366514539602
ERR: [8] Use of undefined constant APP_DEBUG - assumed 'APP_DEBUG' /var/www/html/officeoa/define.inc.php 第 6 行.

[ 2013-04-21T11:22:19+08:00 ] 192.168.137.1 /apps/personal/index.php?s=/Working/event&start=1364659200&end=1368288000&_=1366514546143
INFO: [ route_check ] --START--
INFO: Run CheckRoute Behavior [ RunTime:0.000952s ]
INFO: [ route_check ] --END-- [ RunTime:0.001053s ]
INFO: [ app_begin ] --START--
INFO: Run ReadHtmlCache Behavior [ RunTime:-0.000307s ]
INFO: [ app_begin ] --END-- [ RunTime:0.000649s ]

[ 2013-04-21T11:22:19+08:00 ] 192.168.137.1 /apps/personal/index.php?s=/Working/event&start=1364659200&end=1368288000&_=1366514546143
ERR: [8] Use of undefined constant APP_DEBUG - assumed 'APP_DEBUG' /var/www/html/officeoa/define.inc.php 第 6 行.

[ 2013-04-21T12:27:13+08:00 ] 192.168.137.1 /apps/personal/index.php?s=/UserInfo/index
INFO: [ route_check ] --START--
INFO: Run CheckRoute Behavior [ RunTime:0.001731s ]
INFO: [ route_check ] --END-- [ RunTime:0.002079s ]
INFO: [ app_begin ] --START--
INFO: Run ReadHtmlCache Behavior [ RunTime:-0.000977s ]
INFO: [ app_begin ] --END-- [ RunTime:0.000896s ]
INFO: [ view_template ] --START--
INFO: Run LocationTemplate Behavior [ RunTime:-0.032052s ]
INFO: [ view_template ] --END-- [ RunTime:0.000829s ]
INFO: [ view_parse ] --START--
ERR: [8] Use of undefined constant personal - assumed 'personal' /var/www/html/officeoa/Runtime/personal/Cache/94a574c5f9bf91d0f128e72ff107d23a.php 第 181 行.
ERR: [8] Use of undefined constant info - assumed 'info' /var/www/html/officeoa/Runtime/personal/Cache/94a574c5f9bf91d0f128e72ff107d23a.php 第 197 行.
ERR: [8] Use of undefined constant UserInfo - assumed 'UserInfo' /var/www/html/officeoa/Runtime/personal/Cache/94a574c5f9bf91d0f128e72ff107d23a.php 第 289 行.
ERR: [8] Use of undefined constant AddressList - assumed 'AddressList' /var/www/html/officeoa/Runtime/personal/Cache/94a574c5f9bf91d0f128e72ff107d23a.php 第 290 行.
ERR: [8] Use of undefined constant Working - assumed 'Working' /var/www/html/officeoa/Runtime/personal/Cache/94a574c5f9bf91d0f128e72ff107d23a.php 第 291 行.
INFO: Run ParseTemplate Behavior [ RunTime:-0.032949s ]
INFO: [ view_parse ] --END-- [ RunTime:0.038837s ]
INFO: [ view_filter ] --START--
INFO: Run ContentReplace Behavior [ RunTime:-0.071819s ]
INFO: Run TokenBuild Behavior [ RunTime:-0.072612s ]
INFO: Run WriteHtmlCache Behavior [ RunTime:-0.073135s ]
INFO: Run ShowRuntime Behavior [ RunTime:-0.073497s ]
INFO: [ view_filter ] --END-- [ RunTime:0.002356s ]
INFO: [ view_end ] --START--
INFO: Run ShowPageTrace Behavior [ RunTime:-0.074484s ]
INFO: [ view_end ] --END-- [ RunTime:0.000840s ]

[ 2013-04-21T12:27:13+08:00 ] 192.168.137.1 /apps/personal/index.php?s=/UserInfo/index
ERR: [8] Use of undefined constant APP_DEBUG - assumed 'APP_DEBUG' /var/www/html/officeoa/define.inc.php 第 6 行.

[ 2013-04-21T12:27:17+08:00 ] 192.168.137.1 /apps/personal/index.php?s=/AddressList/index
INFO: [ route_check ] --START--
INFO: Run CheckRoute Behavior [ RunTime:0.001600s ]
INFO: [ route_check ] --END-- [ RunTime:0.001785s ]
INFO: [ app_begin ] --START--
INFO: Run ReadHtmlCache Behavior [ RunTime:-0.000601s ]
INFO: [ app_begin ] --END-- [ RunTime:0.000866s ]
INFO: [ view_template ] --START--
INFO: Run LocationTemplate Behavior [ RunTime:-0.016760s ]
INFO: [ view_template ] --END-- [ RunTime:0.000880s ]
INFO: [ view_parse ] --START--
ERR: [8] Use of undefined constant personal - assumed 'personal' /var/www/html/officeoa/Runtime/personal/Cache/65052d6189b36d2476ce37bc350cf356.php 第 181 行.
ERR: [8] Use of undefined constant info - assumed 'info' /var/www/html/officeoa/Runtime/personal/Cache/65052d6189b36d2476ce37bc350cf356.php 第 197 行.
ERR: [8] Use of undefined constant UserInfo - assumed 'UserInfo' /var/www/html/officeoa/Runtime/personal/Cache/65052d6189b36d2476ce37bc350cf356.php 第 289 行.
ERR: [8] Use of undefined constant AddressList - assumed 'AddressList' /var/www/html/officeoa/Runtime/personal/Cache/65052d6189b36d2476ce37bc350cf356.php 第 290 行.
ERR: [8] Use of undefined constant Working - assumed 'Working' /var/www/html/officeoa/Runtime/personal/Cache/65052d6189b36d2476ce37bc350cf356.php 第 291 行.
INFO: Run ParseTemplate Behavior [ RunTime:-0.017665s ]
INFO: [ view_parse ] --END-- [ RunTime:0.031578s ]
INFO: [ view_filter ] --START--
INFO: Run ContentReplace Behavior [ RunTime:-0.049254s ]
INFO: Run TokenBuild Behavior [ RunTime:-0.050000s ]
INFO: Run WriteHtmlCache Behavior [ RunTime:-0.050464s ]
INFO: Run ShowRuntime Behavior [ RunTime:-0.050696s ]
INFO: [ view_filter ] --END-- [ RunTime:0.002114s ]
INFO: [ view_end ] --START--
INFO: Run ShowPageTrace Behavior [ RunTime:-0.051484s ]
INFO: [ view_end ] --END-- [ RunTime:0.000683s ]

[ 2013-04-21T12:27:17+08:00 ] 192.168.137.1 /apps/personal/index.php?s=/AddressList/index
ERR: [8] Use of undefined constant APP_DEBUG - assumed 'APP_DEBUG' /var/www/html/officeoa/define.inc.php 第 6 行.

[ 2013-04-21T12:27:24+08:00 ] 192.168.137.1 /apps/personal/index.php?s=/Working/index
INFO: [ route_check ] --START--
INFO: Run CheckRoute Behavior [ RunTime:0.001193s ]
INFO: [ route_check ] --END-- [ RunTime:0.001418s ]
INFO: [ app_begin ] --START--
INFO: Run ReadHtmlCache Behavior [ RunTime:-0.000476s ]
INFO: [ app_begin ] --END-- [ RunTime:0.000720s ]
INFO: [ view_template ] --START--
INFO: Run LocationTemplate Behavior [ RunTime:-0.012364s ]
INFO: [ view_template ] --END-- [ RunTime:0.000595s ]
INFO: [ view_parse ] --START--
ERR: [8] Use of undefined constant personal - assumed 'personal' /var/www/html/officeoa/Runtime/personal/Cache/5e616c16b7ccde8581882f24ac853bf4.php 第 181 行.
ERR: [8] Use of undefined constant info - assumed 'info' /var/www/html/officeoa/Runtime/personal/Cache/5e616c16b7ccde8581882f24ac853bf4.php 第 197 行.
ERR: [8] Use of undefined constant UserInfo - assumed 'UserInfo' /var/www/html/officeoa/Runtime/personal/Cache/5e616c16b7ccde8581882f24ac853bf4.php 第 295 行.
ERR: [8] Use of undefined constant AddressList - assumed 'AddressList' /var/www/html/officeoa/Runtime/personal/Cache/5e616c16b7ccde8581882f24ac853bf4.php 第 296 行.
ERR: [8] Use of undefined constant Working - assumed 'Working' /var/www/html/officeoa/Runtime/personal/Cache/5e616c16b7ccde8581882f24ac853bf4.php 第 297 行.
INFO: Run ParseTemplate Behavior [ RunTime:-0.013028s ]
INFO: [ view_parse ] --END-- [ RunTime:0.051961s ]
INFO: [ view_filter ] --START--
INFO: Run ContentReplace Behavior [ RunTime:-0.065027s ]
INFO: Run TokenBuild Behavior [ RunTime:-0.066059s ]
INFO: Run WriteHtmlCache Behavior [ RunTime:-0.066586s ]
INFO: Run ShowRuntime Behavior [ RunTime:-0.066897s ]
INFO: [ view_filter ] --END-- [ RunTime:0.002431s ]
INFO: [ view_end ] --START--
INFO: Run ShowPageTrace Behavior [ RunTime:-0.067611s ]
INFO: [ view_end ] --END-- [ RunTime:0.000671s ]

[ 2013-04-21T12:27:24+08:00 ] 192.168.137.1 /apps/personal/index.php?s=/Working/index
ERR: [8] Use of undefined constant APP_DEBUG - assumed 'APP_DEBUG' /var/www/html/officeoa/define.inc.php 第 6 行.

[ 2013-04-21T12:27:25+08:00 ] 192.168.137.1 /apps/personal/index.php?s=/Working/event&start=1364659200&end=1368288000&_=1366518452075
INFO: [ route_check ] --START--
INFO: Run CheckRoute Behavior [ RunTime:0.003025s ]
INFO: [ route_check ] --END-- [ RunTime:0.003138s ]
INFO: [ app_begin ] --START--
INFO: Run ReadHtmlCache Behavior [ RunTime:-0.000924s ]
INFO: [ app_begin ] --END-- [ RunTime:0.000808s ]

[ 2013-04-21T12:27:25+08:00 ] 192.168.137.1 /apps/personal/index.php?s=/Working/event&start=1364659200&end=1368288000&_=1366518452075
ERR: [8] Use of undefined constant APP_DEBUG - assumed 'APP_DEBUG' /var/www/html/officeoa/define.inc.php 第 6 行.

[ 2013-04-21T12:33:56+08:00 ] 192.168.137.1 /apps/personal/index.php?s=/UserInfo/index
INFO: [ route_check ] --START--
INFO: Run CheckRoute Behavior [ RunTime:0.001027s ]
INFO: [ route_check ] --END-- [ RunTime:0.001122s ]
INFO: [ app_begin ] --START--
INFO: Run ReadHtmlCache Behavior [ RunTime:-0.000517s ]
INFO: [ app_begin ] --END-- [ RunTime:0.000679s ]
INFO: [ view_template ] --START--
INFO: Run LocationTemplate Behavior [ RunTime:-0.012884s ]
INFO: [ view_template ] --END-- [ RunTime:0.000558s ]
INFO: [ view_parse ] --START--
ERR: [8] Use of undefined constant personal - assumed 'personal' /var/www/html/officeoa/Runtime/personal/Cache/94a574c5f9bf91d0f128e72ff107d23a.php 第 181 行.
ERR: [8] Use of undefined constant info - assumed 'info' /var/www/html/officeoa/Runtime/personal/Cache/94a574c5f9bf91d0f128e72ff107d23a.php 第 197 行.
ERR: [8] Use of undefined constant UserInfo - assumed 'UserInfo' /var/www/html/officeoa/Runtime/personal/Cache/94a574c5f9bf91d0f128e72ff107d23a.php 第 289 行.
ERR: [8] Use of undefined constant AddressList - assumed 'AddressList' /var/www/html/officeoa/Runtime/personal/Cache/94a574c5f9bf91d0f128e72ff107d23a.php 第 290 行.
ERR: [8] Use of undefined constant Working - assumed 'Working' /var/www/html/officeoa/Runtime/personal/Cache/94a574c5f9bf91d0f128e72ff107d23a.php 第 291 行.
INFO: Run ParseTemplate Behavior [ RunTime:-0.013486s ]
INFO: [ view_parse ] --END-- [ RunTime:0.029218s ]
INFO: [ view_filter ] --START--
INFO: Run ContentReplace Behavior [ RunTime:-0.042785s ]
INFO: Run TokenBuild Behavior [ RunTime:-0.043575s ]
INFO: Run WriteHtmlCache Behavior [ RunTime:-0.044105s ]
INFO: Run ShowRuntime Behavior [ RunTime:-0.044720s ]
INFO: [ view_filter ] --END-- [ RunTime:0.002577s ]
INFO: [ view_end ] --START--
INFO: Run ShowPageTrace Behavior [ RunTime:-0.045449s ]
INFO: [ view_end ] --END-- [ RunTime:0.002888s ]

[ 2013-04-21T12:33:56+08:00 ] 192.168.137.1 /apps/personal/index.php?s=/UserInfo/index
ERR: [8] Use of undefined constant APP_DEBUG - assumed 'APP_DEBUG' /var/www/html/officeoa/define.inc.php 第 6 行.

[ 2013-04-21T12:33:58+08:00 ] 192.168.137.1 /apps/personal/index.php?s=/AddressList/index
INFO: [ route_check ] --START--
INFO: Run CheckRoute Behavior [ RunTime:0.001570s ]
INFO: [ route_check ] --END-- [ RunTime:0.001874s ]
INFO: [ app_begin ] --START--
INFO: Run ReadHtmlCache Behavior [ RunTime:-0.001094s ]
INFO: [ app_begin ] --END-- [ RunTime:0.001400s ]
INFO: [ view_template ] --START--
INFO: Run LocationTemplate Behavior [ RunTime:-0.030461s ]
INFO: [ view_template ] --END-- [ RunTime:0.001239s ]
INFO: [ view_parse ] --START--
ERR: [8] Use of undefined constant personal - assumed 'personal' /var/www/html/officeoa/Runtime/personal/Cache/65052d6189b36d2476ce37bc350cf356.php 第 181 行.
ERR: [8] Use of undefined constant info - assumed 'info' /var/www/html/officeoa/Runtime/personal/Cache/65052d6189b36d2476ce37bc350cf356.php 第 197 行.
ERR: [8] Use of undefined constant UserInfo - assumed 'UserInfo' /var/www/html/officeoa/Runtime/personal/Cache/65052d6189b36d2476ce37bc350cf356.php 第 289 行.
ERR: [8] Use of undefined constant AddressList - assumed 'AddressList' /var/www/html/officeoa/Runtime/personal/Cache/65052d6189b36d2476ce37bc350cf356.php 第 290 行.
ERR: [8] Use of undefined constant Working - assumed 'Working' /var/www/html/officeoa/Runtime/personal/Cache/65052d6189b36d2476ce37bc350cf356.php 第 291 行.
INFO: Run ParseTemplate Behavior [ RunTime:-0.031698s ]
INFO: [ view_parse ] --END-- [ RunTime:0.065518s ]
INFO: [ view_filter ] --START--
INFO: Run ContentReplace Behavior [ RunTime:-0.097923s ]
INFO: Run TokenBuild Behavior [ RunTime:-0.099770s ]
INFO: Run WriteHtmlCache Behavior [ RunTime:-0.101037s ]
INFO: Run ShowRuntime Behavior [ RunTime:-0.101556s ]
INFO: [ view_filter ] --END-- [ RunTime:0.005038s ]
INFO: [ view_end ] --START--
INFO: Run ShowPageTrace Behavior [ RunTime:-0.102628s ]
INFO: [ view_end ] --END-- [ RunTime:0.000828s ]

[ 2013-04-21T12:33:58+08:00 ] 192.168.137.1 /apps/personal/index.php?s=/AddressList/index
ERR: [8] Use of undefined constant APP_DEBUG - assumed 'APP_DEBUG' /var/www/html/officeoa/define.inc.php 第 6 行.

[ 2013-04-21T12:34:05+08:00 ] 192.168.137.1 /apps/personal/index.php?s=/AddressList/searchbyDept
INFO: [ route_check ] --START--
INFO: Run CheckRoute Behavior [ RunTime:0.001900s ]
INFO: [ route_check ] --END-- [ RunTime:0.002060s ]
INFO: [ app_begin ] --START--
INFO: Run ReadHtmlCache Behavior [ RunTime:-0.000517s ]
INFO: [ app_begin ] --END-- [ RunTime:0.001475s ]
ERR: [2] Invalid argument supplied for foreach() /var/www/html/officeoa/apps/personal/Lib/Action/AddressListAction.class.php 第 64 行.

[ 2013-04-21T12:34:05+08:00 ] 192.168.137.1 /apps/personal/index.php?s=/AddressList/searchbyDept
ERR: [8] Use of undefined constant APP_DEBUG - assumed 'APP_DEBUG' /var/www/html/officeoa/define.inc.php 第 6 行.

[ 2013-04-21T12:34:50+08:00 ] 192.168.137.1 /apps/personal/index.php?s=/AddressList/searchbyDept
INFO: [ route_check ] --START--
INFO: Run CheckRoute Behavior [ RunTime:0.001241s ]
INFO: [ route_check ] --END-- [ RunTime:0.001390s ]
INFO: [ app_begin ] --START--
INFO: Run ReadHtmlCache Behavior [ RunTime:-0.000512s ]
INFO: [ app_begin ] --END-- [ RunTime:0.000701s ]

[ 2013-04-21T12:34:50+08:00 ] 192.168.137.1 /apps/personal/index.php?s=/AddressList/searchbyDept
ERR: [8] Use of undefined constant APP_DEBUG - assumed 'APP_DEBUG' /var/www/html/officeoa/define.inc.php 第 6 行.

[ 2013-04-21T12:40:10+08:00 ] 192.168.137.1 /apps/personal/index.php?s=/UserInfo/index
INFO: [ route_check ] --START--
INFO: Run CheckRoute Behavior [ RunTime:0.001019s ]
INFO: [ route_check ] --END-- [ RunTime:0.001186s ]
INFO: [ app_begin ] --START--
INFO: Run ReadHtmlCache Behavior [ RunTime:-0.000324s ]
INFO: [ app_begin ] --END-- [ RunTime:0.000667s ]
INFO: [ view_template ] --START--
INFO: Run LocationTemplate Behavior [ RunTime:-0.029334s ]
INFO: [ view_template ] --END-- [ RunTime:0.000466s ]
INFO: [ view_parse ] --START--
ERR: [8] Use of undefined constant personal - assumed 'personal' /var/www/html/officeoa/Runtime/personal/Cache/94a574c5f9bf91d0f128e72ff107d23a.php 第 181 行.
ERR: [8] Use of undefined constant info - assumed 'info' /var/www/html/officeoa/Runtime/personal/Cache/94a574c5f9bf91d0f128e72ff107d23a.php 第 197 行.
ERR: [8] Use of undefined constant UserInfo - assumed 'UserInfo' /var/www/html/officeoa/Runtime/personal/Cache/94a574c5f9bf91d0f128e72ff107d23a.php 第 289 行.
ERR: [8] Use of undefined constant AddressList - assumed 'AddressList' /var/www/html/officeoa/Runtime/personal/Cache/94a574c5f9bf91d0f128e72ff107d23a.php 第 290 行.
ERR: [8] Use of undefined constant Working - assumed 'Working' /var/www/html/officeoa/Runtime/personal/Cache/94a574c5f9bf91d0f128e72ff107d23a.php 第 291 行.
INFO: Run ParseTemplate Behavior [ RunTime:-0.029843s ]
INFO: [ view_parse ] --END-- [ RunTime:0.026484s ]
INFO: [ view_filter ] --START--
INFO: Run ContentReplace Behavior [ RunTime:-0.056385s ]
INFO: Run TokenBuild Behavior [ RunTime:-0.057378s ]
INFO: Run WriteHtmlCache Behavior [ RunTime:-0.058284s ]
INFO: Run ShowRuntime Behavior [ RunTime:-0.058690s ]
INFO: [ view_filter ] --END-- [ RunTime:0.003100s ]
INFO: [ view_end ] --START--
INFO: Run ShowPageTrace Behavior [ RunTime:-0.059570s ]
INFO: [ view_end ] --END-- [ RunTime:0.000721s ]

[ 2013-04-21T12:40:10+08:00 ] 192.168.137.1 /apps/personal/index.php?s=/UserInfo/index
ERR: [8] Use of undefined constant APP_DEBUG - assumed 'APP_DEBUG' /var/www/html/officeoa/define.inc.php 第 6 行.

[ 2013-04-21T12:40:12+08:00 ] 192.168.137.1 /apps/personal/index.php?s=/AddressList/index
INFO: [ route_check ] --START--
INFO: Run CheckRoute Behavior [ RunTime:0.001352s ]
INFO: [ route_check ] --END-- [ RunTime:0.001440s ]
INFO: [ app_begin ] --START--
INFO: Run ReadHtmlCache Behavior [ RunTime:-0.000379s ]
INFO: [ app_begin ] --END-- [ RunTime:0.000622s ]
INFO: [ view_template ] --START--
INFO: Run LocationTemplate Behavior [ RunTime:-0.015532s ]
INFO: [ view_template ] --END-- [ RunTime:0.000513s ]
INFO: [ view_parse ] --START--
ERR: [8] Use of undefined constant personal - assumed 'personal' /var/www/html/officeoa/Runtime/personal/Cache/65052d6189b36d2476ce37bc350cf356.php 第 181 行.
ERR: [8] Use of undefined constant info - assumed 'info' /var/www/html/officeoa/Runtime/personal/Cache/65052d6189b36d2476ce37bc350cf356.php 第 197 行.
ERR: [8] Use of undefined constant UserInfo - assumed 'UserInfo' /var/www/html/officeoa/Runtime/personal/Cache/65052d6189b36d2476ce37bc350cf356.php 第 289 行.
ERR: [8] Use of undefined constant AddressList - assumed 'AddressList' /var/www/html/officeoa/Runtime/personal/Cache/65052d6189b36d2476ce37bc350cf356.php 第 290 行.
ERR: [8] Use of undefined constant Working - assumed 'Working' /var/www/html/officeoa/Runtime/personal/Cache/65052d6189b36d2476ce37bc350cf356.php 第 291 行.
INFO: Run ParseTemplate Behavior [ RunTime:-0.016086s ]
INFO: [ view_parse ] --END-- [ RunTime:0.028163s ]
INFO: [ view_filter ] --START--
INFO: Run ContentReplace Behavior [ RunTime:-0.044307s ]
INFO: Run TokenBuild Behavior [ RunTime:-0.044914s ]
INFO: Run WriteHtmlCache Behavior [ RunTime:-0.045374s ]
INFO: Run ShowRuntime Behavior [ RunTime:-0.045614s ]
INFO: [ view_filter ] --END-- [ RunTime:0.001835s ]
INFO: [ view_end ] --START--
INFO: Run ShowPageTrace Behavior [ RunTime:-0.046304s ]
INFO: [ view_end ] --END-- [ RunTime:0.000648s ]

[ 2013-04-21T12:40:12+08:00 ] 192.168.137.1 /apps/personal/index.php?s=/AddressList/index
ERR: [8] Use of undefined constant APP_DEBUG - assumed 'APP_DEBUG' /var/www/html/officeoa/define.inc.php 第 6 行.

[ 2013-04-21T14:25:04+08:00 ] 192.168.137.1 /apps/personal/index.php/AddressList/userInfo/uid/1
INFO: [ route_check ] --START--
INFO: Run CheckRoute Behavior [ RunTime:0.000892s ]
INFO: [ route_check ] --END-- [ RunTime:0.000973s ]
INFO: [ app_begin ] --START--
INFO: Run ReadHtmlCache Behavior [ RunTime:-0.000395s ]
INFO: [ app_begin ] --END-- [ RunTime:0.000590s ]
ERR: [8] Use of undefined constant APP_DEBUG - assumed 'APP_DEBUG' /var/www/html/officeoa/define.inc.php 第 6 行.

[ 2013-04-21T14:25:04+08:00 ] 192.168.137.1 /apps/personal/index.php?s=/UserInfo/index
INFO: [ route_check ] --START--
INFO: Run CheckRoute Behavior [ RunTime:0.000991s ]
INFO: [ route_check ] --END-- [ RunTime:0.001085s ]
INFO: [ app_begin ] --START--
INFO: Run ReadHtmlCache Behavior [ RunTime:-0.000385s ]
INFO: [ app_begin ] --END-- [ RunTime:0.000738s ]
INFO: [ view_template ] --START--
INFO: Run LocationTemplate Behavior [ RunTime:-0.011929s ]
INFO: [ view_template ] --END-- [ RunTime:0.000563s ]
INFO: [ view_parse ] --START--
ERR: [8] Use of undefined constant personal - assumed 'personal' /var/www/html/officeoa/Runtime/personal/Cache/94a574c5f9bf91d0f128e72ff107d23a.php 第 181 行.
ERR: [8] Use of undefined constant info - assumed 'info' /var/www/html/officeoa/Runtime/personal/Cache/94a574c5f9bf91d0f128e72ff107d23a.php 第 197 行.
ERR: [8] Use of undefined constant UserInfo - assumed 'UserInfo' /var/www/html/officeoa/Runtime/personal/Cache/94a574c5f9bf91d0f128e72ff107d23a.php 第 289 行.
ERR: [8] Use of undefined constant AddressList - assumed 'AddressList' /var/www/html/officeoa/Runtime/personal/Cache/94a574c5f9bf91d0f128e72ff107d23a.php 第 290 行.
ERR: [8] Use of undefined constant Working - assumed 'Working' /var/www/html/officeoa/Runtime/personal/Cache/94a574c5f9bf91d0f128e72ff107d23a.php 第 291 行.
INFO: Run ParseTemplate Behavior [ RunTime:-0.012538s ]
INFO: [ view_parse ] --END-- [ RunTime:0.028055s ]
INFO: [ view_filter ] --START--
INFO: Run ContentReplace Behavior [ RunTime:-0.040693s ]
INFO: Run TokenBuild Behavior [ RunTime:-0.041329s ]
INFO: Run WriteHtmlCache Behavior [ RunTime:-0.041774s ]
INFO: Run ShowRuntime Behavior [ RunTime:-0.042009s ]
INFO: [ view_filter ] --END-- [ RunTime:0.002041s ]
INFO: [ view_end ] --START--
INFO: Run ShowPageTrace Behavior [ RunTime:-0.042846s ]
INFO: [ view_end ] --END-- [ RunTime:0.000691s ]

[ 2013-04-21T14:25:04+08:00 ] 192.168.137.1 /apps/personal/index.php?s=/UserInfo/index
ERR: [8] Use of undefined constant APP_DEBUG - assumed 'APP_DEBUG' /var/www/html/officeoa/define.inc.php 第 6 行.

[ 2013-04-21T14:25:08+08:00 ] 192.168.137.1 /apps/personal/index.php/AddressList/userInfo/uid/2
INFO: [ route_check ] --START--
INFO: Run CheckRoute Behavior [ RunTime:0.001121s ]
INFO: [ route_check ] --END-- [ RunTime:0.001225s ]
INFO: [ app_begin ] --START--
INFO: Run ReadHtmlCache Behavior [ RunTime:-0.000371s ]
INFO: [ app_begin ] --END-- [ RunTime:0.000649s ]
INFO: [ view_template ] --START--
INFO: Run LocationTemplate Behavior [ RunTime:-0.013095s ]
INFO: [ view_template ] --END-- [ RunTime:0.000649s ]
INFO: [ view_parse ] --START--
ERR: [8] Use of undefined constant personal - assumed 'personal' /var/www/html/officeoa/Runtime/personal/Cache/550b33056a680161b95ed9e030db9777.php 第 181 行.
ERR: [8] Use of undefined constant info - assumed 'info' /var/www/html/officeoa/Runtime/personal/Cache/550b33056a680161b95ed9e030db9777.php 第 197 行.
ERR: [8] Use of undefined constant UserInfo - assumed 'UserInfo' /var/www/html/officeoa/Runtime/personal/Cache/550b33056a680161b95ed9e030db9777.php 第 289 行.
ERR: [8] Use of undefined constant AddressList - assumed 'AddressList' /var/www/html/officeoa/Runtime/personal/Cache/550b33056a680161b95ed9e030db9777.php 第 290 行.
ERR: [8] Use of undefined constant Working - assumed 'Working' /var/www/html/officeoa/Runtime/personal/Cache/550b33056a680161b95ed9e030db9777.php 第 291 行.
INFO: Run ParseTemplate Behavior [ RunTime:-0.013779s ]
INFO: [ view_parse ] --END-- [ RunTime:0.023842s ]
INFO: [ view_filter ] --START--
INFO: Run ContentReplace Behavior [ RunTime:-0.037710s ]
INFO: Run TokenBuild Behavior [ RunTime:-0.038547s ]
INFO: Run WriteHtmlCache Behavior [ RunTime:-0.039005s ]
INFO: Run ShowRuntime Behavior [ RunTime:-0.039250s ]
INFO: [ view_filter ] --END-- [ RunTime:0.002108s ]
INFO: [ view_end ] --START--
INFO: Run ShowPageTrace Behavior [ RunTime:-0.039896s ]
INFO: [ view_end ] --END-- [ RunTime:0.000677s ]

[ 2013-04-21T14:25:08+08:00 ] 192.168.137.1 /apps/personal/index.php/AddressList/userInfo/uid/2
ERR: [8] Use of undefined constant APP_DEBUG - assumed 'APP_DEBUG' /var/www/html/officeoa/define.inc.php 第 6 行.

[ 2013-04-21T14:29:50+08:00 ] 192.168.137.1 /apps/personal/index.php?s=/AddressList/search
INFO: [ route_check ] --START--
INFO: Run CheckRoute Behavior [ RunTime:0.000945s ]
INFO: [ route_check ] --END-- [ RunTime:0.001088s ]
INFO: [ app_begin ] --START--
INFO: Run ReadHtmlCache Behavior [ RunTime:-0.000382s ]
INFO: [ app_begin ] --END-- [ RunTime:0.000617s ]

[ 2013-04-21T14:29:50+08:00 ] 192.168.137.1 /apps/personal/index.php?s=/AddressList/search
ERR: [8] Use of undefined constant APP_DEBUG - assumed 'APP_DEBUG' /var/www/html/officeoa/define.inc.php 第 6 行.

[ 2013-04-21T14:29:55+08:00 ] 192.168.137.1 /apps/personal/index.php?s=/AddressList/search
INFO: [ route_check ] --START--
INFO: Run CheckRoute Behavior [ RunTime:0.001013s ]
INFO: [ route_check ] --END-- [ RunTime:0.001137s ]
INFO: [ app_begin ] --START--
INFO: Run ReadHtmlCache Behavior [ RunTime:-0.000389s ]
INFO: [ app_begin ] --END-- [ RunTime:0.000640s ]

[ 2013-04-21T14:29:55+08:00 ] 192.168.137.1 /apps/personal/index.php?s=/AddressList/search
ERR: [8] Use of undefined constant APP_DEBUG - assumed 'APP_DEBUG' /var/www/html/officeoa/define.inc.php 第 6 行.

[ 2013-04-21T14:34:16+08:00 ] 192.168.137.1 /apps/personal/index.php?s=/AddressList/searchbyDept
INFO: [ route_check ] --START--
INFO: Run CheckRoute Behavior [ RunTime:0.001108s ]
INFO: [ route_check ] --END-- [ RunTime:0.001210s ]
INFO: [ app_begin ] --START--
INFO: Run ReadHtmlCache Behavior [ RunTime:-0.000384s ]
INFO: [ app_begin ] --END-- [ RunTime:0.001037s ]
ERR: [2] Invalid argument supplied for foreach() /var/www/html/officeoa/apps/personal/Lib/Action/AddressListAction.class.php 第 64 行.

[ 2013-04-21T14:34:16+08:00 ] 192.168.137.1 /apps/personal/index.php?s=/AddressList/searchbyDept
ERR: [8] Use of undefined constant APP_DEBUG - assumed 'APP_DEBUG' /var/www/html/officeoa/define.inc.php 第 6 行.

[ 2013-04-21T14:34:18+08:00 ] 192.168.137.1 /apps/personal/index.php?s=/AddressList/searchbyDept
INFO: [ route_check ] --START--
INFO: Run CheckRoute Behavior [ RunTime:0.001237s ]
INFO: [ route_check ] --END-- [ RunTime:0.001326s ]
INFO: [ app_begin ] --START--
INFO: Run ReadHtmlCache Behavior [ RunTime:-0.000403s ]
INFO: [ app_begin ] --END-- [ RunTime:0.000742s ]
ERR: [2] Invalid argument supplied for foreach() /var/www/html/officeoa/apps/personal/Lib/Action/AddressListAction.class.php 第 64 行.

[ 2013-04-21T14:34:18+08:00 ] 192.168.137.1 /apps/personal/index.php?s=/AddressList/searchbyDept
ERR: [8] Use of undefined constant APP_DEBUG - assumed 'APP_DEBUG' /var/www/html/officeoa/define.inc.php 第 6 行.

[ 2013-04-21T14:34:19+08:00 ] 192.168.137.1 /apps/personal/index.php?s=/AddressList/searchbyDept
INFO: [ route_check ] --START--
INFO: Run CheckRoute Behavior [ RunTime:0.001023s ]
INFO: [ route_check ] --END-- [ RunTime:0.001157s ]
INFO: [ app_begin ] --START--
INFO: Run ReadHtmlCache Behavior [ RunTime:-0.000469s ]
INFO: [ app_begin ] --END-- [ RunTime:0.000756s ]
ERR: [2] Invalid argument supplied for foreach() /var/www/html/officeoa/apps/personal/Lib/Action/AddressListAction.class.php 第 64 行.

[ 2013-04-21T14:34:19+08:00 ] 192.168.137.1 /apps/personal/index.php?s=/AddressList/searchbyDept
ERR: [8] Use of undefined constant APP_DEBUG - assumed 'APP_DEBUG' /var/www/html/officeoa/define.inc.php 第 6 行.

[ 2013-04-21T14:34:21+08:00 ] 192.168.137.1 /apps/personal/index.php?s=/AddressList/searchbyDept
INFO: [ route_check ] --START--
INFO: Run CheckRoute Behavior [ RunTime:0.000924s ]
INFO: [ route_check ] --END-- [ RunTime:0.001010s ]
INFO: [ app_begin ] --START--
INFO: Run ReadHtmlCache Behavior [ RunTime:-0.000293s ]
INFO: [ app_begin ] --END-- [ RunTime:0.000654s ]
ERR: [2] Invalid argument supplied for foreach() /var/www/html/officeoa/apps/personal/Lib/Action/AddressListAction.class.php 第 64 行.

[ 2013-04-21T14:34:21+08:00 ] 192.168.137.1 /apps/personal/index.php?s=/AddressList/searchbyDept
ERR: [8] Use of undefined constant APP_DEBUG - assumed 'APP_DEBUG' /var/www/html/officeoa/define.inc.php 第 6 行.

[ 2013-04-21T14:34:23+08:00 ] 192.168.137.1 /apps/personal/index.php?s=/AddressList/searchbyDept
INFO: [ route_check ] --START--
INFO: Run CheckRoute Behavior [ RunTime:0.001140s ]
INFO: [ route_check ] --END-- [ RunTime:0.001279s ]
INFO: [ app_begin ] --START--
INFO: Run ReadHtmlCache Behavior [ RunTime:-0.000470s ]
INFO: [ app_begin ] --END-- [ RunTime:0.000719s ]
ERR: [2] Invalid argument supplied for foreach() /var/www/html/officeoa/apps/personal/Lib/Action/AddressListAction.class.php 第 64 行.

[ 2013-04-21T14:34:23+08:00 ] 192.168.137.1 /apps/personal/index.php?s=/AddressList/searchbyDept
ERR: [8] Use of undefined constant APP_DEBUG - assumed 'APP_DEBUG' /var/www/html/officeoa/define.inc.php 第 6 行.

[ 2013-04-21T14:34:25+08:00 ] 192.168.137.1 /apps/personal/index.php?s=/AddressList/searchbyDept
INFO: [ route_check ] --START--
INFO: Run CheckRoute Behavior [ RunTime:0.002021s ]
INFO: [ route_check ] --END-- [ RunTime:0.002204s ]
INFO: [ app_begin ] --START--
INFO: Run ReadHtmlCache Behavior [ RunTime:-0.000934s ]
INFO: [ app_begin ] --END-- [ RunTime:0.001478s ]

[ 2013-04-21T14:34:25+08:00 ] 192.168.137.1 /apps/personal/index.php?s=/AddressList/searchbyDept
ERR: [8] Use of undefined constant APP_DEBUG - assumed 'APP_DEBUG' /var/www/html/officeoa/define.inc.php 第 6 行.

[ 2013-04-21T17:53:35+08:00 ] 192.168.137.1 /apps/personal/index.php?s=/AddressList/userInfo/uid/2
INFO: [ route_check ] --START--
INFO: Run CheckRoute Behavior [ RunTime:0.001584s ]
INFO: [ route_check ] --END-- [ RunTime:0.001721s ]
INFO: [ app_begin ] --START--
INFO: Run ReadHtmlCache Behavior [ RunTime:-0.000411s ]
INFO: [ app_begin ] --END-- [ RunTime:0.000859s ]
INFO: [ view_template ] --START--
INFO: Run LocationTemplate Behavior [ RunTime:-0.014801s ]
INFO: [ view_template ] --END-- [ RunTime:0.000739s ]
INFO: [ view_parse ] --START--
ERR: [8] Use of undefined constant personal - assumed 'personal' /var/www/html/officeoa/Runtime/personal/Cache/550b33056a680161b95ed9e030db9777.php 第 181 行.
ERR: [8] Use of undefined constant info - assumed 'info' /var/www/html/officeoa/Runtime/personal/Cache/550b33056a680161b95ed9e030db9777.php 第 197 行.
ERR: [8] Use of undefined constant UserInfo - assumed 'UserInfo' /var/www/html/officeoa/Runtime/personal/Cache/550b33056a680161b95ed9e030db9777.php 第 289 行.
ERR: [8] Use of undefined constant AddressList - assumed 'AddressList' /var/www/html/officeoa/Runtime/personal/Cache/550b33056a680161b95ed9e030db9777.php 第 290 行.
ERR: [8] Use of undefined constant Working - assumed 'Working' /var/www/html/officeoa/Runtime/personal/Cache/550b33056a680161b95ed9e030db9777.php 第 291 行.
INFO: Run ParseTemplate Behavior [ RunTime:-0.015618s ]
INFO: [ view_parse ] --END-- [ RunTime:0.028284s ]
INFO: [ view_filter ] --START--
INFO: Run ContentReplace Behavior [ RunTime:-0.043951s ]
INFO: Run TokenBuild Behavior [ RunTime:-0.044620s ]
INFO: Run WriteHtmlCache Behavior [ RunTime:-0.045015s ]
INFO: Run ShowRuntime Behavior [ RunTime:-0.045355s ]
INFO: [ view_filter ] --END-- [ RunTime:0.002030s ]
INFO: [ view_end ] --START--
INFO: Run ShowPageTrace Behavior [ RunTime:-0.046130s ]
INFO: [ view_end ] --END-- [ RunTime:0.000666s ]

[ 2013-04-21T17:53:35+08:00 ] 192.168.137.1 /apps/personal/index.php?s=/AddressList/userInfo/uid/2
ERR: [8] Use of undefined constant APP_DEBUG - assumed 'APP_DEBUG' /var/www/html/officeoa/define.inc.php 第 6 行.

[ 2013-04-21T17:53:42+08:00 ] 192.168.137.1 /apps/personal/index.php?s=/AddressList/userInfo/uid/1
INFO: [ route_check ] --START--
INFO: Run CheckRoute Behavior [ RunTime:0.001021s ]
INFO: [ route_check ] --END-- [ RunTime:0.001308s ]
INFO: [ app_begin ] --START--
INFO: Run ReadHtmlCache Behavior [ RunTime:-0.000776s ]
INFO: [ app_begin ] --END-- [ RunTime:0.001148s ]
ERR: [8] Use of undefined constant APP_DEBUG - assumed 'APP_DEBUG' /var/www/html/officeoa/define.inc.php 第 6 行.

[ 2013-04-21T17:53:43+08:00 ] 192.168.137.1 /apps/personal/index.php?s=/UserInfo/index
INFO: [ route_check ] --START--
INFO: Run CheckRoute Behavior [ RunTime:0.000994s ]
INFO: [ route_check ] --END-- [ RunTime:0.001117s ]
INFO: [ app_begin ] --START--
INFO: Run ReadHtmlCache Behavior [ RunTime:-0.000386s ]
INFO: [ app_begin ] --END-- [ RunTime:0.000694s ]
INFO: [ view_template ] --START--
INFO: Run LocationTemplate Behavior [ RunTime:-0.012822s ]
INFO: [ view_template ] --END-- [ RunTime:0.000746s ]
INFO: [ view_parse ] --START--
ERR: [8] Use of undefined constant personal - assumed 'personal' /var/www/html/officeoa/Runtime/personal/Cache/94a574c5f9bf91d0f128e72ff107d23a.php 第 181 行.
ERR: [8] Use of undefined constant info - assumed 'info' /var/www/html/officeoa/Runtime/personal/Cache/94a574c5f9bf91d0f128e72ff107d23a.php 第 197 行.
ERR: [8] Use of undefined constant UserInfo - assumed 'UserInfo' /var/www/html/officeoa/Runtime/personal/Cache/94a574c5f9bf91d0f128e72ff107d23a.php 第 289 行.
ERR: [8] Use of undefined constant AddressList - assumed 'AddressList' /var/www/html/officeoa/Runtime/personal/Cache/94a574c5f9bf91d0f128e72ff107d23a.php 第 290 行.
ERR: [8] Use of undefined constant Working - assumed 'Working' /var/www/html/officeoa/Runtime/personal/Cache/94a574c5f9bf91d0f128e72ff107d23a.php 第 291 行.
INFO: Run ParseTemplate Behavior [ RunTime:-0.013628s ]
INFO: [ view_parse ] --END-- [ RunTime:0.027831s ]
INFO: [ view_filter ] --START--
INFO: Run ContentReplace Behavior [ RunTime:-0.041510s ]
INFO: Run TokenBuild Behavior [ RunTime:-0.042242s ]
INFO: Run WriteHtmlCache Behavior [ RunTime:-0.042800s ]
INFO: Run ShowRuntime Behavior [ RunTime:-0.043074s ]
INFO: [ view_filter ] --END-- [ RunTime:0.002212s ]
INFO: [ view_end ] --START--
INFO: Run ShowPageTrace Behavior [ RunTime:-0.043861s ]
INFO: [ view_end ] --END-- [ RunTime:0.000713s ]

[ 2013-04-21T17:53:43+08:00 ] 192.168.137.1 /apps/personal/index.php?s=/UserInfo/index
ERR: [8] Use of undefined constant APP_DEBUG - assumed 'APP_DEBUG' /var/www/html/officeoa/define.inc.php 第 6 行.

