[ 2013-04-17T10:45:25+08:00 ] 192.168.137.1 /apps/personal/index.php?s=/Working/index
INFO: [ route_check ] --START--
INFO: Run CheckRoute Behavior [ RunTime:0.001151s ]
INFO: [ route_check ] --END-- [ RunTime:0.001380s ]
INFO: [ app_begin ] --START--
INFO: Run ReadHtmlCache Behavior [ RunTime:-0.000561s ]
INFO: [ app_begin ] --END-- [ RunTime:0.000786s ]
INFO: [ view_template ] --START--
INFO: Run LocationTemplate Behavior [ RunTime:-0.025924s ]
INFO: [ view_template ] --END-- [ RunTime:0.006402s ]
INFO: [ view_parse ] --START--
ERR: [8] Use of undefined constant personal - assumed 'personal' /var/www/html/officeoa/Runtime/personal/Cache/5e616c16b7ccde8581882f24ac853bf4.php 第 181 行.
ERR: [8] Use of undefined constant UserInfo - assumed 'UserInfo' /var/www/html/officeoa/Runtime/personal/Cache/5e616c16b7ccde8581882f24ac853bf4.php 第 295 行.
ERR: [8] Use of undefined constant AddressList - assumed 'AddressList' /var/www/html/officeoa/Runtime/personal/Cache/5e616c16b7ccde8581882f24ac853bf4.php 第 296 行.
ERR: [8] Use of undefined constant Working - assumed 'Working' /var/www/html/officeoa/Runtime/personal/Cache/5e616c16b7ccde8581882f24ac853bf4.php 第 297 行.
INFO: Run ParseTemplate Behavior [ RunTime:-0.032405s ]
INFO: [ view_parse ] --END-- [ RunTime:0.029292s ]
INFO: [ view_filter ] --START--
INFO: Run ContentReplace Behavior [ RunTime:-0.061737s ]
INFO: Run TokenBuild Behavior [ RunTime:-0.062399s ]
INFO: Run WriteHtmlCache Behavior [ RunTime:-0.062845s ]
INFO: Run ShowRuntime Behavior [ RunTime:-0.063085s ]
INFO: [ view_filter ] --END-- [ RunTime:0.002124s ]
INFO: [ view_end ] --START--
INFO: Run ShowPageTrace Behavior [ RunTime:-0.063976s ]
INFO: [ view_end ] --END-- [ RunTime:0.000661s ]

[ 2013-04-17T10:45:25+08:00 ] 192.168.137.1 /apps/personal/index.php?s=/Working/index
ERR: [8] Use of undefined constant APP_DEBUG - assumed 'APP_DEBUG' /var/www/html/officeoa/define.inc.php 第 6 行.

[ 2013-04-17T10:45:26+08:00 ] 192.168.137.1 /apps/personal/index.php?s=/Working/index
INFO: [ route_check ] --START--
INFO: Run CheckRoute Behavior [ RunTime:0.001212s ]
INFO: [ route_check ] --END-- [ RunTime:0.001440s ]
INFO: [ app_begin ] --START--
INFO: Run ReadHtmlCache Behavior [ RunTime:-0.000825s ]
INFO: [ app_begin ] --END-- [ RunTime:0.000908s ]
INFO: [ view_template ] --START--
INFO: Run LocationTemplate Behavior [ RunTime:-0.012701s ]
INFO: [ view_template ] --END-- [ RunTime:0.000768s ]
INFO: [ view_parse ] --START--
ERR: [8] Use of undefined constant personal - assumed 'personal' /var/www/html/officeoa/Runtime/personal/Cache/5e616c16b7ccde8581882f24ac853bf4.php 第 181 行.
ERR: [8] Use of undefined constant UserInfo - assumed 'UserInfo' /var/www/html/officeoa/Runtime/personal/Cache/5e616c16b7ccde8581882f24ac853bf4.php 第 295 行.
ERR: [8] Use of undefined constant AddressList - assumed 'AddressList' /var/www/html/officeoa/Runtime/personal/Cache/5e616c16b7ccde8581882f24ac853bf4.php 第 296 行.
ERR: [8] Use of undefined constant Working - assumed 'Working' /var/www/html/officeoa/Runtime/personal/Cache/5e616c16b7ccde8581882f24ac853bf4.php 第 297 行.
INFO: Run ParseTemplate Behavior [ RunTime:-0.013518s ]
INFO: [ view_parse ] --END-- [ RunTime:0.023728s ]
INFO: [ view_filter ] --START--
INFO: Run ContentReplace Behavior [ RunTime:-0.037301s ]
INFO: Run TokenBuild Behavior [ RunTime:-0.037951s ]
INFO: Run WriteHtmlCache Behavior [ RunTime:-0.038389s ]
INFO: Run ShowRuntime Behavior [ RunTime:-0.038631s ]
INFO: [ view_filter ] --END-- [ RunTime:0.001948s ]
INFO: [ view_end ] --START--
INFO: Run ShowPageTrace Behavior [ RunTime:-0.039382s ]
INFO: [ view_end ] --END-- [ RunTime:0.000648s ]

[ 2013-04-17T10:45:26+08:00 ] 192.168.137.1 /apps/personal/index.php?s=/Working/index
ERR: [8] Use of undefined constant APP_DEBUG - assumed 'APP_DEBUG' /var/www/html/officeoa/define.inc.php 第 6 行.

[ 2013-04-17T10:45:27+08:00 ] 192.168.137.1 /apps/personal/index.php?s=/Working/event&start=1364659200&end=1368288000&_=1366166732946
INFO: [ route_check ] --START--
INFO: Run CheckRoute Behavior [ RunTime:0.002228s ]
INFO: [ route_check ] --END-- [ RunTime:0.002490s ]
INFO: [ app_begin ] --START--
INFO: Run ReadHtmlCache Behavior [ RunTime:-0.001094s ]
INFO: [ app_begin ] --END-- [ RunTime:0.000982s ]

[ 2013-04-17T10:45:27+08:00 ] 192.168.137.1 /apps/personal/index.php?s=/Working/event&start=1364659200&end=1368288000&_=1366166732946
ERR: [8] Use of undefined constant APP_DEBUG - assumed 'APP_DEBUG' /var/www/html/officeoa/define.inc.php 第 6 行.

[ 2013-04-17T14:05:14+08:00 ] 192.168.137.1 /apps/personal/index.php?s=/AddressList/index
INFO: [ route_check ] --START--
INFO: Run CheckRoute Behavior [ RunTime:0.000927s ]
INFO: [ route_check ] --END-- [ RunTime:0.001024s ]
INFO: [ app_begin ] --START--
INFO: Run ReadHtmlCache Behavior [ RunTime:-0.000314s ]
INFO: [ app_begin ] --END-- [ RunTime:0.000644s ]
INFO: [ view_template ] --START--
INFO: Run LocationTemplate Behavior [ RunTime:-0.038179s ]
INFO: [ view_template ] --END-- [ RunTime:0.015061s ]
INFO: [ view_parse ] --START--
ERR: [8] Use of undefined constant personal - assumed 'personal' /var/www/html/officeoa/Runtime/personal/Cache/65052d6189b36d2476ce37bc350cf356.php 第 181 行.
ERR: [8] Use of undefined constant UserInfo - assumed 'UserInfo' /var/www/html/officeoa/Runtime/personal/Cache/65052d6189b36d2476ce37bc350cf356.php 第 289 行.
ERR: [8] Use of undefined constant AddressList - assumed 'AddressList' /var/www/html/officeoa/Runtime/personal/Cache/65052d6189b36d2476ce37bc350cf356.php 第 290 行.
ERR: [8] Use of undefined constant Working - assumed 'Working' /var/www/html/officeoa/Runtime/personal/Cache/65052d6189b36d2476ce37bc350cf356.php 第 291 行.
INFO: Run ParseTemplate Behavior [ RunTime:-0.053255s ]
INFO: [ view_parse ] --END-- [ RunTime:0.027292s ]
INFO: [ view_filter ] --START--
INFO: Run ContentReplace Behavior [ RunTime:-0.080602s ]
INFO: Run TokenBuild Behavior [ RunTime:-0.081179s ]
INFO: Run WriteHtmlCache Behavior [ RunTime:-0.081838s ]
INFO: Run ShowRuntime Behavior [ RunTime:-0.082059s ]
INFO: [ view_filter ] --END-- [ RunTime:0.002053s ]
INFO: [ view_end ] --START--
INFO: Run ShowPageTrace Behavior [ RunTime:-0.082756s ]
INFO: [ view_end ] --END-- [ RunTime:0.000868s ]

[ 2013-04-17T14:05:14+08:00 ] 192.168.137.1 /apps/personal/index.php?s=/AddressList/index
ERR: [8] Use of undefined constant APP_DEBUG - assumed 'APP_DEBUG' /var/www/html/officeoa/define.inc.php 第 6 行.

[ 2013-04-17T15:42:00+08:00 ] 192.168.137.1 /apps/personal/index.php
INFO: [ app_begin ] --START--
INFO: Run ReadHtmlCache Behavior [ RunTime:0.000815s ]
INFO: [ app_begin ] --END-- [ RunTime:0.000909s ]
INFO: [ view_template ] --START--
INFO: Run LocationTemplate Behavior [ RunTime:-0.031008s ]
INFO: [ view_template ] --END-- [ RunTime:0.013933s ]
INFO: [ view_parse ] --START--
ERR: [8] Use of undefined constant personal - assumed 'personal' /var/www/html/officeoa/Runtime/personal/Cache/14daafa49c7257363b9a089ba2911dd0.php 第 181 行.
ERR: [8] Use of undefined constant UserInfo - assumed 'UserInfo' /var/www/html/officeoa/Runtime/personal/Cache/14daafa49c7257363b9a089ba2911dd0.php 第 288 行.
ERR: [8] Use of undefined constant AddressList - assumed 'AddressList' /var/www/html/officeoa/Runtime/personal/Cache/14daafa49c7257363b9a089ba2911dd0.php 第 289 行.
ERR: [8] Use of undefined constant Working - assumed 'Working' /var/www/html/officeoa/Runtime/personal/Cache/14daafa49c7257363b9a089ba2911dd0.php 第 290 行.
INFO: Run ParseTemplate Behavior [ RunTime:-0.044996s ]
INFO: [ view_parse ] --END-- [ RunTime:0.034983s ]
INFO: [ view_filter ] --START--
INFO: Run ContentReplace Behavior [ RunTime:-0.080032s ]
INFO: Run TokenBuild Behavior [ RunTime:-0.080628s ]
INFO: Run WriteHtmlCache Behavior [ RunTime:-0.081067s ]
INFO: Run ShowRuntime Behavior [ RunTime:-0.081572s ]
INFO: [ view_filter ] --END-- [ RunTime:0.002557s ]
INFO: [ view_end ] --START--
INFO: Run ShowPageTrace Behavior [ RunTime:-0.082671s ]
INFO: [ view_end ] --END-- [ RunTime:0.000792s ]

[ 2013-04-17T15:42:00+08:00 ] 192.168.137.1 /apps/personal/index.php
ERR: [8] Use of undefined constant APP_DEBUG - assumed 'APP_DEBUG' /var/www/html/officeoa/define.inc.php 第 6 行.

[ 2013-04-17T15:42:01+08:00 ] 192.168.137.1 /apps/personal/index.php?s=/UserInfo/index
INFO: [ route_check ] --START--
INFO: Run CheckRoute Behavior [ RunTime:0.001301s ]
INFO: [ route_check ] --END-- [ RunTime:0.001415s ]
INFO: [ app_begin ] --START--
INFO: Run ReadHtmlCache Behavior [ RunTime:-0.000363s ]
INFO: [ app_begin ] --END-- [ RunTime:0.000646s ]
INFO: [ view_template ] --START--
INFO: Run LocationTemplate Behavior [ RunTime:-0.034347s ]
INFO: [ view_template ] --END-- [ RunTime:0.025592s ]
INFO: [ view_parse ] --START--
ERR: [8] Use of undefined constant personal - assumed 'personal' /var/www/html/officeoa/Runtime/personal/Cache/94a574c5f9bf91d0f128e72ff107d23a.php 第 181 行.
ERR: [8] Use of undefined constant UserInfo - assumed 'UserInfo' /var/www/html/officeoa/Runtime/personal/Cache/94a574c5f9bf91d0f128e72ff107d23a.php 第 289 行.
ERR: [8] Use of undefined constant AddressList - assumed 'AddressList' /var/www/html/officeoa/Runtime/personal/Cache/94a574c5f9bf91d0f128e72ff107d23a.php 第 290 行.
ERR: [8] Use of undefined constant Working - assumed 'Working' /var/www/html/officeoa/Runtime/personal/Cache/94a574c5f9bf91d0f128e72ff107d23a.php 第 291 行.
INFO: Run ParseTemplate Behavior [ RunTime:-0.059997s ]
INFO: [ view_parse ] --END-- [ RunTime:0.028761s ]
INFO: [ view_filter ] --START--
INFO: Run ContentReplace Behavior [ RunTime:-0.088815s ]
INFO: Run TokenBuild Behavior [ RunTime:-0.089425s ]
INFO: Run WriteHtmlCache Behavior [ RunTime:-0.089976s ]
INFO: Run ShowRuntime Behavior [ RunTime:-0.090288s ]
INFO: [ view_filter ] --END-- [ RunTime:0.002150s ]
INFO: [ view_end ] --START--
INFO: Run ShowPageTrace Behavior [ RunTime:-0.091068s ]
INFO: [ view_end ] --END-- [ RunTime:0.000785s ]

[ 2013-04-17T15:42:01+08:00 ] 192.168.137.1 /apps/personal/index.php?s=/UserInfo/index
ERR: [8] Use of undefined constant APP_DEBUG - assumed 'APP_DEBUG' /var/www/html/officeoa/define.inc.php 第 6 行.

[ 2013-04-17T15:47:14+08:00 ] 192.168.137.1 /apps/personal/index.php?s=/AddressList/index
INFO: [ route_check ] --START--
INFO: Run CheckRoute Behavior [ RunTime:0.001003s ]
INFO: [ route_check ] --END-- [ RunTime:0.001115s ]
INFO: [ app_begin ] --START--
INFO: Run ReadHtmlCache Behavior [ RunTime:-0.000391s ]
INFO: [ app_begin ] --END-- [ RunTime:0.000646s ]
INFO: [ view_template ] --START--
INFO: Run LocationTemplate Behavior [ RunTime:-0.035247s ]
INFO: [ view_template ] --END-- [ RunTime:0.000601s ]
INFO: [ view_parse ] --START--
ERR: [8] Use of undefined constant personal - assumed 'personal' /var/www/html/officeoa/Runtime/personal/Cache/65052d6189b36d2476ce37bc350cf356.php 第 181 行.
ERR: [8] Use of undefined constant UserInfo - assumed 'UserInfo' /var/www/html/officeoa/Runtime/personal/Cache/65052d6189b36d2476ce37bc350cf356.php 第 289 行.
ERR: [8] Use of undefined constant AddressList - assumed 'AddressList' /var/www/html/officeoa/Runtime/personal/Cache/65052d6189b36d2476ce37bc350cf356.php 第 290 行.
ERR: [8] Use of undefined constant Working - assumed 'Working' /var/www/html/officeoa/Runtime/personal/Cache/65052d6189b36d2476ce37bc350cf356.php 第 291 行.
INFO: Run ParseTemplate Behavior [ RunTime:-0.035831s ]
INFO: [ view_parse ] --END-- [ RunTime:0.028615s ]
INFO: [ view_filter ] --START--
INFO: Run ContentReplace Behavior [ RunTime:-0.064492s ]
INFO: Run TokenBuild Behavior [ RunTime:-0.065139s ]
INFO: Run WriteHtmlCache Behavior [ RunTime:-0.065547s ]
INFO: Run ShowRuntime Behavior [ RunTime:-0.065819s ]
INFO: [ view_filter ] --END-- [ RunTime:0.001882s ]
INFO: [ view_end ] --START--
INFO: Run ShowPageTrace Behavior [ RunTime:-0.066450s ]
INFO: [ view_end ] --END-- [ RunTime:0.000652s ]

[ 2013-04-17T15:47:14+08:00 ] 192.168.137.1 /apps/personal/index.php?s=/AddressList/index
ERR: [8] Use of undefined constant APP_DEBUG - assumed 'APP_DEBUG' /var/www/html/officeoa/define.inc.php 第 6 行.

[ 2013-04-17T17:10:12+08:00 ] 192.168.137.1 /apps/personal/index.php?s=/AddressList/index
INFO: [ route_check ] --START--
INFO: Run CheckRoute Behavior [ RunTime:0.000930s ]
INFO: [ route_check ] --END-- [ RunTime:0.001015s ]
INFO: [ app_begin ] --START--
INFO: Run ReadHtmlCache Behavior [ RunTime:-0.000347s ]
INFO: [ app_begin ] --END-- [ RunTime:0.000653s ]
INFO: [ view_template ] --START--
INFO: Run LocationTemplate Behavior [ RunTime:-0.018064s ]
INFO: [ view_template ] --END-- [ RunTime:0.000675s ]
INFO: [ view_parse ] --START--
ERR: [8] Use of undefined constant personal - assumed 'personal' /var/www/html/officeoa/Runtime/personal/Cache/65052d6189b36d2476ce37bc350cf356.php 第 181 行.
ERR: [8] Use of undefined constant UserInfo - assumed 'UserInfo' /var/www/html/officeoa/Runtime/personal/Cache/65052d6189b36d2476ce37bc350cf356.php 第 289 行.
ERR: [8] Use of undefined constant AddressList - assumed 'AddressList' /var/www/html/officeoa/Runtime/personal/Cache/65052d6189b36d2476ce37bc350cf356.php 第 290 行.
ERR: [8] Use of undefined constant Working - assumed 'Working' /var/www/html/officeoa/Runtime/personal/Cache/65052d6189b36d2476ce37bc350cf356.php 第 291 行.
INFO: Run ParseTemplate Behavior [ RunTime:-0.018741s ]
INFO: [ view_parse ] --END-- [ RunTime:0.053766s ]
INFO: [ view_filter ] --START--
INFO: Run ContentReplace Behavior [ RunTime:-0.072555s ]
INFO: Run TokenBuild Behavior [ RunTime:-0.073312s ]
INFO: Run WriteHtmlCache Behavior [ RunTime:-0.073711s ]
INFO: Run ShowRuntime Behavior [ RunTime:-0.074017s ]
INFO: [ view_filter ] --END-- [ RunTime:0.002039s ]
INFO: [ view_end ] --START--
INFO: Run ShowPageTrace Behavior [ RunTime:-0.074668s ]
INFO: [ view_end ] --END-- [ RunTime:0.000722s ]

[ 2013-04-17T17:10:12+08:00 ] 192.168.137.1 /apps/personal/index.php?s=/AddressList/index
ERR: [8] Use of undefined constant APP_DEBUG - assumed 'APP_DEBUG' /var/www/html/officeoa/define.inc.php 第 6 行.

[ 2013-04-17T17:10:14+08:00 ] 192.168.137.1 /apps/personal/index.php?s=/AddressList/userInfo/uid/1
INFO: [ route_check ] --START--
INFO: Run CheckRoute Behavior [ RunTime:0.000866s ]
INFO: [ route_check ] --END-- [ RunTime:0.001256s ]
INFO: [ app_begin ] --START--
INFO: Run ReadHtmlCache Behavior [ RunTime:-0.000637s ]
INFO: [ app_begin ] --END-- [ RunTime:0.000621s ]
ERR: [8] Use of undefined constant APP_DEBUG - assumed 'APP_DEBUG' /var/www/html/officeoa/define.inc.php 第 6 行.

[ 2013-04-17T17:10:14+08:00 ] 192.168.137.1 /apps/personal/index.php?s=/UserInfo/index
INFO: [ route_check ] --START--
INFO: Run CheckRoute Behavior [ RunTime:0.001389s ]
INFO: [ route_check ] --END-- [ RunTime:0.001577s ]
INFO: [ app_begin ] --START--
INFO: Run ReadHtmlCache Behavior [ RunTime:-0.000646s ]
INFO: [ app_begin ] --END-- [ RunTime:0.001283s ]
INFO: [ view_template ] --START--
INFO: Run LocationTemplate Behavior [ RunTime:-0.013547s ]
INFO: [ view_template ] --END-- [ RunTime:0.000713s ]
INFO: [ view_parse ] --START--
ERR: [8] Use of undefined constant personal - assumed 'personal' /var/www/html/officeoa/Runtime/personal/Cache/94a574c5f9bf91d0f128e72ff107d23a.php 第 181 行.
ERR: [8] Use of undefined constant UserInfo - assumed 'UserInfo' /var/www/html/officeoa/Runtime/personal/Cache/94a574c5f9bf91d0f128e72ff107d23a.php 第 289 行.
ERR: [8] Use of undefined constant AddressList - assumed 'AddressList' /var/www/html/officeoa/Runtime/personal/Cache/94a574c5f9bf91d0f128e72ff107d23a.php 第 290 行.
ERR: [8] Use of undefined constant Working - assumed 'Working' /var/www/html/officeoa/Runtime/personal/Cache/94a574c5f9bf91d0f128e72ff107d23a.php 第 291 行.
INFO: Run ParseTemplate Behavior [ RunTime:-0.014256s ]
INFO: [ view_parse ] --END-- [ RunTime:0.026505s ]
INFO: [ view_filter ] --START--
INFO: Run ContentReplace Behavior [ RunTime:-0.040809s ]
INFO: Run TokenBuild Behavior [ RunTime:-0.041479s ]
INFO: Run WriteHtmlCache Behavior [ RunTime:-0.041905s ]
INFO: Run ShowRuntime Behavior [ RunTime:-0.042135s ]
INFO: [ view_filter ] --END-- [ RunTime:0.001894s ]
INFO: [ view_end ] --START--
INFO: Run ShowPageTrace Behavior [ RunTime:-0.042853s ]
INFO: [ view_end ] --END-- [ RunTime:0.000648s ]

[ 2013-04-17T17:10:14+08:00 ] 192.168.137.1 /apps/personal/index.php?s=/UserInfo/index
ERR: [8] Use of undefined constant APP_DEBUG - assumed 'APP_DEBUG' /var/www/html/officeoa/define.inc.php 第 6 行.

[ 2013-04-17T17:10:17+08:00 ] 192.168.137.1 /apps/personal/index.php?s=/AddressList/index
INFO: [ route_check ] --START--
INFO: Run CheckRoute Behavior [ RunTime:0.001257s ]
INFO: [ route_check ] --END-- [ RunTime:0.001450s ]
INFO: [ app_begin ] --START--
INFO: Run ReadHtmlCache Behavior [ RunTime:-0.000624s ]
INFO: [ app_begin ] --END-- [ RunTime:0.001450s ]
INFO: [ view_template ] --START--
INFO: Run LocationTemplate Behavior [ RunTime:-0.015892s ]
INFO: [ view_template ] --END-- [ RunTime:0.000738s ]
INFO: [ view_parse ] --START--
ERR: [8] Use of undefined constant personal - assumed 'personal' /var/www/html/officeoa/Runtime/personal/Cache/65052d6189b36d2476ce37bc350cf356.php 第 181 行.
ERR: [8] Use of undefined constant UserInfo - assumed 'UserInfo' /var/www/html/officeoa/Runtime/personal/Cache/65052d6189b36d2476ce37bc350cf356.php 第 289 行.
ERR: [8] Use of undefined constant AddressList - assumed 'AddressList' /var/www/html/officeoa/Runtime/personal/Cache/65052d6189b36d2476ce37bc350cf356.php 第 290 行.
ERR: [8] Use of undefined constant Working - assumed 'Working' /var/www/html/officeoa/Runtime/personal/Cache/65052d6189b36d2476ce37bc350cf356.php 第 291 行.
INFO: Run ParseTemplate Behavior [ RunTime:-0.016540s ]
INFO: [ view_parse ] --END-- [ RunTime:0.030143s ]
INFO: [ view_filter ] --START--
INFO: Run ContentReplace Behavior [ RunTime:-0.046753s ]
INFO: Run TokenBuild Behavior [ RunTime:-0.047467s ]
INFO: Run WriteHtmlCache Behavior [ RunTime:-0.047895s ]
INFO: Run ShowRuntime Behavior [ RunTime:-0.048128s ]
INFO: [ view_filter ] --END-- [ RunTime:0.001984s ]
INFO: [ view_end ] --START--
INFO: Run ShowPageTrace Behavior [ RunTime:-0.048849s ]
INFO: [ view_end ] --END-- [ RunTime:0.000655s ]

[ 2013-04-17T17:10:17+08:00 ] 192.168.137.1 /apps/personal/index.php?s=/AddressList/index
ERR: [8] Use of undefined constant APP_DEBUG - assumed 'APP_DEBUG' /var/www/html/officeoa/define.inc.php 第 6 行.

[ 2013-04-17T17:10:19+08:00 ] 192.168.137.1 /apps/personal/index.php?s=/AddressList/userInfo/uid/2
INFO: [ route_check ] --START--
INFO: Run CheckRoute Behavior [ RunTime:0.000920s ]
INFO: [ route_check ] --END-- [ RunTime:0.001005s ]
INFO: [ app_begin ] --START--
INFO: Run ReadHtmlCache Behavior [ RunTime:-0.000354s ]
INFO: [ app_begin ] --END-- [ RunTime:0.000664s ]
INFO: [ view_template ] --START--
INFO: Run LocationTemplate Behavior [ RunTime:-0.011524s ]
INFO: [ view_template ] --END-- [ RunTime:0.000918s ]
INFO: [ view_parse ] --START--
ERR: [8] Use of undefined constant personal - assumed 'personal' /var/www/html/officeoa/Runtime/personal/Cache/550b33056a680161b95ed9e030db9777.php 第 181 行.
ERR: [8] Use of undefined constant UserInfo - assumed 'UserInfo' /var/www/html/officeoa/Runtime/personal/Cache/550b33056a680161b95ed9e030db9777.php 第 289 行.
ERR: [8] Use of undefined constant AddressList - assumed 'AddressList' /var/www/html/officeoa/Runtime/personal/Cache/550b33056a680161b95ed9e030db9777.php 第 290 行.
ERR: [8] Use of undefined constant Working - assumed 'Working' /var/www/html/officeoa/Runtime/personal/Cache/550b33056a680161b95ed9e030db9777.php 第 291 行.
INFO: Run ParseTemplate Behavior [ RunTime:-0.012524s ]
INFO: [ view_parse ] --END-- [ RunTime:0.045604s ]
INFO: [ view_filter ] --START--
INFO: Run ContentReplace Behavior [ RunTime:-0.058160s ]
INFO: Run TokenBuild Behavior [ RunTime:-0.058895s ]
INFO: Run WriteHtmlCache Behavior [ RunTime:-0.059358s ]
INFO: Run ShowRuntime Behavior [ RunTime:-0.059665s ]
INFO: [ view_filter ] --END-- [ RunTime:0.002421s ]
INFO: [ view_end ] --START--
INFO: Run ShowPageTrace Behavior [ RunTime:-0.060673s ]
INFO: [ view_end ] --END-- [ RunTime:0.001455s ]

[ 2013-04-17T17:10:19+08:00 ] 192.168.137.1 /apps/personal/index.php?s=/AddressList/userInfo/uid/2
ERR: [8] Use of undefined constant APP_DEBUG - assumed 'APP_DEBUG' /var/www/html/officeoa/define.inc.php 第 6 行.

[ 2013-04-17T17:10:59+08:00 ] 192.168.137.1 /apps/personal/index.php?s=/AddressList/userInfo/uid/2
INFO: [ route_check ] --START--
INFO: Run CheckRoute Behavior [ RunTime:0.000882s ]
INFO: [ route_check ] --END-- [ RunTime:0.001496s ]
INFO: [ app_begin ] --START--
INFO: Run ReadHtmlCache Behavior [ RunTime:-0.000941s ]
INFO: [ app_begin ] --END-- [ RunTime:0.000673s ]
INFO: [ view_template ] --START--
INFO: Run LocationTemplate Behavior [ RunTime:-0.010879s ]
INFO: [ view_template ] --END-- [ RunTime:0.000529s ]
INFO: [ view_parse ] --START--
ERR: [8] Use of undefined constant personal - assumed 'personal' /var/www/html/officeoa/Runtime/personal/Cache/550b33056a680161b95ed9e030db9777.php 第 181 行.
ERR: [8] Use of undefined constant UserInfo - assumed 'UserInfo' /var/www/html/officeoa/Runtime/personal/Cache/550b33056a680161b95ed9e030db9777.php 第 289 行.
ERR: [8] Use of undefined constant AddressList - assumed 'AddressList' /var/www/html/officeoa/Runtime/personal/Cache/550b33056a680161b95ed9e030db9777.php 第 290 行.
ERR: [8] Use of undefined constant Working - assumed 'Working' /var/www/html/officeoa/Runtime/personal/Cache/550b33056a680161b95ed9e030db9777.php 第 291 行.
INFO: Run ParseTemplate Behavior [ RunTime:-0.011452s ]
INFO: [ view_parse ] --END-- [ RunTime:0.025030s ]
INFO: [ view_filter ] --START--
INFO: Run ContentReplace Behavior [ RunTime:-0.036561s ]
INFO: Run TokenBuild Behavior [ RunTime:-0.037160s ]
INFO: Run WriteHtmlCache Behavior [ RunTime:-0.037598s ]
INFO: Run ShowRuntime Behavior [ RunTime:-0.037827s ]
INFO: [ view_filter ] --END-- [ RunTime:0.001874s ]
INFO: [ view_end ] --START--
INFO: Run ShowPageTrace Behavior [ RunTime:-0.038490s ]
INFO: [ view_end ] --END-- [ RunTime:0.000659s ]

[ 2013-04-17T17:10:59+08:00 ] 192.168.137.1 /apps/personal/index.php?s=/AddressList/userInfo/uid/2
ERR: [8] Use of undefined constant APP_DEBUG - assumed 'APP_DEBUG' /var/www/html/officeoa/define.inc.php 第 6 行.

[ 2013-04-17T17:11:39+08:00 ] 192.168.137.1 /apps/personal/index.php?s=/AddressList/userInfo/uid/1
INFO: [ route_check ] --START--
INFO: Run CheckRoute Behavior [ RunTime:0.001011s ]
INFO: [ route_check ] --END-- [ RunTime:0.001106s ]
INFO: [ app_begin ] --START--
INFO: Run ReadHtmlCache Behavior [ RunTime:-0.000479s ]
INFO: [ app_begin ] --END-- [ RunTime:0.000699s ]
ERR: [8] Use of undefined constant APP_DEBUG - assumed 'APP_DEBUG' /var/www/html/officeoa/define.inc.php 第 6 行.

[ 2013-04-17T17:11:39+08:00 ] 192.168.137.1 /apps/personal/index.php?s=/UserInfo/index
INFO: [ route_check ] --START--
INFO: Run CheckRoute Behavior [ RunTime:0.000995s ]
INFO: [ route_check ] --END-- [ RunTime:0.001175s ]
INFO: [ app_begin ] --START--
INFO: Run ReadHtmlCache Behavior [ RunTime:-0.000356s ]
INFO: [ app_begin ] --END-- [ RunTime:0.000639s ]
INFO: [ view_template ] --START--
INFO: Run LocationTemplate Behavior [ RunTime:-0.010727s ]
INFO: [ view_template ] --END-- [ RunTime:0.000486s ]
INFO: [ view_parse ] --START--
ERR: [8] Use of undefined constant personal - assumed 'personal' /var/www/html/officeoa/Runtime/personal/Cache/94a574c5f9bf91d0f128e72ff107d23a.php 第 181 行.
ERR: [8] Use of undefined constant UserInfo - assumed 'UserInfo' /var/www/html/officeoa/Runtime/personal/Cache/94a574c5f9bf91d0f128e72ff107d23a.php 第 289 行.
ERR: [8] Use of undefined constant AddressList - assumed 'AddressList' /var/www/html/officeoa/Runtime/personal/Cache/94a574c5f9bf91d0f128e72ff107d23a.php 第 290 行.
ERR: [8] Use of undefined constant Working - assumed 'Working' /var/www/html/officeoa/Runtime/personal/Cache/94a574c5f9bf91d0f128e72ff107d23a.php 第 291 行.
INFO: Run ParseTemplate Behavior [ RunTime:-0.011257s ]
INFO: [ view_parse ] --END-- [ RunTime:0.027118s ]
INFO: [ view_filter ] --START--
INFO: Run ContentReplace Behavior [ RunTime:-0.038439s ]
INFO: Run TokenBuild Behavior [ RunTime:-0.039322s ]
INFO: Run WriteHtmlCache Behavior [ RunTime:-0.039854s ]
INFO: Run ShowRuntime Behavior [ RunTime:-0.040154s ]
INFO: [ view_filter ] --END-- [ RunTime:0.002570s ]
INFO: [ view_end ] --START--
INFO: Run ShowPageTrace Behavior [ RunTime:-0.041098s ]
INFO: [ view_end ] --END-- [ RunTime:0.000714s ]

[ 2013-04-17T17:11:39+08:00 ] 192.168.137.1 /apps/personal/index.php?s=/UserInfo/index
ERR: [8] Use of undefined constant APP_DEBUG - assumed 'APP_DEBUG' /var/www/html/officeoa/define.inc.php 第 6 行.

