[ 2013-04-19T09:53:46+08:00 ] 192.168.137.1 /apps/personal/index.php?s=/UserInfo/index
INFO: [ route_check ] --START--
INFO: Run CheckRoute Behavior [ RunTime:0.001008s ]
INFO: [ route_check ] --END-- [ RunTime:0.001245s ]
INFO: [ app_begin ] --START--
INFO: Run ReadHtmlCache Behavior [ RunTime:-0.000401s ]
INFO: [ app_begin ] --END-- [ RunTime:0.000682s ]
INFO: [ view_template ] --START--
INFO: Run LocationTemplate Behavior [ RunTime:-0.073364s ]
INFO: [ view_template ] --END-- [ RunTime:0.002623s ]
INFO: [ view_parse ] --START--
ERR: [8] Use of undefined constant personal - assumed 'personal' /var/www/html/officeoa/Runtime/personal/Cache/94a574c5f9bf91d0f128e72ff107d23a.php 第 181 行.
ERR: [8] Use of undefined constant UserInfo - assumed 'UserInfo' /var/www/html/officeoa/Runtime/personal/Cache/94a574c5f9bf91d0f128e72ff107d23a.php 第 289 行.
ERR: [8] Use of undefined constant AddressList - assumed 'AddressList' /var/www/html/officeoa/Runtime/personal/Cache/94a574c5f9bf91d0f128e72ff107d23a.php 第 290 行.
ERR: [8] Use of undefined constant Working - assumed 'Working' /var/www/html/officeoa/Runtime/personal/Cache/94a574c5f9bf91d0f128e72ff107d23a.php 第 291 行.
INFO: Run ParseTemplate Behavior [ RunTime:-0.076083s ]
INFO: [ view_parse ] --END-- [ RunTime:0.065404s ]
INFO: [ view_filter ] --START--
INFO: Run ContentReplace Behavior [ RunTime:-0.141546s ]
INFO: Run TokenBuild Behavior [ RunTime:-0.142901s ]
INFO: Run WriteHtmlCache Behavior [ RunTime:-0.143367s ]
INFO: Run ShowRuntime Behavior [ RunTime:-0.143630s ]
INFO: [ view_filter ] --END-- [ RunTime:0.002671s ]
INFO: [ view_end ] --START--
INFO: Run ShowPageTrace Behavior [ RunTime:-0.144326s ]
INFO: [ view_end ] --END-- [ RunTime:0.000804s ]

[ 2013-04-19T09:53:46+08:00 ] 192.168.137.1 /apps/personal/index.php?s=/UserInfo/index
ERR: [8] Use of undefined constant APP_DEBUG - assumed 'APP_DEBUG' /var/www/html/officeoa/define.inc.php 第 6 行.

[ 2013-04-19T09:53:48+08:00 ] 192.168.137.1 /apps/personal/index.php?s=/AddressList/index
INFO: [ route_check ] --START--
INFO: Run CheckRoute Behavior [ RunTime:0.000948s ]
INFO: [ route_check ] --END-- [ RunTime:0.001036s ]
INFO: [ app_begin ] --START--
INFO: Run ReadHtmlCache Behavior [ RunTime:-0.000363s ]
INFO: [ app_begin ] --END-- [ RunTime:0.000805s ]
INFO: [ view_template ] --START--
INFO: Run LocationTemplate Behavior [ RunTime:-0.041820s ]
INFO: [ view_template ] --END-- [ RunTime:0.001378s ]
INFO: [ view_parse ] --START--
ERR: [8] Use of undefined constant personal - assumed 'personal' /var/www/html/officeoa/Runtime/personal/Cache/65052d6189b36d2476ce37bc350cf356.php 第 181 行.
ERR: [8] Use of undefined constant UserInfo - assumed 'UserInfo' /var/www/html/officeoa/Runtime/personal/Cache/65052d6189b36d2476ce37bc350cf356.php 第 289 行.
ERR: [8] Use of undefined constant AddressList - assumed 'AddressList' /var/www/html/officeoa/Runtime/personal/Cache/65052d6189b36d2476ce37bc350cf356.php 第 290 行.
ERR: [8] Use of undefined constant Working - assumed 'Working' /var/www/html/officeoa/Runtime/personal/Cache/65052d6189b36d2476ce37bc350cf356.php 第 291 行.
INFO: Run ParseTemplate Behavior [ RunTime:-0.043251s ]
INFO: [ view_parse ] --END-- [ RunTime:0.027520s ]
INFO: [ view_filter ] --START--
INFO: Run ContentReplace Behavior [ RunTime:-0.070828s ]
INFO: Run TokenBuild Behavior [ RunTime:-0.071520s ]
INFO: Run WriteHtmlCache Behavior [ RunTime:-0.071973s ]
INFO: Run ShowRuntime Behavior [ RunTime:-0.072206s ]
INFO: [ view_filter ] --END-- [ RunTime:0.001961s ]
INFO: [ view_end ] --START--
INFO: Run ShowPageTrace Behavior [ RunTime:-0.073085s ]
INFO: [ view_end ] --END-- [ RunTime:0.000772s ]

[ 2013-04-19T09:53:48+08:00 ] 192.168.137.1 /apps/personal/index.php?s=/AddressList/index
ERR: [8] Use of undefined constant APP_DEBUG - assumed 'APP_DEBUG' /var/www/html/officeoa/define.inc.php 第 6 行.

[ 2013-04-19T09:53:50+08:00 ] 192.168.137.1 /apps/personal/index.php?s=/AddressList/search
INFO: [ route_check ] --START--
INFO: Run CheckRoute Behavior [ RunTime:0.000879s ]
INFO: [ route_check ] --END-- [ RunTime:0.000962s ]
INFO: [ app_begin ] --START--
INFO: Run ReadHtmlCache Behavior [ RunTime:-0.000310s ]
INFO: [ app_begin ] --END-- [ RunTime:0.000630s ]
ERR: [2] Invalid argument supplied for foreach() /var/www/html/officeoa/apps/personal/Lib/Action/AddressListAction.class.php 第 43 行.

[ 2013-04-19T09:53:50+08:00 ] 192.168.137.1 /apps/personal/index.php?s=/AddressList/search
ERR: [8] Use of undefined constant APP_DEBUG - assumed 'APP_DEBUG' /var/www/html/officeoa/define.inc.php 第 6 行.

[ 2013-04-19T09:53:51+08:00 ] 192.168.137.1 /apps/personal/index.php?s=/AddressList/search
INFO: [ route_check ] --START--
INFO: Run CheckRoute Behavior [ RunTime:0.000998s ]
INFO: [ route_check ] --END-- [ RunTime:0.001209s ]
INFO: [ app_begin ] --START--
INFO: Run ReadHtmlCache Behavior [ RunTime:-0.000429s ]
INFO: [ app_begin ] --END-- [ RunTime:0.000733s ]

[ 2013-04-19T09:53:51+08:00 ] 192.168.137.1 /apps/personal/index.php?s=/AddressList/search
ERR: [8] Use of undefined constant APP_DEBUG - assumed 'APP_DEBUG' /var/www/html/officeoa/define.inc.php 第 6 行.

[ 2013-04-19T09:53:51+08:00 ] 192.168.137.1 /apps/personal/index.php?s=/AddressList/search
INFO: [ route_check ] --START--
INFO: Run CheckRoute Behavior [ RunTime:0.001022s ]
INFO: [ route_check ] --END-- [ RunTime:0.001160s ]
INFO: [ app_begin ] --START--
INFO: Run ReadHtmlCache Behavior [ RunTime:-0.000474s ]
INFO: [ app_begin ] --END-- [ RunTime:0.000637s ]
ERR: [2] Invalid argument supplied for foreach() /var/www/html/officeoa/apps/personal/Lib/Action/AddressListAction.class.php 第 43 行.

[ 2013-04-19T09:53:51+08:00 ] 192.168.137.1 /apps/personal/index.php?s=/AddressList/search
ERR: [8] Use of undefined constant APP_DEBUG - assumed 'APP_DEBUG' /var/www/html/officeoa/define.inc.php 第 6 行.

[ 2013-04-19T09:54:07+08:00 ] 192.168.137.1 /apps/personal/index.php?s=/AddressList/index
INFO: [ route_check ] --START--
INFO: Run CheckRoute Behavior [ RunTime:0.000982s ]
INFO: [ route_check ] --END-- [ RunTime:0.001077s ]
INFO: [ app_begin ] --START--
INFO: Run ReadHtmlCache Behavior [ RunTime:-0.000352s ]
INFO: [ app_begin ] --END-- [ RunTime:0.000692s ]
INFO: [ view_template ] --START--
INFO: Run LocationTemplate Behavior [ RunTime:-0.012690s ]
INFO: [ view_template ] --END-- [ RunTime:0.000505s ]
INFO: [ view_parse ] --START--
ERR: [8] Use of undefined constant personal - assumed 'personal' /var/www/html/officeoa/Runtime/personal/Cache/65052d6189b36d2476ce37bc350cf356.php 第 181 行.
ERR: [8] Use of undefined constant UserInfo - assumed 'UserInfo' /var/www/html/officeoa/Runtime/personal/Cache/65052d6189b36d2476ce37bc350cf356.php 第 289 行.
ERR: [8] Use of undefined constant AddressList - assumed 'AddressList' /var/www/html/officeoa/Runtime/personal/Cache/65052d6189b36d2476ce37bc350cf356.php 第 290 行.
ERR: [8] Use of undefined constant Working - assumed 'Working' /var/www/html/officeoa/Runtime/personal/Cache/65052d6189b36d2476ce37bc350cf356.php 第 291 行.
INFO: Run ParseTemplate Behavior [ RunTime:-0.013237s ]
INFO: [ view_parse ] --END-- [ RunTime:0.027070s ]
INFO: [ view_filter ] --START--
INFO: Run ContentReplace Behavior [ RunTime:-0.040387s ]
INFO: Run TokenBuild Behavior [ RunTime:-0.041047s ]
INFO: Run WriteHtmlCache Behavior [ RunTime:-0.041471s ]
INFO: Run ShowRuntime Behavior [ RunTime:-0.041701s ]
INFO: [ view_filter ] --END-- [ RunTime:0.001904s ]
INFO: [ view_end ] --START--
INFO: Run ShowPageTrace Behavior [ RunTime:-0.042409s ]
INFO: [ view_end ] --END-- [ RunTime:0.000669s ]

[ 2013-04-19T09:54:07+08:00 ] 192.168.137.1 /apps/personal/index.php?s=/AddressList/index
ERR: [8] Use of undefined constant APP_DEBUG - assumed 'APP_DEBUG' /var/www/html/officeoa/define.inc.php 第 6 行.

[ 2013-04-19T11:07:22+08:00 ] 192.168.137.1 /apps/personal/index.php?s=/AddressList/index
INFO: [ route_check ] --START--
INFO: Run CheckRoute Behavior [ RunTime:0.000853s ]
INFO: [ route_check ] --END-- [ RunTime:0.001005s ]
INFO: [ app_begin ] --START--
INFO: Run ReadHtmlCache Behavior [ RunTime:-0.000344s ]
INFO: [ app_begin ] --END-- [ RunTime:0.000620s ]
INFO: [ view_template ] --START--
INFO: Run LocationTemplate Behavior [ RunTime:-0.012866s ]
INFO: [ view_template ] --END-- [ RunTime:0.000460s ]
INFO: [ view_parse ] --START--
ERR: [8] Use of undefined constant personal - assumed 'personal' /var/www/html/officeoa/Runtime/personal/Cache/65052d6189b36d2476ce37bc350cf356.php 第 181 行.
ERR: [8] Use of undefined constant UserInfo - assumed 'UserInfo' /var/www/html/officeoa/Runtime/personal/Cache/65052d6189b36d2476ce37bc350cf356.php 第 289 行.
ERR: [8] Use of undefined constant AddressList - assumed 'AddressList' /var/www/html/officeoa/Runtime/personal/Cache/65052d6189b36d2476ce37bc350cf356.php 第 290 行.
ERR: [8] Use of undefined constant Working - assumed 'Working' /var/www/html/officeoa/Runtime/personal/Cache/65052d6189b36d2476ce37bc350cf356.php 第 291 行.
INFO: Run ParseTemplate Behavior [ RunTime:-0.013367s ]
INFO: [ view_parse ] --END-- [ RunTime:0.026603s ]
INFO: [ view_filter ] --START--
INFO: Run ContentReplace Behavior [ RunTime:-0.040028s ]
INFO: Run TokenBuild Behavior [ RunTime:-0.040714s ]
INFO: Run WriteHtmlCache Behavior [ RunTime:-0.041092s ]
INFO: Run ShowRuntime Behavior [ RunTime:-0.041379s ]
INFO: [ view_filter ] --END-- [ RunTime:0.001911s ]
INFO: [ view_end ] --START--
INFO: Run ShowPageTrace Behavior [ RunTime:-0.042048s ]
INFO: [ view_end ] --END-- [ RunTime:0.000658s ]

[ 2013-04-19T11:07:22+08:00 ] 192.168.137.1 /apps/personal/index.php?s=/AddressList/index
ERR: [8] Use of undefined constant APP_DEBUG - assumed 'APP_DEBUG' /var/www/html/officeoa/define.inc.php 第 6 行.

[ 2013-04-19T11:07:41+08:00 ] 192.168.137.1 /apps/personal/index.php?s=/AddressList/index
INFO: [ route_check ] --START--
INFO: Run CheckRoute Behavior [ RunTime:0.000921s ]
INFO: [ route_check ] --END-- [ RunTime:0.001002s ]
INFO: [ app_begin ] --START--
INFO: Run ReadHtmlCache Behavior [ RunTime:-0.000285s ]
INFO: [ app_begin ] --END-- [ RunTime:0.000628s ]
INFO: [ view_template ] --START--
INFO: Run LocationTemplate Behavior [ RunTime:-0.011788s ]
INFO: [ view_template ] --END-- [ RunTime:0.000553s ]
INFO: [ view_parse ] --START--
ERR: [8] Use of undefined constant personal - assumed 'personal' /var/www/html/officeoa/Runtime/personal/Cache/65052d6189b36d2476ce37bc350cf356.php 第 181 行.
ERR: [8] Use of undefined constant UserInfo - assumed 'UserInfo' /var/www/html/officeoa/Runtime/personal/Cache/65052d6189b36d2476ce37bc350cf356.php 第 289 行.
ERR: [8] Use of undefined constant AddressList - assumed 'AddressList' /var/www/html/officeoa/Runtime/personal/Cache/65052d6189b36d2476ce37bc350cf356.php 第 290 行.
ERR: [8] Use of undefined constant Working - assumed 'Working' /var/www/html/officeoa/Runtime/personal/Cache/65052d6189b36d2476ce37bc350cf356.php 第 291 行.
INFO: Run ParseTemplate Behavior [ RunTime:-0.012347s ]
INFO: [ view_parse ] --END-- [ RunTime:0.027163s ]
INFO: [ view_filter ] --START--
INFO: Run ContentReplace Behavior [ RunTime:-0.039571s ]
INFO: Run TokenBuild Behavior [ RunTime:-0.040204s ]
INFO: Run WriteHtmlCache Behavior [ RunTime:-0.040609s ]
INFO: Run ShowRuntime Behavior [ RunTime:-0.040815s ]
INFO: [ view_filter ] --END-- [ RunTime:0.001768s ]
INFO: [ view_end ] --START--
INFO: Run ShowPageTrace Behavior [ RunTime:-0.041431s ]
INFO: [ view_end ] --END-- [ RunTime:0.000665s ]

[ 2013-04-19T11:07:41+08:00 ] 192.168.137.1 /apps/personal/index.php?s=/AddressList/index
ERR: [8] Use of undefined constant APP_DEBUG - assumed 'APP_DEBUG' /var/www/html/officeoa/define.inc.php 第 6 行.

[ 2013-04-19T11:11:11+08:00 ] 192.168.137.1 /apps/personal/index.php?s=/AddressList/index
INFO: [ route_check ] --START--
INFO: Run CheckRoute Behavior [ RunTime:0.000971s ]
INFO: [ route_check ] --END-- [ RunTime:0.001090s ]
INFO: [ app_begin ] --START--
INFO: Run ReadHtmlCache Behavior [ RunTime:-0.000402s ]
INFO: [ app_begin ] --END-- [ RunTime:0.000618s ]
INFO: [ view_template ] --START--
INFO: Run LocationTemplate Behavior [ RunTime:-0.012776s ]
INFO: [ view_template ] --END-- [ RunTime:0.001101s ]
INFO: [ view_parse ] --START--
ERR: [8] Use of undefined constant personal - assumed 'personal' /var/www/html/officeoa/Runtime/personal/Cache/65052d6189b36d2476ce37bc350cf356.php 第 181 行.
ERR: [8] Use of undefined constant UserInfo - assumed 'UserInfo' /var/www/html/officeoa/Runtime/personal/Cache/65052d6189b36d2476ce37bc350cf356.php 第 289 行.
ERR: [8] Use of undefined constant AddressList - assumed 'AddressList' /var/www/html/officeoa/Runtime/personal/Cache/65052d6189b36d2476ce37bc350cf356.php 第 290 行.
ERR: [8] Use of undefined constant Working - assumed 'Working' /var/www/html/officeoa/Runtime/personal/Cache/65052d6189b36d2476ce37bc350cf356.php 第 291 行.
INFO: Run ParseTemplate Behavior [ RunTime:-0.013858s ]
INFO: [ view_parse ] --END-- [ RunTime:0.026624s ]
INFO: [ view_filter ] --START--
INFO: Run ContentReplace Behavior [ RunTime:-0.040538s ]
INFO: Run TokenBuild Behavior [ RunTime:-0.041237s ]
INFO: Run WriteHtmlCache Behavior [ RunTime:-0.041653s ]
INFO: Run ShowRuntime Behavior [ RunTime:-0.041885s ]
INFO: [ view_filter ] --END-- [ RunTime:0.001918s ]
INFO: [ view_end ] --START--
INFO: Run ShowPageTrace Behavior [ RunTime:-0.042531s ]
INFO: [ view_end ] --END-- [ RunTime:0.000666s ]

[ 2013-04-19T11:11:11+08:00 ] 192.168.137.1 /apps/personal/index.php?s=/AddressList/index
ERR: [8] Use of undefined constant APP_DEBUG - assumed 'APP_DEBUG' /var/www/html/officeoa/define.inc.php 第 6 行.

[ 2013-04-19T11:11:15+08:00 ] 192.168.137.1 /apps/personal/index.php?s=/AddressList/search
INFO: [ route_check ] --START--
INFO: Run CheckRoute Behavior [ RunTime:0.000934s ]
INFO: [ route_check ] --END-- [ RunTime:0.001026s ]
INFO: [ app_begin ] --START--
INFO: Run ReadHtmlCache Behavior [ RunTime:-0.000330s ]
INFO: [ app_begin ] --END-- [ RunTime:0.000764s ]
ERR: [2] Invalid argument supplied for foreach() /var/www/html/officeoa/apps/personal/Lib/Action/AddressListAction.class.php 第 43 行.

[ 2013-04-19T11:11:15+08:00 ] 192.168.137.1 /apps/personal/index.php?s=/AddressList/search
ERR: [8] Use of undefined constant APP_DEBUG - assumed 'APP_DEBUG' /var/www/html/officeoa/define.inc.php 第 6 行.

[ 2013-04-19T11:11:16+08:00 ] 192.168.137.1 /apps/personal/index.php?s=/AddressList/search
INFO: [ route_check ] --START--
INFO: Run CheckRoute Behavior [ RunTime:0.000995s ]
INFO: [ route_check ] --END-- [ RunTime:0.001124s ]
INFO: [ app_begin ] --START--
INFO: Run ReadHtmlCache Behavior [ RunTime:-0.000327s ]
INFO: [ app_begin ] --END-- [ RunTime:0.000784s ]

[ 2013-04-19T11:11:16+08:00 ] 192.168.137.1 /apps/personal/index.php?s=/AddressList/search
ERR: [8] Use of undefined constant APP_DEBUG - assumed 'APP_DEBUG' /var/www/html/officeoa/define.inc.php 第 6 行.

[ 2013-04-19T14:10:21+08:00 ] 192.168.137.1 /apps/personal/index.php?s=/AddressList/index
INFO: [ route_check ] --START--
INFO: Run CheckRoute Behavior [ RunTime:0.001104s ]
INFO: [ route_check ] --END-- [ RunTime:0.001188s ]
INFO: [ app_begin ] --START--
INFO: Run ReadHtmlCache Behavior [ RunTime:-0.000391s ]
INFO: [ app_begin ] --END-- [ RunTime:0.000652s ]
INFO: [ view_template ] --START--
INFO: Run LocationTemplate Behavior [ RunTime:-0.015786s ]
INFO: [ view_template ] --END-- [ RunTime:0.000660s ]
INFO: [ view_parse ] --START--
ERR: [8] Use of undefined constant personal - assumed 'personal' /var/www/html/officeoa/Runtime/personal/Cache/65052d6189b36d2476ce37bc350cf356.php 第 181 行.
ERR: [8] Use of undefined constant UserInfo - assumed 'UserInfo' /var/www/html/officeoa/Runtime/personal/Cache/65052d6189b36d2476ce37bc350cf356.php 第 289 行.
ERR: [8] Use of undefined constant AddressList - assumed 'AddressList' /var/www/html/officeoa/Runtime/personal/Cache/65052d6189b36d2476ce37bc350cf356.php 第 290 行.
ERR: [8] Use of undefined constant Working - assumed 'Working' /var/www/html/officeoa/Runtime/personal/Cache/65052d6189b36d2476ce37bc350cf356.php 第 291 行.
INFO: Run ParseTemplate Behavior [ RunTime:-0.016487s ]
INFO: [ view_parse ] --END-- [ RunTime:0.028296s ]
INFO: [ view_filter ] --START--
INFO: Run ContentReplace Behavior [ RunTime:-0.044812s ]
INFO: Run TokenBuild Behavior [ RunTime:-0.045479s ]
INFO: Run WriteHtmlCache Behavior [ RunTime:-0.045918s ]
INFO: Run ShowRuntime Behavior [ RunTime:-0.046177s ]
INFO: [ view_filter ] --END-- [ RunTime:0.002009s ]
INFO: [ view_end ] --START--
INFO: Run ShowPageTrace Behavior [ RunTime:-0.046897s ]
INFO: [ view_end ] --END-- [ RunTime:0.000656s ]

[ 2013-04-19T14:10:21+08:00 ] 192.168.137.1 /apps/personal/index.php?s=/AddressList/index
ERR: [8] Use of undefined constant APP_DEBUG - assumed 'APP_DEBUG' /var/www/html/officeoa/define.inc.php 第 6 行.

[ 2013-04-19T14:15:56+08:00 ] 192.168.137.1 /apps/personal/index.php?s=/UserInfo/index
INFO: [ route_check ] --START--
INFO: Run CheckRoute Behavior [ RunTime:0.001027s ]
INFO: [ route_check ] --END-- [ RunTime:0.001170s ]
INFO: [ app_begin ] --START--
INFO: Run ReadHtmlCache Behavior [ RunTime:-0.000428s ]
INFO: [ app_begin ] --END-- [ RunTime:0.000823s ]
INFO: [ view_template ] --START--
INFO: Run LocationTemplate Behavior [ RunTime:-0.011459s ]
INFO: [ view_template ] --END-- [ RunTime:0.000616s ]
INFO: [ view_parse ] --START--
ERR: [8] Use of undefined constant personal - assumed 'personal' /var/www/html/officeoa/Runtime/personal/Cache/94a574c5f9bf91d0f128e72ff107d23a.php 第 181 行.
ERR: [8] Use of undefined constant personal - assumed 'personal' /var/www/html/officeoa/Runtime/personal/Cache/94a574c5f9bf91d0f128e72ff107d23a.php 第 197 行.
ERR: [8] Use of undefined constant UserInfo - assumed 'UserInfo' /var/www/html/officeoa/Runtime/personal/Cache/94a574c5f9bf91d0f128e72ff107d23a.php 第 289 行.
ERR: [8] Use of undefined constant AddressList - assumed 'AddressList' /var/www/html/officeoa/Runtime/personal/Cache/94a574c5f9bf91d0f128e72ff107d23a.php 第 290 行.
ERR: [8] Use of undefined constant Working - assumed 'Working' /var/www/html/officeoa/Runtime/personal/Cache/94a574c5f9bf91d0f128e72ff107d23a.php 第 291 行.
INFO: Run ParseTemplate Behavior [ RunTime:-0.012166s ]
INFO: [ view_parse ] --END-- [ RunTime:0.026464s ]
INFO: [ view_filter ] --START--
INFO: Run ContentReplace Behavior [ RunTime:-0.038676s ]
INFO: Run TokenBuild Behavior [ RunTime:-0.039378s ]
INFO: Run WriteHtmlCache Behavior [ RunTime:-0.039815s ]
INFO: Run ShowRuntime Behavior [ RunTime:-0.040047s ]
INFO: [ view_filter ] --END-- [ RunTime:0.002044s ]
INFO: [ view_end ] --START--
INFO: Run ShowPageTrace Behavior [ RunTime:-0.040799s ]
INFO: [ view_end ] --END-- [ RunTime:0.000672s ]

[ 2013-04-19T14:15:56+08:00 ] 192.168.137.1 /apps/personal/index.php?s=/UserInfo/index
ERR: [8] Use of undefined constant APP_DEBUG - assumed 'APP_DEBUG' /var/www/html/officeoa/define.inc.php 第 6 行.

[ 2013-04-19T14:16:10+08:00 ] 192.168.137.1 /apps/personal/index.php?s=/UserInfo/index
INFO: [ route_check ] --START--
INFO: Run CheckRoute Behavior [ RunTime:0.001051s ]
INFO: [ route_check ] --END-- [ RunTime:0.001158s ]
INFO: [ app_begin ] --START--
INFO: Run ReadHtmlCache Behavior [ RunTime:-0.000560s ]
INFO: [ app_begin ] --END-- [ RunTime:0.000911s ]
INFO: [ view_template ] --START--
INFO: Run LocationTemplate Behavior [ RunTime:-0.022082s ]
INFO: [ view_template ] --END-- [ RunTime:0.000629s ]
INFO: [ view_parse ] --START--
ERR: [8] Use of undefined constant personal - assumed 'personal' /var/www/html/officeoa/Runtime/personal/Cache/94a574c5f9bf91d0f128e72ff107d23a.php 第 181 行.
ERR: [8] Use of undefined constant info - assumed 'info' /var/www/html/officeoa/Runtime/personal/Cache/94a574c5f9bf91d0f128e72ff107d23a.php 第 197 行.
ERR: [8] Use of undefined constant UserInfo - assumed 'UserInfo' /var/www/html/officeoa/Runtime/personal/Cache/94a574c5f9bf91d0f128e72ff107d23a.php 第 289 行.
ERR: [8] Use of undefined constant AddressList - assumed 'AddressList' /var/www/html/officeoa/Runtime/personal/Cache/94a574c5f9bf91d0f128e72ff107d23a.php 第 290 行.
ERR: [8] Use of undefined constant Working - assumed 'Working' /var/www/html/officeoa/Runtime/personal/Cache/94a574c5f9bf91d0f128e72ff107d23a.php 第 291 行.
INFO: Run ParseTemplate Behavior [ RunTime:-0.022753s ]
INFO: [ view_parse ] --END-- [ RunTime:0.024849s ]
INFO: [ view_filter ] --START--
INFO: Run ContentReplace Behavior [ RunTime:-0.047654s ]
INFO: Run TokenBuild Behavior [ RunTime:-0.048260s ]
INFO: Run WriteHtmlCache Behavior [ RunTime:-0.048708s ]
INFO: Run ShowRuntime Behavior [ RunTime:-0.048981s ]
INFO: [ view_filter ] --END-- [ RunTime:0.001953s ]
INFO: [ view_end ] --START--
INFO: Run ShowPageTrace Behavior [ RunTime:-0.049687s ]
INFO: [ view_end ] --END-- [ RunTime:0.000659s ]

[ 2013-04-19T14:16:10+08:00 ] 192.168.137.1 /apps/personal/index.php?s=/UserInfo/index
ERR: [8] Use of undefined constant APP_DEBUG - assumed 'APP_DEBUG' /var/www/html/officeoa/define.inc.php 第 6 行.

[ 2013-04-19T15:39:43+08:00 ] 192.168.137.1 /apps/personal/index.php?s=/AddressList/userInfo/uid/1
INFO: [ route_check ] --START--
INFO: Run CheckRoute Behavior [ RunTime:0.001424s ]
INFO: [ route_check ] --END-- [ RunTime:0.001557s ]
INFO: [ app_begin ] --START--
INFO: Run ReadHtmlCache Behavior [ RunTime:-0.000444s ]
INFO: [ app_begin ] --END-- [ RunTime:0.000673s ]
ERR: [8] Use of undefined constant APP_DEBUG - assumed 'APP_DEBUG' /var/www/html/officeoa/define.inc.php 第 6 行.

[ 2013-04-19T15:39:43+08:00 ] 192.168.137.1 /apps/personal/index.php?s=/UserInfo/index
INFO: [ route_check ] --START--
INFO: Run CheckRoute Behavior [ RunTime:0.000895s ]
INFO: [ route_check ] --END-- [ RunTime:0.000976s ]
INFO: [ app_begin ] --START--
INFO: Run ReadHtmlCache Behavior [ RunTime:-0.000285s ]
INFO: [ app_begin ] --END-- [ RunTime:0.000609s ]
INFO: [ view_template ] --START--
INFO: Run LocationTemplate Behavior [ RunTime:-0.010088s ]
INFO: [ view_template ] --END-- [ RunTime:0.000458s ]
INFO: [ view_parse ] --START--
ERR: [8] Use of undefined constant personal - assumed 'personal' /var/www/html/officeoa/Runtime/personal/Cache/94a574c5f9bf91d0f128e72ff107d23a.php 第 181 行.
ERR: [8] Use of undefined constant info - assumed 'info' /var/www/html/officeoa/Runtime/personal/Cache/94a574c5f9bf91d0f128e72ff107d23a.php 第 197 行.
ERR: [8] Use of undefined constant UserInfo - assumed 'UserInfo' /var/www/html/officeoa/Runtime/personal/Cache/94a574c5f9bf91d0f128e72ff107d23a.php 第 289 行.
ERR: [8] Use of undefined constant AddressList - assumed 'AddressList' /var/www/html/officeoa/Runtime/personal/Cache/94a574c5f9bf91d0f128e72ff107d23a.php 第 290 行.
ERR: [8] Use of undefined constant Working - assumed 'Working' /var/www/html/officeoa/Runtime/personal/Cache/94a574c5f9bf91d0f128e72ff107d23a.php 第 291 行.
INFO: Run ParseTemplate Behavior [ RunTime:-0.010591s ]
INFO: [ view_parse ] --END-- [ RunTime:0.025193s ]
INFO: [ view_filter ] --START--
INFO: Run ContentReplace Behavior [ RunTime:-0.035884s ]
INFO: Run TokenBuild Behavior [ RunTime:-0.036456s ]
INFO: Run WriteHtmlCache Behavior [ RunTime:-0.036869s ]
INFO: Run ShowRuntime Behavior [ RunTime:-0.037070s ]
INFO: [ view_filter ] --END-- [ RunTime:0.001718s ]
INFO: [ view_end ] --START--
INFO: Run ShowPageTrace Behavior [ RunTime:-0.037670s ]
INFO: [ view_end ] --END-- [ RunTime:0.000810s ]

[ 2013-04-19T15:39:43+08:00 ] 192.168.137.1 /apps/personal/index.php?s=/UserInfo/index
ERR: [8] Use of undefined constant APP_DEBUG - assumed 'APP_DEBUG' /var/www/html/officeoa/define.inc.php 第 6 行.

[ 2013-04-19T15:39:58+08:00 ] 192.168.137.1 /apps/personal/index.php?s=/Working/index
INFO: [ route_check ] --START--
INFO: Run CheckRoute Behavior [ RunTime:0.001086s ]
INFO: [ route_check ] --END-- [ RunTime:0.001206s ]
INFO: [ app_begin ] --START--
INFO: Run ReadHtmlCache Behavior [ RunTime:-0.000413s ]
INFO: [ app_begin ] --END-- [ RunTime:0.000686s ]
INFO: [ view_template ] --START--
INFO: Run LocationTemplate Behavior [ RunTime:-0.030451s ]
INFO: [ view_template ] --END-- [ RunTime:0.008287s ]
INFO: [ view_parse ] --START--
ERR: [8] Use of undefined constant personal - assumed 'personal' /var/www/html/officeoa/Runtime/personal/Cache/5e616c16b7ccde8581882f24ac853bf4.php 第 181 行.
ERR: [8] Use of undefined constant info - assumed 'info' /var/www/html/officeoa/Runtime/personal/Cache/5e616c16b7ccde8581882f24ac853bf4.php 第 197 行.
ERR: [8] Use of undefined constant UserInfo - assumed 'UserInfo' /var/www/html/officeoa/Runtime/personal/Cache/5e616c16b7ccde8581882f24ac853bf4.php 第 295 行.
ERR: [8] Use of undefined constant AddressList - assumed 'AddressList' /var/www/html/officeoa/Runtime/personal/Cache/5e616c16b7ccde8581882f24ac853bf4.php 第 296 行.
ERR: [8] Use of undefined constant Working - assumed 'Working' /var/www/html/officeoa/Runtime/personal/Cache/5e616c16b7ccde8581882f24ac853bf4.php 第 297 行.
INFO: Run ParseTemplate Behavior [ RunTime:-0.038820s ]
INFO: [ view_parse ] --END-- [ RunTime:0.028210s ]
INFO: [ view_filter ] --START--
INFO: Run ContentReplace Behavior [ RunTime:-0.067016s ]
INFO: Run TokenBuild Behavior [ RunTime:-0.067699s ]
INFO: Run WriteHtmlCache Behavior [ RunTime:-0.068140s ]
INFO: Run ShowRuntime Behavior [ RunTime:-0.068373s ]
INFO: [ view_filter ] --END-- [ RunTime:0.001947s ]
INFO: [ view_end ] --START--
INFO: Run ShowPageTrace Behavior [ RunTime:-0.069282s ]
INFO: [ view_end ] --END-- [ RunTime:0.000924s ]

[ 2013-04-19T15:39:58+08:00 ] 192.168.137.1 /apps/personal/index.php?s=/Working/index
ERR: [8] Use of undefined constant APP_DEBUG - assumed 'APP_DEBUG' /var/www/html/officeoa/define.inc.php 第 6 行.

[ 2013-04-19T15:39:59+08:00 ] 192.168.137.1 /apps/personal/index.php?s=/Working/event&start=1364659200&end=1368288000&_=1366357206000
INFO: [ route_check ] --START--
INFO: Run CheckRoute Behavior [ RunTime:0.000944s ]
INFO: [ route_check ] --END-- [ RunTime:0.001191s ]
INFO: [ app_begin ] --START--
INFO: Run ReadHtmlCache Behavior [ RunTime:-0.000483s ]
INFO: [ app_begin ] --END-- [ RunTime:0.000653s ]

[ 2013-04-19T15:39:59+08:00 ] 192.168.137.1 /apps/personal/index.php?s=/Working/event&start=1364659200&end=1368288000&_=1366357206000
ERR: [8] Use of undefined constant APP_DEBUG - assumed 'APP_DEBUG' /var/www/html/officeoa/define.inc.php 第 6 行.

[ 2013-04-19T16:18:21+08:00 ] 192.168.137.1 /apps/personal/index.php?s=/Working/index
INFO: [ route_check ] --START--
INFO: Run CheckRoute Behavior [ RunTime:0.000970s ]
INFO: [ route_check ] --END-- [ RunTime:0.001095s ]
INFO: [ app_begin ] --START--
INFO: Run ReadHtmlCache Behavior [ RunTime:-0.000518s ]
INFO: [ app_begin ] --END-- [ RunTime:0.000719s ]
INFO: [ view_template ] --START--
INFO: Run LocationTemplate Behavior [ RunTime:-0.008985s ]
INFO: [ view_template ] --END-- [ RunTime:0.000636s ]
INFO: [ view_parse ] --START--
ERR: [8] Use of undefined constant personal - assumed 'personal' /var/www/html/officeoa/Runtime/personal/Cache/5e616c16b7ccde8581882f24ac853bf4.php 第 181 行.
ERR: [8] Use of undefined constant info - assumed 'info' /var/www/html/officeoa/Runtime/personal/Cache/5e616c16b7ccde8581882f24ac853bf4.php 第 197 行.
ERR: [8] Use of undefined constant UserInfo - assumed 'UserInfo' /var/www/html/officeoa/Runtime/personal/Cache/5e616c16b7ccde8581882f24ac853bf4.php 第 295 行.
ERR: [8] Use of undefined constant AddressList - assumed 'AddressList' /var/www/html/officeoa/Runtime/personal/Cache/5e616c16b7ccde8581882f24ac853bf4.php 第 296 行.
ERR: [8] Use of undefined constant Working - assumed 'Working' /var/www/html/officeoa/Runtime/personal/Cache/5e616c16b7ccde8581882f24ac853bf4.php 第 297 行.
INFO: Run ParseTemplate Behavior [ RunTime:-0.009638s ]
INFO: [ view_parse ] --END-- [ RunTime:0.023623s ]
INFO: [ view_filter ] --START--
INFO: Run ContentReplace Behavior [ RunTime:-0.033309s ]
INFO: Run TokenBuild Behavior [ RunTime:-0.033968s ]
INFO: Run WriteHtmlCache Behavior [ RunTime:-0.034357s ]
INFO: Run ShowRuntime Behavior [ RunTime:-0.034704s ]
INFO: [ view_filter ] --END-- [ RunTime:0.002163s ]
INFO: [ view_end ] --START--
INFO: Run ShowPageTrace Behavior [ RunTime:-0.035558s ]
INFO: [ view_end ] --END-- [ RunTime:0.000656s ]

[ 2013-04-19T16:18:21+08:00 ] 192.168.137.1 /apps/personal/index.php?s=/Working/index
ERR: [8] Use of undefined constant APP_DEBUG - assumed 'APP_DEBUG' /var/www/html/officeoa/define.inc.php 第 6 行.

[ 2013-04-19T16:18:22+08:00 ] 192.168.137.1 /apps/personal/index.php?s=/Working/event&start=1364659200&end=1368288000&_=1366359508506
INFO: [ route_check ] --START--
INFO: Run CheckRoute Behavior [ RunTime:0.001066s ]
INFO: [ route_check ] --END-- [ RunTime:0.001176s ]
INFO: [ app_begin ] --START--
INFO: Run ReadHtmlCache Behavior [ RunTime:-0.000471s ]
INFO: [ app_begin ] --END-- [ RunTime:0.000755s ]

[ 2013-04-19T16:18:22+08:00 ] 192.168.137.1 /apps/personal/index.php?s=/Working/event&start=1364659200&end=1368288000&_=1366359508506
ERR: [8] Use of undefined constant APP_DEBUG - assumed 'APP_DEBUG' /var/www/html/officeoa/define.inc.php 第 6 行.

[ 2013-04-19T16:21:27+08:00 ] 192.168.137.1 /apps/personal/index.php?s=/Working/index
INFO: [ route_check ] --START--
INFO: Run CheckRoute Behavior [ RunTime:0.000974s ]
INFO: [ route_check ] --END-- [ RunTime:0.001115s ]
INFO: [ app_begin ] --START--
INFO: Run ReadHtmlCache Behavior [ RunTime:-0.000452s ]
INFO: [ app_begin ] --END-- [ RunTime:0.000714s ]
INFO: [ view_template ] --START--
INFO: Run LocationTemplate Behavior [ RunTime:-0.011310s ]
INFO: [ view_template ] --END-- [ RunTime:0.000681s ]
INFO: [ view_parse ] --START--
ERR: [8] Use of undefined constant personal - assumed 'personal' /var/www/html/officeoa/Runtime/personal/Cache/5e616c16b7ccde8581882f24ac853bf4.php 第 181 行.
ERR: [8] Use of undefined constant info - assumed 'info' /var/www/html/officeoa/Runtime/personal/Cache/5e616c16b7ccde8581882f24ac853bf4.php 第 197 行.
ERR: [8] Use of undefined constant UserInfo - assumed 'UserInfo' /var/www/html/officeoa/Runtime/personal/Cache/5e616c16b7ccde8581882f24ac853bf4.php 第 295 行.
ERR: [8] Use of undefined constant AddressList - assumed 'AddressList' /var/www/html/officeoa/Runtime/personal/Cache/5e616c16b7ccde8581882f24ac853bf4.php 第 296 行.
ERR: [8] Use of undefined constant Working - assumed 'Working' /var/www/html/officeoa/Runtime/personal/Cache/5e616c16b7ccde8581882f24ac853bf4.php 第 297 行.
INFO: Run ParseTemplate Behavior [ RunTime:-0.012041s ]
INFO: [ view_parse ] --END-- [ RunTime:0.027520s ]
INFO: [ view_filter ] --START--
INFO: Run ContentReplace Behavior [ RunTime:-0.039593s ]
INFO: Run TokenBuild Behavior [ RunTime:-0.040300s ]
INFO: Run WriteHtmlCache Behavior [ RunTime:-0.040716s ]
INFO: Run ShowRuntime Behavior [ RunTime:-0.040990s ]
INFO: [ view_filter ] --END-- [ RunTime:0.002428s ]
INFO: [ view_end ] --START--
INFO: Run ShowPageTrace Behavior [ RunTime:-0.042145s ]
INFO: [ view_end ] --END-- [ RunTime:0.000656s ]

[ 2013-04-19T16:21:27+08:00 ] 192.168.137.1 /apps/personal/index.php?s=/Working/index
ERR: [8] Use of undefined constant APP_DEBUG - assumed 'APP_DEBUG' /var/www/html/officeoa/define.inc.php 第 6 行.

[ 2013-04-19T16:21:28+08:00 ] 192.168.137.1 /apps/personal/index.php?s=/Working/event&start=1364659200&end=1368288000&_=1366359694505
INFO: [ route_check ] --START--
INFO: Run CheckRoute Behavior [ RunTime:0.001152s ]
INFO: [ route_check ] --END-- [ RunTime:0.001301s ]
INFO: [ app_begin ] --START--
INFO: Run ReadHtmlCache Behavior [ RunTime:-0.000472s ]
INFO: [ app_begin ] --END-- [ RunTime:0.001068s ]

[ 2013-04-19T16:21:28+08:00 ] 192.168.137.1 /apps/personal/index.php?s=/Working/event&start=1364659200&end=1368288000&_=1366359694505
ERR: [8] Use of undefined constant APP_DEBUG - assumed 'APP_DEBUG' /var/www/html/officeoa/define.inc.php 第 6 行.

[ 2013-04-19T21:02:08+08:00 ] 192.168.137.1 /apps/personal/index.php?s=/Working/index
INFO: [ route_check ] --START--
INFO: Run CheckRoute Behavior [ RunTime:0.000969s ]
INFO: [ route_check ] --END-- [ RunTime:0.001060s ]
INFO: [ app_begin ] --START--
INFO: Run ReadHtmlCache Behavior [ RunTime:-0.000284s ]
INFO: [ app_begin ] --END-- [ RunTime:0.000691s ]
INFO: [ view_template ] --START--
INFO: Run LocationTemplate Behavior [ RunTime:-0.041776s ]
INFO: [ view_template ] --END-- [ RunTime:0.011706s ]
INFO: [ view_parse ] --START--
ERR: [8] Use of undefined constant personal - assumed 'personal' /var/www/html/officeoa/Runtime/personal/Cache/5e616c16b7ccde8581882f24ac853bf4.php 第 181 行.
ERR: [8] Use of undefined constant info - assumed 'info' /var/www/html/officeoa/Runtime/personal/Cache/5e616c16b7ccde8581882f24ac853bf4.php 第 197 行.
ERR: [8] Use of undefined constant UserInfo - assumed 'UserInfo' /var/www/html/officeoa/Runtime/personal/Cache/5e616c16b7ccde8581882f24ac853bf4.php 第 295 行.
ERR: [8] Use of undefined constant AddressList - assumed 'AddressList' /var/www/html/officeoa/Runtime/personal/Cache/5e616c16b7ccde8581882f24ac853bf4.php 第 296 行.
ERR: [8] Use of undefined constant Working - assumed 'Working' /var/www/html/officeoa/Runtime/personal/Cache/5e616c16b7ccde8581882f24ac853bf4.php 第 297 行.
INFO: Run ParseTemplate Behavior [ RunTime:-0.053614s ]
INFO: [ view_parse ] --END-- [ RunTime:0.081049s ]
INFO: [ view_filter ] --START--
INFO: Run ContentReplace Behavior [ RunTime:-0.134626s ]
INFO: Run TokenBuild Behavior [ RunTime:-0.135801s ]
INFO: Run WriteHtmlCache Behavior [ RunTime:-0.136250s ]
INFO: Run ShowRuntime Behavior [ RunTime:-0.136523s ]
INFO: [ view_filter ] --END-- [ RunTime:0.002443s ]
INFO: [ view_end ] --START--
INFO: Run ShowPageTrace Behavior [ RunTime:-0.137143s ]
INFO: [ view_end ] --END-- [ RunTime:0.000735s ]

[ 2013-04-19T21:02:08+08:00 ] 192.168.137.1 /apps/personal/index.php?s=/Working/index
ERR: [8] Use of undefined constant APP_DEBUG - assumed 'APP_DEBUG' /var/www/html/officeoa/define.inc.php 第 6 行.

[ 2013-04-19T21:02:09+08:00 ] 192.168.137.1 /apps/personal/index.php?s=/Working/event&start=1364659200&end=1368288000&_=1366376535676
INFO: [ route_check ] --START--
INFO: Run CheckRoute Behavior [ RunTime:0.000931s ]
INFO: [ route_check ] --END-- [ RunTime:0.001012s ]
INFO: [ app_begin ] --START--
INFO: Run ReadHtmlCache Behavior [ RunTime:-0.000312s ]
INFO: [ app_begin ] --END-- [ RunTime:0.000683s ]

[ 2013-04-19T21:02:09+08:00 ] 192.168.137.1 /apps/personal/index.php?s=/Working/event&start=1364659200&end=1368288000&_=1366376535676
ERR: [8] Use of undefined constant APP_DEBUG - assumed 'APP_DEBUG' /var/www/html/officeoa/define.inc.php 第 6 行.

[ 2013-04-19T21:02:22+08:00 ] 192.168.137.1 /apps/personal/index.php?s=/Working/addEvent
INFO: [ route_check ] --START--
INFO: Run CheckRoute Behavior [ RunTime:0.003141s ]
INFO: [ route_check ] --END-- [ RunTime:0.003405s ]
INFO: [ app_begin ] --START--
INFO: Run ReadHtmlCache Behavior [ RunTime:-0.000874s ]
INFO: [ app_begin ] --END-- [ RunTime:0.001458s ]

[ 2013-04-19T21:02:22+08:00 ] 192.168.137.1 /apps/personal/index.php?s=/Working/addEvent
ERR: [8] Use of undefined constant APP_DEBUG - assumed 'APP_DEBUG' /var/www/html/officeoa/define.inc.php 第 6 行.

[ 2013-04-19T21:02:24+08:00 ] 192.168.137.1 /apps/personal/index.php?s=/Working/updateEvent1
INFO: [ route_check ] --START--
INFO: Run CheckRoute Behavior [ RunTime:0.000909s ]
INFO: [ route_check ] --END-- [ RunTime:0.000995s ]
INFO: [ app_begin ] --START--
INFO: Run ReadHtmlCache Behavior [ RunTime:-0.000322s ]
INFO: [ app_begin ] --END-- [ RunTime:0.000597s ]

[ 2013-04-19T21:02:24+08:00 ] 192.168.137.1 /apps/personal/index.php?s=/Working/updateEvent1
ERR: [8] Use of undefined constant APP_DEBUG - assumed 'APP_DEBUG' /var/www/html/officeoa/define.inc.php 第 6 行.

[ 2013-04-19T21:02:25+08:00 ] 192.168.137.1 /apps/personal/index.php?s=/Working/updateEvent1
INFO: [ route_check ] --START--
INFO: Run CheckRoute Behavior [ RunTime:0.000981s ]
INFO: [ route_check ] --END-- [ RunTime:0.001064s ]
INFO: [ app_begin ] --START--
INFO: Run ReadHtmlCache Behavior [ RunTime:-0.000341s ]
INFO: [ app_begin ] --END-- [ RunTime:0.000658s ]

[ 2013-04-19T21:02:25+08:00 ] 192.168.137.1 /apps/personal/index.php?s=/Working/updateEvent1
ERR: [8] Use of undefined constant APP_DEBUG - assumed 'APP_DEBUG' /var/www/html/officeoa/define.inc.php 第 6 行.

[ 2013-04-19T21:02:33+08:00 ] 192.168.137.1 /apps/personal/index.php?s=/Working/updateEvent1
INFO: [ route_check ] --START--
INFO: Run CheckRoute Behavior [ RunTime:0.013411s ]
INFO: [ route_check ] --END-- [ RunTime:0.013694s ]
INFO: [ app_begin ] --START--
INFO: Run ReadHtmlCache Behavior [ RunTime:-0.001479s ]
INFO: [ app_begin ] --END-- [ RunTime:0.001499s ]

[ 2013-04-19T21:02:33+08:00 ] 192.168.137.1 /apps/personal/index.php?s=/Working/updateEvent1
ERR: [8] Use of undefined constant APP_DEBUG - assumed 'APP_DEBUG' /var/www/html/officeoa/define.inc.php 第 6 行.

[ 2013-04-19T21:02:36+08:00 ] 192.168.137.1 /apps/personal/index.php?s=/Working/updateEvent1
INFO: [ route_check ] --START--
INFO: Run CheckRoute Behavior [ RunTime:0.002623s ]
INFO: [ route_check ] --END-- [ RunTime:0.002903s ]
INFO: [ app_begin ] --START--
INFO: Run ReadHtmlCache Behavior [ RunTime:-0.001477s ]
INFO: [ app_begin ] --END-- [ RunTime:0.034243s ]

[ 2013-04-19T21:02:36+08:00 ] 192.168.137.1 /apps/personal/index.php?s=/Working/updateEvent1
ERR: [8] Use of undefined constant APP_DEBUG - assumed 'APP_DEBUG' /var/www/html/officeoa/define.inc.php 第 6 行.

[ 2013-04-19T21:02:43+08:00 ] 192.168.137.1 /apps/personal/index.php?s=/Working/deleteEvent
INFO: [ route_check ] --START--
INFO: Run CheckRoute Behavior [ RunTime:0.001118s ]
INFO: [ route_check ] --END-- [ RunTime:0.001262s ]
INFO: [ app_begin ] --START--
INFO: Run ReadHtmlCache Behavior [ RunTime:-0.000442s ]
INFO: [ app_begin ] --END-- [ RunTime:0.000707s ]

[ 2013-04-19T21:02:43+08:00 ] 192.168.137.1 /apps/personal/index.php?s=/Working/deleteEvent
ERR: [8] Use of undefined constant APP_DEBUG - assumed 'APP_DEBUG' /var/www/html/officeoa/define.inc.php 第 6 行.

[ 2013-04-19T21:05:51+08:00 ] 192.168.137.1 /apps/personal/index.php?s=/Working/index
INFO: [ route_check ] --START--
INFO: Run CheckRoute Behavior [ RunTime:0.001001s ]
INFO: [ route_check ] --END-- [ RunTime:0.001125s ]
INFO: [ app_begin ] --START--
INFO: Run ReadHtmlCache Behavior [ RunTime:-0.000338s ]
INFO: [ app_begin ] --END-- [ RunTime:0.000683s ]
INFO: [ view_template ] --START--
INFO: Run LocationTemplate Behavior [ RunTime:-0.012343s ]
INFO: [ view_template ] --END-- [ RunTime:0.000860s ]
INFO: [ view_parse ] --START--
ERR: [8] Use of undefined constant personal - assumed 'personal' /var/www/html/officeoa/Runtime/personal/Cache/5e616c16b7ccde8581882f24ac853bf4.php 第 181 行.
ERR: [8] Use of undefined constant info - assumed 'info' /var/www/html/officeoa/Runtime/personal/Cache/5e616c16b7ccde8581882f24ac853bf4.php 第 197 行.
ERR: [8] Use of undefined constant UserInfo - assumed 'UserInfo' /var/www/html/officeoa/Runtime/personal/Cache/5e616c16b7ccde8581882f24ac853bf4.php 第 295 行.
ERR: [8] Use of undefined constant AddressList - assumed 'AddressList' /var/www/html/officeoa/Runtime/personal/Cache/5e616c16b7ccde8581882f24ac853bf4.php 第 296 行.
ERR: [8] Use of undefined constant Working - assumed 'Working' /var/www/html/officeoa/Runtime/personal/Cache/5e616c16b7ccde8581882f24ac853bf4.php 第 297 行.
INFO: Run ParseTemplate Behavior [ RunTime:-0.013259s ]
INFO: [ view_parse ] --END-- [ RunTime:0.039641s ]
INFO: [ view_filter ] --START--
INFO: Run ContentReplace Behavior [ RunTime:-0.052923s ]
INFO: Run TokenBuild Behavior [ RunTime:-0.053712s ]
INFO: Run WriteHtmlCache Behavior [ RunTime:-0.054132s ]
INFO: Run ShowRuntime Behavior [ RunTime:-0.054369s ]
INFO: [ view_filter ] --END-- [ RunTime:0.002002s ]
INFO: [ view_end ] --START--
INFO: Run ShowPageTrace Behavior [ RunTime:-0.055581s ]
INFO: [ view_end ] --END-- [ RunTime:0.000870s ]

[ 2013-04-19T21:05:51+08:00 ] 192.168.137.1 /apps/personal/index.php?s=/Working/index
ERR: [8] Use of undefined constant APP_DEBUG - assumed 'APP_DEBUG' /var/www/html/officeoa/define.inc.php 第 6 行.

[ 2013-04-19T21:05:52+08:00 ] 192.168.137.1 /apps/personal/index.php?s=/Working/event&start=1364659200&end=1368288000&_=1366376758632
INFO: [ route_check ] --START--
INFO: Run CheckRoute Behavior [ RunTime:0.001188s ]
INFO: [ route_check ] --END-- [ RunTime:0.001431s ]
INFO: [ app_begin ] --START--
INFO: Run ReadHtmlCache Behavior [ RunTime:-0.000498s ]
INFO: [ app_begin ] --END-- [ RunTime:0.000885s ]

[ 2013-04-19T21:05:52+08:00 ] 192.168.137.1 /apps/personal/index.php?s=/Working/event&start=1364659200&end=1368288000&_=1366376758632
ERR: [8] Use of undefined constant APP_DEBUG - assumed 'APP_DEBUG' /var/www/html/officeoa/define.inc.php 第 6 行.

[ 2013-04-19T21:05:59+08:00 ] 192.168.137.1 /apps/personal/index.php?s=/Working/addEvent
INFO: [ route_check ] --START--
INFO: Run CheckRoute Behavior [ RunTime:0.000948s ]
INFO: [ route_check ] --END-- [ RunTime:0.001052s ]
INFO: [ app_begin ] --START--
INFO: Run ReadHtmlCache Behavior [ RunTime:-0.000376s ]
INFO: [ app_begin ] --END-- [ RunTime:0.000618s ]

[ 2013-04-19T21:05:59+08:00 ] 192.168.137.1 /apps/personal/index.php?s=/Working/addEvent
ERR: [8] Use of undefined constant APP_DEBUG - assumed 'APP_DEBUG' /var/www/html/officeoa/define.inc.php 第 6 行.

[ 2013-04-19T21:06:01+08:00 ] 192.168.137.1 /apps/personal/index.php?s=/Working/updateEvent1
INFO: [ route_check ] --START--
INFO: Run CheckRoute Behavior [ RunTime:0.001063s ]
INFO: [ route_check ] --END-- [ RunTime:0.001204s ]
INFO: [ app_begin ] --START--
INFO: Run ReadHtmlCache Behavior [ RunTime:-0.000329s ]
INFO: [ app_begin ] --END-- [ RunTime:0.000651s ]

[ 2013-04-19T21:06:01+08:00 ] 192.168.137.1 /apps/personal/index.php?s=/Working/updateEvent1
ERR: [8] Use of undefined constant APP_DEBUG - assumed 'APP_DEBUG' /var/www/html/officeoa/define.inc.php 第 6 行.

[ 2013-04-19T21:06:06+08:00 ] 192.168.137.1 /apps/personal/index.php?s=/Working/updateEvent1
INFO: [ route_check ] --START--
INFO: Run CheckRoute Behavior [ RunTime:0.001160s ]
INFO: [ route_check ] --END-- [ RunTime:0.001320s ]
INFO: [ app_begin ] --START--
INFO: Run ReadHtmlCache Behavior [ RunTime:-0.000476s ]
INFO: [ app_begin ] --END-- [ RunTime:0.000846s ]

[ 2013-04-19T21:06:06+08:00 ] 192.168.137.1 /apps/personal/index.php?s=/Working/updateEvent1
ERR: [8] Use of undefined constant APP_DEBUG - assumed 'APP_DEBUG' /var/www/html/officeoa/define.inc.php 第 6 行.

[ 2013-04-19T21:06:08+08:00 ] 192.168.137.1 /apps/personal/index.php?s=/Working/deleteEvent
INFO: [ route_check ] --START--
INFO: Run CheckRoute Behavior [ RunTime:0.000934s ]
INFO: [ route_check ] --END-- [ RunTime:0.001020s ]
INFO: [ app_begin ] --START--
INFO: Run ReadHtmlCache Behavior [ RunTime:-0.000337s ]
INFO: [ app_begin ] --END-- [ RunTime:0.000649s ]

[ 2013-04-19T21:06:08+08:00 ] 192.168.137.1 /apps/personal/index.php?s=/Working/deleteEvent
ERR: [8] Use of undefined constant APP_DEBUG - assumed 'APP_DEBUG' /var/www/html/officeoa/define.inc.php 第 6 行.

