[ 2013-04-16T23:01:18+08:00 ] 192.168.137.1 /apps/personal/index.php?s=/UserInfo/index
INFO: [ route_check ] --START--
INFO: Run CheckRoute Behavior [ RunTime:0.001015s ]
INFO: [ route_check ] --END-- [ RunTime:0.001111s ]
INFO: [ app_begin ] --START--
INFO: Run ReadHtmlCache Behavior [ RunTime:-0.000325s ]
INFO: [ app_begin ] --END-- [ RunTime:0.000721s ]
INFO: [ view_template ] --START--
INFO: Run LocationTemplate Behavior [ RunTime:-0.025704s ]
INFO: [ view_template ] --END-- [ RunTime:0.002654s ]
INFO: [ view_parse ] --START--
ERR: [8] Use of undefined constant personal - assumed 'personal' /var/www/html/officeoa/Runtime/personal/Cache/94a574c5f9bf91d0f128e72ff107d23a.php 第 181 行.
ERR: [8] Use of undefined constant UserInfo - assumed 'UserInfo' /var/www/html/officeoa/Runtime/personal/Cache/94a574c5f9bf91d0f128e72ff107d23a.php 第 289 行.
ERR: [8] Use of undefined constant AddressList - assumed 'AddressList' /var/www/html/officeoa/Runtime/personal/Cache/94a574c5f9bf91d0f128e72ff107d23a.php 第 290 行.
ERR: [8] Use of undefined constant Working - assumed 'Working' /var/www/html/officeoa/Runtime/personal/Cache/94a574c5f9bf91d0f128e72ff107d23a.php 第 291 行.
INFO: Run ParseTemplate Behavior [ RunTime:-0.028380s ]
INFO: [ view_parse ] --END-- [ RunTime:0.038628s ]
INFO: [ view_filter ] --START--
INFO: Run ContentReplace Behavior [ RunTime:-0.067067s ]
INFO: Run TokenBuild Behavior [ RunTime:-0.068162s ]
INFO: Run WriteHtmlCache Behavior [ RunTime:-0.068733s ]
INFO: Run ShowRuntime Behavior [ RunTime:-0.068981s ]
INFO: [ view_filter ] --END-- [ RunTime:0.002481s ]
INFO: [ view_end ] --START--
INFO: Run ShowPageTrace Behavior [ RunTime:-0.070030s ]
INFO: [ view_end ] --END-- [ RunTime:0.000770s ]

[ 2013-04-16T23:01:18+08:00 ] 192.168.137.1 /apps/personal/index.php?s=/UserInfo/index
ERR: [8] Use of undefined constant APP_DEBUG - assumed 'APP_DEBUG' /var/www/html/officeoa/define.inc.php 第 6 行.

[ 2013-04-16T23:01:20+08:00 ] 192.168.137.1 /apps/personal/index.php?s=/AddressList/index
INFO: [ route_check ] --START--
INFO: Run CheckRoute Behavior [ RunTime:0.001179s ]
INFO: [ route_check ] --END-- [ RunTime:0.001304s ]
INFO: [ app_begin ] --START--
INFO: Run ReadHtmlCache Behavior [ RunTime:-0.000383s ]
INFO: [ app_begin ] --END-- [ RunTime:0.000717s ]
INFO: [ view_template ] --START--
INFO: Run LocationTemplate Behavior [ RunTime:-0.034256s ]
INFO: [ view_template ] --END-- [ RunTime:0.001391s ]
INFO: [ view_parse ] --START--
ERR: [8] Use of undefined constant personal - assumed 'personal' /var/www/html/officeoa/Runtime/personal/Cache/65052d6189b36d2476ce37bc350cf356.php 第 181 行.
ERR: [8] Use of undefined constant UserInfo - assumed 'UserInfo' /var/www/html/officeoa/Runtime/personal/Cache/65052d6189b36d2476ce37bc350cf356.php 第 289 行.
ERR: [8] Use of undefined constant AddressList - assumed 'AddressList' /var/www/html/officeoa/Runtime/personal/Cache/65052d6189b36d2476ce37bc350cf356.php 第 290 行.
ERR: [8] Use of undefined constant Working - assumed 'Working' /var/www/html/officeoa/Runtime/personal/Cache/65052d6189b36d2476ce37bc350cf356.php 第 291 行.
INFO: Run ParseTemplate Behavior [ RunTime:-0.035705s ]
INFO: [ view_parse ] --END-- [ RunTime:0.028473s ]
INFO: [ view_filter ] --START--
INFO: Run ContentReplace Behavior [ RunTime:-0.064271s ]
INFO: Run TokenBuild Behavior [ RunTime:-0.064876s ]
INFO: Run WriteHtmlCache Behavior [ RunTime:-0.065260s ]
INFO: Run ShowRuntime Behavior [ RunTime:-0.065460s ]
INFO: [ view_filter ] --END-- [ RunTime:0.001824s ]
INFO: [ view_end ] --START--
INFO: Run ShowPageTrace Behavior [ RunTime:-0.066112s ]
INFO: [ view_end ] --END-- [ RunTime:0.000637s ]

[ 2013-04-16T23:01:20+08:00 ] 192.168.137.1 /apps/personal/index.php?s=/AddressList/index
ERR: [8] Use of undefined constant APP_DEBUG - assumed 'APP_DEBUG' /var/www/html/officeoa/define.inc.php 第 6 行.

[ 2013-04-16T23:01:25+08:00 ] 192.168.137.1 /apps/personal/index.php?s=/AddressList/search
INFO: [ route_check ] --START--
INFO: Run CheckRoute Behavior [ RunTime:0.000923s ]
INFO: [ route_check ] --END-- [ RunTime:0.001012s ]
INFO: [ app_begin ] --START--
INFO: Run ReadHtmlCache Behavior [ RunTime:-0.000328s ]
INFO: [ app_begin ] --END-- [ RunTime:0.000646s ]
ERR: [2] Invalid argument supplied for foreach() /var/www/html/officeoa/apps/personal/Lib/Action/AddressListAction.class.php 第 43 行.

[ 2013-04-16T23:01:25+08:00 ] 192.168.137.1 /apps/personal/index.php?s=/AddressList/search
ERR: [8] Use of undefined constant APP_DEBUG - assumed 'APP_DEBUG' /var/www/html/officeoa/define.inc.php 第 6 行.

[ 2013-04-16T23:01:26+08:00 ] 192.168.137.1 /apps/personal/index.php?s=/AddressList/search
INFO: [ route_check ] --START--
INFO: Run CheckRoute Behavior [ RunTime:0.000872s ]
INFO: [ route_check ] --END-- [ RunTime:0.000953s ]
INFO: [ app_begin ] --START--
INFO: Run ReadHtmlCache Behavior [ RunTime:-0.000339s ]
INFO: [ app_begin ] --END-- [ RunTime:0.000624s ]

[ 2013-04-16T23:01:26+08:00 ] 192.168.137.1 /apps/personal/index.php?s=/AddressList/search
ERR: [8] Use of undefined constant APP_DEBUG - assumed 'APP_DEBUG' /var/www/html/officeoa/define.inc.php 第 6 行.

[ 2013-04-16T23:01:28+08:00 ] 192.168.137.1 /apps/personal/index.php?s=/AddressList/search
INFO: [ route_check ] --START--
INFO: Run CheckRoute Behavior [ RunTime:0.000903s ]
INFO: [ route_check ] --END-- [ RunTime:0.001065s ]
INFO: [ app_begin ] --START--
INFO: Run ReadHtmlCache Behavior [ RunTime:-0.000450s ]
INFO: [ app_begin ] --END-- [ RunTime:0.000582s ]

[ 2013-04-16T23:01:28+08:00 ] 192.168.137.1 /apps/personal/index.php?s=/AddressList/search
ERR: [8] Use of undefined constant APP_DEBUG - assumed 'APP_DEBUG' /var/www/html/officeoa/define.inc.php 第 6 行.

[ 2013-04-16T23:01:29+08:00 ] 192.168.137.1 /apps/personal/index.php?s=/AddressList/search
INFO: [ route_check ] --START--
INFO: Run CheckRoute Behavior [ RunTime:0.000885s ]
INFO: [ route_check ] --END-- [ RunTime:0.000965s ]
INFO: [ app_begin ] --START--
INFO: Run ReadHtmlCache Behavior [ RunTime:-0.000319s ]
INFO: [ app_begin ] --END-- [ RunTime:0.000594s ]

[ 2013-04-16T23:01:29+08:00 ] 192.168.137.1 /apps/personal/index.php?s=/AddressList/search
ERR: [8] Use of undefined constant APP_DEBUG - assumed 'APP_DEBUG' /var/www/html/officeoa/define.inc.php 第 6 行.

[ 2013-04-16T23:01:31+08:00 ] 192.168.137.1 /apps/personal/index.php?s=/AddressList/search
INFO: [ route_check ] --START--
INFO: Run CheckRoute Behavior [ RunTime:0.001014s ]
INFO: [ route_check ] --END-- [ RunTime:0.001236s ]
INFO: [ app_begin ] --START--
INFO: Run ReadHtmlCache Behavior [ RunTime:-0.000554s ]
INFO: [ app_begin ] --END-- [ RunTime:0.000692s ]

[ 2013-04-16T23:01:31+08:00 ] 192.168.137.1 /apps/personal/index.php?s=/AddressList/search
ERR: [8] Use of undefined constant APP_DEBUG - assumed 'APP_DEBUG' /var/www/html/officeoa/define.inc.php 第 6 行.

[ 2013-04-16T23:01:34+08:00 ] 192.168.137.1 /apps/personal/index.php?s=/AddressList/search
INFO: [ route_check ] --START--
INFO: Run CheckRoute Behavior [ RunTime:0.000877s ]
INFO: [ route_check ] --END-- [ RunTime:0.000957s ]
INFO: [ app_begin ] --START--
INFO: Run ReadHtmlCache Behavior [ RunTime:-0.000327s ]
INFO: [ app_begin ] --END-- [ RunTime:0.000595s ]
ERR: [2] Invalid argument supplied for foreach() /var/www/html/officeoa/apps/personal/Lib/Action/AddressListAction.class.php 第 43 行.

[ 2013-04-16T23:01:34+08:00 ] 192.168.137.1 /apps/personal/index.php?s=/AddressList/search
ERR: [8] Use of undefined constant APP_DEBUG - assumed 'APP_DEBUG' /var/www/html/officeoa/define.inc.php 第 6 行.

[ 2013-04-16T23:01:34+08:00 ] 192.168.137.1 /apps/personal/index.php?s=/AddressList/search
INFO: [ route_check ] --START--
INFO: Run CheckRoute Behavior [ RunTime:0.000864s ]
INFO: [ route_check ] --END-- [ RunTime:0.000943s ]
INFO: [ app_begin ] --START--
INFO: Run ReadHtmlCache Behavior [ RunTime:-0.000286s ]
INFO: [ app_begin ] --END-- [ RunTime:0.000597s ]
ERR: [2] Invalid argument supplied for foreach() /var/www/html/officeoa/apps/personal/Lib/Action/AddressListAction.class.php 第 43 行.

[ 2013-04-16T23:01:34+08:00 ] 192.168.137.1 /apps/personal/index.php?s=/AddressList/search
ERR: [8] Use of undefined constant APP_DEBUG - assumed 'APP_DEBUG' /var/www/html/officeoa/define.inc.php 第 6 行.

[ 2013-04-16T23:01:36+08:00 ] 192.168.137.1 /apps/personal/index.php?s=/AddressList/search
INFO: [ route_check ] --START--
INFO: Run CheckRoute Behavior [ RunTime:0.000856s ]
INFO: [ route_check ] --END-- [ RunTime:0.000937s ]
INFO: [ app_begin ] --START--
INFO: Run ReadHtmlCache Behavior [ RunTime:-0.000296s ]
INFO: [ app_begin ] --END-- [ RunTime:0.000635s ]

[ 2013-04-16T23:01:36+08:00 ] 192.168.137.1 /apps/personal/index.php?s=/AddressList/search
ERR: [8] Use of undefined constant APP_DEBUG - assumed 'APP_DEBUG' /var/www/html/officeoa/define.inc.php 第 6 行.

