[ 2013-04-25T18:11:39+08:00 ] 192.168.137.1 /apps/personal/index.php?s=/UserInfo/index
INFO: [ route_check ] --START--
INFO: Run CheckRoute Behavior [ RunTime:0.001351s ]
INFO: [ route_check ] --END-- [ RunTime:0.001570s ]
INFO: [ app_begin ] --START--
INFO: Run ReadHtmlCache Behavior [ RunTime:-0.000686s ]
INFO: [ app_begin ] --END-- [ RunTime:0.001023s ]
INFO: [ view_template ] --START--
INFO: Run LocationTemplate Behavior [ RunTime:-0.041525s ]
INFO: [ view_template ] --END-- [ RunTime:0.002562s ]
INFO: [ view_parse ] --START--
ERR: [8] Use of undefined constant personal - assumed 'personal' /var/www/html/officeoa/Runtime/personal/Cache/94a574c5f9bf91d0f128e72ff107d23a.php 第 181 行.
ERR: [8] Use of undefined constant info - assumed 'info' /var/www/html/officeoa/Runtime/personal/Cache/94a574c5f9bf91d0f128e72ff107d23a.php 第 197 行.
ERR: [8] Use of undefined constant UserInfo - assumed 'UserInfo' /var/www/html/officeoa/Runtime/personal/Cache/94a574c5f9bf91d0f128e72ff107d23a.php 第 289 行.
ERR: [8] Use of undefined constant AddressList - assumed 'AddressList' /var/www/html/officeoa/Runtime/personal/Cache/94a574c5f9bf91d0f128e72ff107d23a.php 第 290 行.
ERR: [8] Use of undefined constant Working - assumed 'Working' /var/www/html/officeoa/Runtime/personal/Cache/94a574c5f9bf91d0f128e72ff107d23a.php 第 291 行.
INFO: Run ParseTemplate Behavior [ RunTime:-0.044153s ]
INFO: [ view_parse ] --END-- [ RunTime:0.055061s ]
INFO: [ view_filter ] --START--
INFO: Run ContentReplace Behavior [ RunTime:-0.099283s ]
INFO: Run TokenBuild Behavior [ RunTime:-0.100126s ]
INFO: Run WriteHtmlCache Behavior [ RunTime:-0.100826s ]
INFO: Run ShowRuntime Behavior [ RunTime:-0.101598s ]
INFO: [ view_filter ] --END-- [ RunTime:0.002980s ]
INFO: [ view_end ] --START--
INFO: Run ShowPageTrace Behavior [ RunTime:-0.102392s ]
INFO: [ view_end ] --END-- [ RunTime:0.000824s ]

[ 2013-04-25T18:11:39+08:00 ] 192.168.137.1 /apps/personal/index.php?s=/UserInfo/index
ERR: [8] Use of undefined constant APP_DEBUG - assumed 'APP_DEBUG' /var/www/html/officeoa/define.inc.php 第 6 行.

[ 2013-04-25T18:11:42+08:00 ] 192.168.137.1 /apps/personal/index.php?s=/AddressList/index
INFO: [ route_check ] --START--
INFO: Run CheckRoute Behavior [ RunTime:0.001553s ]
INFO: [ route_check ] --END-- [ RunTime:0.001737s ]
INFO: [ app_begin ] --START--
INFO: Run ReadHtmlCache Behavior [ RunTime:-0.000689s ]
INFO: [ app_begin ] --END-- [ RunTime:0.001060s ]
INFO: [ view_template ] --START--
INFO: Run LocationTemplate Behavior [ RunTime:-0.041731s ]
INFO: [ view_template ] --END-- [ RunTime:0.013253s ]
INFO: [ view_parse ] --START--
ERR: [8] Use of undefined constant personal - assumed 'personal' /var/www/html/officeoa/Runtime/personal/Cache/65052d6189b36d2476ce37bc350cf356.php 第 181 行.
ERR: [8] Use of undefined constant info - assumed 'info' /var/www/html/officeoa/Runtime/personal/Cache/65052d6189b36d2476ce37bc350cf356.php 第 197 行.
ERR: [8] Use of undefined constant UserInfo - assumed 'UserInfo' /var/www/html/officeoa/Runtime/personal/Cache/65052d6189b36d2476ce37bc350cf356.php 第 289 行.
ERR: [8] Use of undefined constant AddressList - assumed 'AddressList' /var/www/html/officeoa/Runtime/personal/Cache/65052d6189b36d2476ce37bc350cf356.php 第 290 行.
ERR: [8] Use of undefined constant Working - assumed 'Working' /var/www/html/officeoa/Runtime/personal/Cache/65052d6189b36d2476ce37bc350cf356.php 第 291 行.
INFO: Run ParseTemplate Behavior [ RunTime:-0.054974s ]
INFO: [ view_parse ] --END-- [ RunTime:0.055599s ]
INFO: [ view_filter ] --START--
INFO: Run ContentReplace Behavior [ RunTime:-0.110600s ]
INFO: Run TokenBuild Behavior [ RunTime:-0.111486s ]
INFO: Run WriteHtmlCache Behavior [ RunTime:-0.112011s ]
INFO: Run ShowRuntime Behavior [ RunTime:-0.112342s ]
INFO: [ view_filter ] --END-- [ RunTime:0.002344s ]
INFO: [ view_end ] --START--
INFO: Run ShowPageTrace Behavior [ RunTime:-0.113079s ]
INFO: [ view_end ] --END-- [ RunTime:0.000738s ]

[ 2013-04-25T18:11:42+08:00 ] 192.168.137.1 /apps/personal/index.php?s=/AddressList/index
ERR: [8] Use of undefined constant APP_DEBUG - assumed 'APP_DEBUG' /var/www/html/officeoa/define.inc.php 第 6 行.

[ 2013-04-25T18:12:11+08:00 ] 192.168.137.1 /apps/personal/index.php?s=/Working/index
INFO: [ route_check ] --START--
INFO: Run CheckRoute Behavior [ RunTime:0.001214s ]
INFO: [ route_check ] --END-- [ RunTime:0.001357s ]
INFO: [ app_begin ] --START--
INFO: Run ReadHtmlCache Behavior [ RunTime:-0.000567s ]
INFO: [ app_begin ] --END-- [ RunTime:0.000920s ]
INFO: [ view_template ] --START--
INFO: Run LocationTemplate Behavior [ RunTime:-0.045697s ]
INFO: [ view_template ] --END-- [ RunTime:0.034699s ]
INFO: [ view_parse ] --START--
ERR: [8] Use of undefined constant personal - assumed 'personal' /var/www/html/officeoa/Runtime/personal/Cache/5e616c16b7ccde8581882f24ac853bf4.php 第 181 行.
ERR: [8] Use of undefined constant info - assumed 'info' /var/www/html/officeoa/Runtime/personal/Cache/5e616c16b7ccde8581882f24ac853bf4.php 第 197 行.
ERR: [8] Use of undefined constant UserInfo - assumed 'UserInfo' /var/www/html/officeoa/Runtime/personal/Cache/5e616c16b7ccde8581882f24ac853bf4.php 第 295 行.
ERR: [8] Use of undefined constant AddressList - assumed 'AddressList' /var/www/html/officeoa/Runtime/personal/Cache/5e616c16b7ccde8581882f24ac853bf4.php 第 296 行.
ERR: [8] Use of undefined constant Working - assumed 'Working' /var/www/html/officeoa/Runtime/personal/Cache/5e616c16b7ccde8581882f24ac853bf4.php 第 297 行.
INFO: Run ParseTemplate Behavior [ RunTime:-0.080478s ]
INFO: [ view_parse ] --END-- [ RunTime:0.042255s ]
INFO: [ view_filter ] --START--
INFO: Run ContentReplace Behavior [ RunTime:-0.122754s ]
INFO: Run TokenBuild Behavior [ RunTime:-0.123653s ]
INFO: Run WriteHtmlCache Behavior [ RunTime:-0.124093s ]
INFO: Run ShowRuntime Behavior [ RunTime:-0.124339s ]
INFO: [ view_filter ] --END-- [ RunTime:0.002227s ]
INFO: [ view_end ] --START--
INFO: Run ShowPageTrace Behavior [ RunTime:-0.125197s ]
INFO: [ view_end ] --END-- [ RunTime:0.000741s ]

[ 2013-04-25T18:12:11+08:00 ] 192.168.137.1 /apps/personal/index.php?s=/Working/index
ERR: [8] Use of undefined constant APP_DEBUG - assumed 'APP_DEBUG' /var/www/html/officeoa/define.inc.php 第 6 行.

[ 2013-04-25T18:12:12+08:00 ] 192.168.137.1 /apps/personal/index.php?s=/Working/event&start=1364659200&end=1368288000&_=1366884746071
INFO: [ route_check ] --START--
INFO: Run CheckRoute Behavior [ RunTime:0.001258s ]
INFO: [ route_check ] --END-- [ RunTime:0.001776s ]
INFO: [ app_begin ] --START--
INFO: Run ReadHtmlCache Behavior [ RunTime:-0.000984s ]
INFO: [ app_begin ] --END-- [ RunTime:0.000864s ]

[ 2013-04-25T18:12:12+08:00 ] 192.168.137.1 /apps/personal/index.php?s=/Working/event&start=1364659200&end=1368288000&_=1366884746071
ERR: [8] Use of undefined constant APP_DEBUG - assumed 'APP_DEBUG' /var/www/html/officeoa/define.inc.php 第 6 行.

[ 2013-04-25T18:12:16+08:00 ] 192.168.137.1 /apps/personal/index.php?s=/Working/addEvent
INFO: [ route_check ] --START--
INFO: Run CheckRoute Behavior [ RunTime:0.001397s ]
INFO: [ route_check ] --END-- [ RunTime:0.001566s ]
INFO: [ app_begin ] --START--
INFO: Run ReadHtmlCache Behavior [ RunTime:-0.000626s ]
INFO: [ app_begin ] --END-- [ RunTime:0.000853s ]

[ 2013-04-25T18:12:16+08:00 ] 192.168.137.1 /apps/personal/index.php?s=/Working/addEvent
ERR: [8] Use of undefined constant APP_DEBUG - assumed 'APP_DEBUG' /var/www/html/officeoa/define.inc.php 第 6 行.

[ 2013-04-25T18:12:29+08:00 ] 192.168.137.1 /apps/personal/index.php?s=/Working/addEvent
INFO: [ route_check ] --START--
INFO: Run CheckRoute Behavior [ RunTime:0.001517s ]
INFO: [ route_check ] --END-- [ RunTime:0.001861s ]
INFO: [ app_begin ] --START--
INFO: Run ReadHtmlCache Behavior [ RunTime:-0.000818s ]
INFO: [ app_begin ] --END-- [ RunTime:0.000896s ]

[ 2013-04-25T18:12:29+08:00 ] 192.168.137.1 /apps/personal/index.php?s=/Working/addEvent
ERR: [8] Use of undefined constant APP_DEBUG - assumed 'APP_DEBUG' /var/www/html/officeoa/define.inc.php 第 6 行.

[ 2013-04-25T18:12:57+08:00 ] 192.168.137.1 /apps/personal/index.php?s=/Working/index
INFO: [ route_check ] --START--
INFO: Run CheckRoute Behavior [ RunTime:0.001377s ]
INFO: [ route_check ] --END-- [ RunTime:0.001507s ]
INFO: [ app_begin ] --START--
INFO: Run ReadHtmlCache Behavior [ RunTime:-0.000341s ]
INFO: [ app_begin ] --END-- [ RunTime:0.000785s ]
INFO: [ view_template ] --START--
INFO: Run LocationTemplate Behavior [ RunTime:-0.009944s ]
INFO: [ view_template ] --END-- [ RunTime:0.000724s ]
INFO: [ view_parse ] --START--
ERR: [8] Use of undefined constant personal - assumed 'personal' /var/www/html/officeoa/Runtime/personal/Cache/5e616c16b7ccde8581882f24ac853bf4.php 第 181 行.
ERR: [8] Use of undefined constant info - assumed 'info' /var/www/html/officeoa/Runtime/personal/Cache/5e616c16b7ccde8581882f24ac853bf4.php 第 197 行.
ERR: [8] Use of undefined constant UserInfo - assumed 'UserInfo' /var/www/html/officeoa/Runtime/personal/Cache/5e616c16b7ccde8581882f24ac853bf4.php 第 295 行.
ERR: [8] Use of undefined constant AddressList - assumed 'AddressList' /var/www/html/officeoa/Runtime/personal/Cache/5e616c16b7ccde8581882f24ac853bf4.php 第 296 行.
ERR: [8] Use of undefined constant Working - assumed 'Working' /var/www/html/officeoa/Runtime/personal/Cache/5e616c16b7ccde8581882f24ac853bf4.php 第 297 行.
INFO: Run ParseTemplate Behavior [ RunTime:-0.010683s ]
INFO: [ view_parse ] --END-- [ RunTime:0.026795s ]
INFO: [ view_filter ] --START--
INFO: Run ContentReplace Behavior [ RunTime:-0.037516s ]
INFO: Run TokenBuild Behavior [ RunTime:-0.038578s ]
INFO: Run WriteHtmlCache Behavior [ RunTime:-0.039171s ]
INFO: Run ShowRuntime Behavior [ RunTime:-0.039441s ]
INFO: [ view_filter ] --END-- [ RunTime:0.002485s ]
INFO: [ view_end ] --START--
INFO: Run ShowPageTrace Behavior [ RunTime:-0.040133s ]
INFO: [ view_end ] --END-- [ RunTime:0.000661s ]

[ 2013-04-25T18:12:57+08:00 ] 192.168.137.1 /apps/personal/index.php?s=/Working/index
ERR: [8] Use of undefined constant APP_DEBUG - assumed 'APP_DEBUG' /var/www/html/officeoa/define.inc.php 第 6 行.

[ 2013-04-25T18:12:58+08:00 ] 192.168.137.1 /apps/personal/index.php?s=/Working/event&start=1364659200&end=1368288000&_=1366884791797
INFO: [ route_check ] --START--
INFO: Run CheckRoute Behavior [ RunTime:0.001112s ]
INFO: [ route_check ] --END-- [ RunTime:0.001254s ]
INFO: [ app_begin ] --START--
INFO: Run ReadHtmlCache Behavior [ RunTime:-0.003232s ]
INFO: [ app_begin ] --END-- [ RunTime:0.001360s ]

[ 2013-04-25T18:12:58+08:00 ] 192.168.137.1 /apps/personal/index.php?s=/Working/event&start=1364659200&end=1368288000&_=1366884791797
ERR: [8] Use of undefined constant APP_DEBUG - assumed 'APP_DEBUG' /var/www/html/officeoa/define.inc.php 第 6 行.

[ 2013-04-25T18:13:01+08:00 ] 192.168.137.1 /apps/personal/index.php?s=/Working/index
INFO: [ route_check ] --START--
INFO: Run CheckRoute Behavior [ RunTime:0.001348s ]
INFO: [ route_check ] --END-- [ RunTime:0.001440s ]
INFO: [ app_begin ] --START--
INFO: Run ReadHtmlCache Behavior [ RunTime:-0.000346s ]
INFO: [ app_begin ] --END-- [ RunTime:0.000689s ]
INFO: [ view_template ] --START--
INFO: Run LocationTemplate Behavior [ RunTime:-0.009485s ]
INFO: [ view_template ] --END-- [ RunTime:0.000546s ]
INFO: [ view_parse ] --START--
ERR: [8] Use of undefined constant personal - assumed 'personal' /var/www/html/officeoa/Runtime/personal/Cache/5e616c16b7ccde8581882f24ac853bf4.php 第 181 行.
ERR: [8] Use of undefined constant info - assumed 'info' /var/www/html/officeoa/Runtime/personal/Cache/5e616c16b7ccde8581882f24ac853bf4.php 第 197 行.
ERR: [8] Use of undefined constant UserInfo - assumed 'UserInfo' /var/www/html/officeoa/Runtime/personal/Cache/5e616c16b7ccde8581882f24ac853bf4.php 第 295 行.
ERR: [8] Use of undefined constant AddressList - assumed 'AddressList' /var/www/html/officeoa/Runtime/personal/Cache/5e616c16b7ccde8581882f24ac853bf4.php 第 296 行.
ERR: [8] Use of undefined constant Working - assumed 'Working' /var/www/html/officeoa/Runtime/personal/Cache/5e616c16b7ccde8581882f24ac853bf4.php 第 297 行.
INFO: Run ParseTemplate Behavior [ RunTime:-0.010078s ]
INFO: [ view_parse ] --END-- [ RunTime:0.026848s ]
INFO: [ view_filter ] --START--
INFO: Run ContentReplace Behavior [ RunTime:-0.036960s ]
INFO: Run TokenBuild Behavior [ RunTime:-0.037617s ]
INFO: Run WriteHtmlCache Behavior [ RunTime:-0.038031s ]
INFO: Run ShowRuntime Behavior [ RunTime:-0.038247s ]
INFO: [ view_filter ] --END-- [ RunTime:0.002063s ]
INFO: [ view_end ] --START--
INFO: Run ShowPageTrace Behavior [ RunTime:-0.039193s ]
INFO: [ view_end ] --END-- [ RunTime:0.001250s ]

[ 2013-04-25T18:13:01+08:00 ] 192.168.137.1 /apps/personal/index.php?s=/Working/index
ERR: [8] Use of undefined constant APP_DEBUG - assumed 'APP_DEBUG' /var/www/html/officeoa/define.inc.php 第 6 行.

[ 2013-04-25T18:13:02+08:00 ] 192.168.137.1 /apps/personal/index.php?s=/Working/event&start=1364659200&end=1368288000&_=1366884795723
INFO: [ route_check ] --START--
INFO: Run CheckRoute Behavior [ RunTime:0.002827s ]
INFO: [ route_check ] --END-- [ RunTime:0.002930s ]
INFO: [ app_begin ] --START--
INFO: Run ReadHtmlCache Behavior [ RunTime:-0.000419s ]
INFO: [ app_begin ] --END-- [ RunTime:0.001132s ]

[ 2013-04-25T18:13:02+08:00 ] 192.168.137.1 /apps/personal/index.php?s=/Working/event&start=1364659200&end=1368288000&_=1366884795723
ERR: [8] Use of undefined constant APP_DEBUG - assumed 'APP_DEBUG' /var/www/html/officeoa/define.inc.php 第 6 行.

[ 2013-04-25T18:13:04+08:00 ] 192.168.137.1 /apps/personal/index.php?s=/Working/index
INFO: [ route_check ] --START--
INFO: Run CheckRoute Behavior [ RunTime:0.001026s ]
INFO: [ route_check ] --END-- [ RunTime:0.001117s ]
INFO: [ app_begin ] --START--
INFO: Run ReadHtmlCache Behavior [ RunTime:-0.000316s ]
INFO: [ app_begin ] --END-- [ RunTime:0.000637s ]
INFO: [ view_template ] --START--
INFO: Run LocationTemplate Behavior [ RunTime:-0.009329s ]
INFO: [ view_template ] --END-- [ RunTime:0.001130s ]
INFO: [ view_parse ] --START--
ERR: [8] Use of undefined constant personal - assumed 'personal' /var/www/html/officeoa/Runtime/personal/Cache/5e616c16b7ccde8581882f24ac853bf4.php 第 181 行.
ERR: [8] Use of undefined constant info - assumed 'info' /var/www/html/officeoa/Runtime/personal/Cache/5e616c16b7ccde8581882f24ac853bf4.php 第 197 行.
ERR: [8] Use of undefined constant UserInfo - assumed 'UserInfo' /var/www/html/officeoa/Runtime/personal/Cache/5e616c16b7ccde8581882f24ac853bf4.php 第 295 行.
ERR: [8] Use of undefined constant AddressList - assumed 'AddressList' /var/www/html/officeoa/Runtime/personal/Cache/5e616c16b7ccde8581882f24ac853bf4.php 第 296 行.
ERR: [8] Use of undefined constant Working - assumed 'Working' /var/www/html/officeoa/Runtime/personal/Cache/5e616c16b7ccde8581882f24ac853bf4.php 第 297 行.
INFO: Run ParseTemplate Behavior [ RunTime:-0.010492s ]
INFO: [ view_parse ] --END-- [ RunTime:0.025837s ]
INFO: [ view_filter ] --START--
INFO: Run ContentReplace Behavior [ RunTime:-0.036385s ]
INFO: Run TokenBuild Behavior [ RunTime:-0.037086s ]
INFO: Run WriteHtmlCache Behavior [ RunTime:-0.037523s ]
INFO: Run ShowRuntime Behavior [ RunTime:-0.037764s ]
INFO: [ view_filter ] --END-- [ RunTime:0.002121s ]
INFO: [ view_end ] --START--
INFO: Run ShowPageTrace Behavior [ RunTime:-0.038703s ]
INFO: [ view_end ] --END-- [ RunTime:0.000689s ]

[ 2013-04-25T18:13:04+08:00 ] 192.168.137.1 /apps/personal/index.php?s=/Working/index
ERR: [8] Use of undefined constant APP_DEBUG - assumed 'APP_DEBUG' /var/www/html/officeoa/define.inc.php 第 6 行.

[ 2013-04-25T18:13:05+08:00 ] 192.168.137.1 /apps/personal/index.php?s=/Working/event&start=1364659200&end=1368288000&_=1366884799022
INFO: [ route_check ] --START--
INFO: Run CheckRoute Behavior [ RunTime:0.001112s ]
INFO: [ route_check ] --END-- [ RunTime:0.002717s ]
INFO: [ app_begin ] --START--
INFO: Run ReadHtmlCache Behavior [ RunTime:-0.001963s ]
INFO: [ app_begin ] --END-- [ RunTime:0.000785s ]

[ 2013-04-25T18:13:05+08:00 ] 192.168.137.1 /apps/personal/index.php?s=/Working/event&start=1364659200&end=1368288000&_=1366884799022
ERR: [8] Use of undefined constant APP_DEBUG - assumed 'APP_DEBUG' /var/www/html/officeoa/define.inc.php 第 6 行.

[ 2013-04-25T18:13:07+08:00 ] 192.168.137.1 /apps/personal/index.php?s=/Working/index
INFO: [ route_check ] --START--
INFO: Run CheckRoute Behavior [ RunTime:0.000885s ]
INFO: [ route_check ] --END-- [ RunTime:0.000968s ]
INFO: [ app_begin ] --START--
INFO: Run ReadHtmlCache Behavior [ RunTime:-0.000290s ]
INFO: [ app_begin ] --END-- [ RunTime:0.000635s ]
INFO: [ view_template ] --START--
INFO: Run LocationTemplate Behavior [ RunTime:-0.009087s ]
INFO: [ view_template ] --END-- [ RunTime:0.000564s ]
INFO: [ view_parse ] --START--
ERR: [8] Use of undefined constant personal - assumed 'personal' /var/www/html/officeoa/Runtime/personal/Cache/5e616c16b7ccde8581882f24ac853bf4.php 第 181 行.
ERR: [8] Use of undefined constant info - assumed 'info' /var/www/html/officeoa/Runtime/personal/Cache/5e616c16b7ccde8581882f24ac853bf4.php 第 197 行.
ERR: [8] Use of undefined constant UserInfo - assumed 'UserInfo' /var/www/html/officeoa/Runtime/personal/Cache/5e616c16b7ccde8581882f24ac853bf4.php 第 295 行.
ERR: [8] Use of undefined constant AddressList - assumed 'AddressList' /var/www/html/officeoa/Runtime/personal/Cache/5e616c16b7ccde8581882f24ac853bf4.php 第 296 行.
ERR: [8] Use of undefined constant Working - assumed 'Working' /var/www/html/officeoa/Runtime/personal/Cache/5e616c16b7ccde8581882f24ac853bf4.php 第 297 行.
INFO: Run ParseTemplate Behavior [ RunTime:-0.009689s ]
INFO: [ view_parse ] --END-- [ RunTime:0.025718s ]
INFO: [ view_filter ] --START--
INFO: Run ContentReplace Behavior [ RunTime:-0.035441s ]
INFO: Run TokenBuild Behavior [ RunTime:-0.036511s ]
INFO: Run WriteHtmlCache Behavior [ RunTime:-0.037347s ]
INFO: Run ShowRuntime Behavior [ RunTime:-0.037769s ]
INFO: [ view_filter ] --END-- [ RunTime:0.003053s ]
INFO: [ view_end ] --START--
INFO: Run ShowPageTrace Behavior [ RunTime:-0.038577s ]
INFO: [ view_end ] --END-- [ RunTime:0.000671s ]

[ 2013-04-25T18:13:07+08:00 ] 192.168.137.1 /apps/personal/index.php?s=/Working/index
ERR: [8] Use of undefined constant APP_DEBUG - assumed 'APP_DEBUG' /var/www/html/officeoa/define.inc.php 第 6 行.

[ 2013-04-25T18:13:08+08:00 ] 192.168.137.1 /apps/personal/index.php?s=/Working/event&start=1364659200&end=1368288000&_=1366884802009
INFO: [ route_check ] --START--
INFO: Run CheckRoute Behavior [ RunTime:0.000985s ]
INFO: [ route_check ] --END-- [ RunTime:0.001143s ]
INFO: [ app_begin ] --START--
INFO: Run ReadHtmlCache Behavior [ RunTime:-0.000328s ]
INFO: [ app_begin ] --END-- [ RunTime:0.001056s ]

[ 2013-04-25T18:13:08+08:00 ] 192.168.137.1 /apps/personal/index.php?s=/Working/event&start=1364659200&end=1368288000&_=1366884802009
ERR: [8] Use of undefined constant APP_DEBUG - assumed 'APP_DEBUG' /var/www/html/officeoa/define.inc.php 第 6 行.

[ 2013-04-25T18:13:22+08:00 ] 192.168.137.1 /apps/personal/index.php?s=/Working/index
INFO: [ route_check ] --START--
INFO: Run CheckRoute Behavior [ RunTime:0.000895s ]
INFO: [ route_check ] --END-- [ RunTime:0.000981s ]
INFO: [ app_begin ] --START--
INFO: Run ReadHtmlCache Behavior [ RunTime:-0.000299s ]
INFO: [ app_begin ] --END-- [ RunTime:0.000706s ]
INFO: [ view_template ] --START--
INFO: Run LocationTemplate Behavior [ RunTime:-0.008650s ]
INFO: [ view_template ] --END-- [ RunTime:0.000464s ]
INFO: [ view_parse ] --START--
ERR: [8] Use of undefined constant personal - assumed 'personal' /var/www/html/officeoa/Runtime/personal/Cache/5e616c16b7ccde8581882f24ac853bf4.php 第 181 行.
ERR: [8] Use of undefined constant info - assumed 'info' /var/www/html/officeoa/Runtime/personal/Cache/5e616c16b7ccde8581882f24ac853bf4.php 第 197 行.
ERR: [8] Use of undefined constant UserInfo - assumed 'UserInfo' /var/www/html/officeoa/Runtime/personal/Cache/5e616c16b7ccde8581882f24ac853bf4.php 第 295 行.
ERR: [8] Use of undefined constant AddressList - assumed 'AddressList' /var/www/html/officeoa/Runtime/personal/Cache/5e616c16b7ccde8581882f24ac853bf4.php 第 296 行.
ERR: [8] Use of undefined constant Working - assumed 'Working' /var/www/html/officeoa/Runtime/personal/Cache/5e616c16b7ccde8581882f24ac853bf4.php 第 297 行.
INFO: Run ParseTemplate Behavior [ RunTime:-0.009189s ]
INFO: [ view_parse ] --END-- [ RunTime:0.024984s ]
INFO: [ view_filter ] --START--
INFO: Run ContentReplace Behavior [ RunTime:-0.034199s ]
INFO: Run TokenBuild Behavior [ RunTime:-0.034833s ]
INFO: Run WriteHtmlCache Behavior [ RunTime:-0.035246s ]
INFO: Run ShowRuntime Behavior [ RunTime:-0.035460s ]
INFO: [ view_filter ] --END-- [ RunTime:0.001845s ]
INFO: [ view_end ] --START--
INFO: Run ShowPageTrace Behavior [ RunTime:-0.036121s ]
INFO: [ view_end ] --END-- [ RunTime:0.000634s ]

[ 2013-04-25T18:13:22+08:00 ] 192.168.137.1 /apps/personal/index.php?s=/Working/index
ERR: [8] Use of undefined constant APP_DEBUG - assumed 'APP_DEBUG' /var/www/html/officeoa/define.inc.php 第 6 行.

[ 2013-04-25T18:13:23+08:00 ] 192.168.137.1 /apps/personal/index.php?s=/Working/event&start=1364659200&end=1368288000&_=1366884816826
INFO: [ route_check ] --START--
INFO: Run CheckRoute Behavior [ RunTime:0.000925s ]
INFO: [ route_check ] --END-- [ RunTime:0.001011s ]
INFO: [ app_begin ] --START--
INFO: Run ReadHtmlCache Behavior [ RunTime:-0.000328s ]
INFO: [ app_begin ] --END-- [ RunTime:0.000738s ]

[ 2013-04-25T18:13:23+08:00 ] 192.168.137.1 /apps/personal/index.php?s=/Working/event&start=1364659200&end=1368288000&_=1366884816826
ERR: [8] Use of undefined constant APP_DEBUG - assumed 'APP_DEBUG' /var/www/html/officeoa/define.inc.php 第 6 行.

[ 2013-04-25T18:14:37+08:00 ] 192.168.137.1 /apps/personal/index.php?s=/Working/index
INFO: [ route_check ] --START--
INFO: Run CheckRoute Behavior [ RunTime:0.001385s ]
INFO: [ route_check ] --END-- [ RunTime:0.001582s ]
INFO: [ app_begin ] --START--
INFO: Run ReadHtmlCache Behavior [ RunTime:-0.000406s ]
INFO: [ app_begin ] --END-- [ RunTime:0.000809s ]
INFO: [ view_template ] --START--
INFO: Run LocationTemplate Behavior [ RunTime:-0.009877s ]
INFO: [ view_template ] --END-- [ RunTime:0.000607s ]
INFO: [ view_parse ] --START--
ERR: [8] Use of undefined constant personal - assumed 'personal' /var/www/html/officeoa/Runtime/personal/Cache/5e616c16b7ccde8581882f24ac853bf4.php 第 181 行.
ERR: [8] Use of undefined constant info - assumed 'info' /var/www/html/officeoa/Runtime/personal/Cache/5e616c16b7ccde8581882f24ac853bf4.php 第 197 行.
ERR: [8] Use of undefined constant UserInfo - assumed 'UserInfo' /var/www/html/officeoa/Runtime/personal/Cache/5e616c16b7ccde8581882f24ac853bf4.php 第 295 行.
ERR: [8] Use of undefined constant AddressList - assumed 'AddressList' /var/www/html/officeoa/Runtime/personal/Cache/5e616c16b7ccde8581882f24ac853bf4.php 第 296 行.
ERR: [8] Use of undefined constant Working - assumed 'Working' /var/www/html/officeoa/Runtime/personal/Cache/5e616c16b7ccde8581882f24ac853bf4.php 第 297 行.
INFO: Run ParseTemplate Behavior [ RunTime:-0.010621s ]
INFO: [ view_parse ] --END-- [ RunTime:0.033003s ]
INFO: [ view_filter ] --START--
INFO: Run ContentReplace Behavior [ RunTime:-0.043605s ]
INFO: Run TokenBuild Behavior [ RunTime:-0.044989s ]
INFO: Run WriteHtmlCache Behavior [ RunTime:-0.045497s ]
INFO: Run ShowRuntime Behavior [ RunTime:-0.045875s ]
INFO: [ view_filter ] --END-- [ RunTime:0.003228s ]
INFO: [ view_end ] --START--
INFO: Run ShowPageTrace Behavior [ RunTime:-0.046927s ]
INFO: [ view_end ] --END-- [ RunTime:0.001029s ]

[ 2013-04-25T18:14:37+08:00 ] 192.168.137.1 /apps/personal/index.php?s=/Working/index
ERR: [8] Use of undefined constant APP_DEBUG - assumed 'APP_DEBUG' /var/www/html/officeoa/define.inc.php 第 6 行.

[ 2013-04-25T18:14:38+08:00 ] 192.168.137.1 /apps/personal/index.php?s=/Working/event&start=1364659200&end=1368288000&_=1366884892124
INFO: [ route_check ] --START--
INFO: Run CheckRoute Behavior [ RunTime:0.004366s ]
INFO: [ route_check ] --END-- [ RunTime:0.004477s ]
INFO: [ app_begin ] --START--
INFO: Run ReadHtmlCache Behavior [ RunTime:-0.000359s ]
INFO: [ app_begin ] --END-- [ RunTime:0.000939s ]

[ 2013-04-25T18:14:38+08:00 ] 192.168.137.1 /apps/personal/index.php?s=/Working/event&start=1364659200&end=1368288000&_=1366884892124
ERR: [8] Use of undefined constant APP_DEBUG - assumed 'APP_DEBUG' /var/www/html/officeoa/define.inc.php 第 6 行.

[ 2013-04-25T18:14:40+08:00 ] 192.168.137.1 /apps/personal/index.php?s=/Working/index
INFO: [ route_check ] --START--
INFO: Run CheckRoute Behavior [ RunTime:0.000929s ]
INFO: [ route_check ] --END-- [ RunTime:0.001014s ]
INFO: [ app_begin ] --START--
INFO: Run ReadHtmlCache Behavior [ RunTime:-0.000290s ]
INFO: [ app_begin ] --END-- [ RunTime:0.000626s ]
INFO: [ view_template ] --START--
INFO: Run LocationTemplate Behavior [ RunTime:-0.009310s ]
INFO: [ view_template ] --END-- [ RunTime:0.000595s ]
INFO: [ view_parse ] --START--
ERR: [8] Use of undefined constant personal - assumed 'personal' /var/www/html/officeoa/Runtime/personal/Cache/5e616c16b7ccde8581882f24ac853bf4.php 第 181 行.
ERR: [8] Use of undefined constant info - assumed 'info' /var/www/html/officeoa/Runtime/personal/Cache/5e616c16b7ccde8581882f24ac853bf4.php 第 197 行.
ERR: [8] Use of undefined constant UserInfo - assumed 'UserInfo' /var/www/html/officeoa/Runtime/personal/Cache/5e616c16b7ccde8581882f24ac853bf4.php 第 295 行.
ERR: [8] Use of undefined constant AddressList - assumed 'AddressList' /var/www/html/officeoa/Runtime/personal/Cache/5e616c16b7ccde8581882f24ac853bf4.php 第 296 行.
ERR: [8] Use of undefined constant Working - assumed 'Working' /var/www/html/officeoa/Runtime/personal/Cache/5e616c16b7ccde8581882f24ac853bf4.php 第 297 行.
INFO: Run ParseTemplate Behavior [ RunTime:-0.009971s ]
INFO: [ view_parse ] --END-- [ RunTime:0.024920s ]
INFO: [ view_filter ] --START--
INFO: Run ContentReplace Behavior [ RunTime:-0.034908s ]
INFO: Run TokenBuild Behavior [ RunTime:-0.035573s ]
INFO: Run WriteHtmlCache Behavior [ RunTime:-0.035979s ]
INFO: Run ShowRuntime Behavior [ RunTime:-0.036194s ]
INFO: [ view_filter ] --END-- [ RunTime:0.001853s ]
INFO: [ view_end ] --START--
INFO: Run ShowPageTrace Behavior [ RunTime:-0.037054s ]
INFO: [ view_end ] --END-- [ RunTime:0.000831s ]

[ 2013-04-25T18:14:40+08:00 ] 192.168.137.1 /apps/personal/index.php?s=/Working/index
ERR: [8] Use of undefined constant APP_DEBUG - assumed 'APP_DEBUG' /var/www/html/officeoa/define.inc.php 第 6 行.

[ 2013-04-25T18:14:40+08:00 ] 192.168.137.1 /apps/personal/index.php?s=/Working/event&start=1364659200&end=1368288000&_=1366884894547
INFO: [ route_check ] --START--
INFO: Run CheckRoute Behavior [ RunTime:0.002322s ]
INFO: [ route_check ] --END-- [ RunTime:0.002440s ]
INFO: [ app_begin ] --START--
INFO: Run ReadHtmlCache Behavior [ RunTime:-0.000616s ]
INFO: [ app_begin ] --END-- [ RunTime:0.000928s ]

[ 2013-04-25T18:14:40+08:00 ] 192.168.137.1 /apps/personal/index.php?s=/Working/event&start=1364659200&end=1368288000&_=1366884894547
ERR: [8] Use of undefined constant APP_DEBUG - assumed 'APP_DEBUG' /var/www/html/officeoa/define.inc.php 第 6 行.

[ 2013-04-25T18:14:43+08:00 ] 192.168.137.1 /apps/personal/index.php?s=/Working/index
INFO: [ route_check ] --START--
INFO: Run CheckRoute Behavior [ RunTime:0.000918s ]
INFO: [ route_check ] --END-- [ RunTime:0.000999s ]
INFO: [ app_begin ] --START--
INFO: Run ReadHtmlCache Behavior [ RunTime:-0.000357s ]
INFO: [ app_begin ] --END-- [ RunTime:0.000688s ]
INFO: [ view_template ] --START--
INFO: Run LocationTemplate Behavior [ RunTime:-0.010006s ]
INFO: [ view_template ] --END-- [ RunTime:0.000525s ]
INFO: [ view_parse ] --START--
ERR: [8] Use of undefined constant personal - assumed 'personal' /var/www/html/officeoa/Runtime/personal/Cache/5e616c16b7ccde8581882f24ac853bf4.php 第 181 行.
ERR: [8] Use of undefined constant info - assumed 'info' /var/www/html/officeoa/Runtime/personal/Cache/5e616c16b7ccde8581882f24ac853bf4.php 第 197 行.
ERR: [8] Use of undefined constant UserInfo - assumed 'UserInfo' /var/www/html/officeoa/Runtime/personal/Cache/5e616c16b7ccde8581882f24ac853bf4.php 第 295 行.
ERR: [8] Use of undefined constant AddressList - assumed 'AddressList' /var/www/html/officeoa/Runtime/personal/Cache/5e616c16b7ccde8581882f24ac853bf4.php 第 296 行.
ERR: [8] Use of undefined constant Working - assumed 'Working' /var/www/html/officeoa/Runtime/personal/Cache/5e616c16b7ccde8581882f24ac853bf4.php 第 297 行.
INFO: Run ParseTemplate Behavior [ RunTime:-0.010576s ]
INFO: [ view_parse ] --END-- [ RunTime:0.026443s ]
INFO: [ view_filter ] --START--
INFO: Run ContentReplace Behavior [ RunTime:-0.037073s ]
INFO: Run TokenBuild Behavior [ RunTime:-0.038057s ]
INFO: Run WriteHtmlCache Behavior [ RunTime:-0.038899s ]
INFO: Run ShowRuntime Behavior [ RunTime:-0.039176s ]
INFO: [ view_filter ] --END-- [ RunTime:0.002747s ]
INFO: [ view_end ] --START--
INFO: Run ShowPageTrace Behavior [ RunTime:-0.039948s ]
INFO: [ view_end ] --END-- [ RunTime:0.001028s ]

[ 2013-04-25T18:14:43+08:00 ] 192.168.137.1 /apps/personal/index.php?s=/Working/index
ERR: [8] Use of undefined constant APP_DEBUG - assumed 'APP_DEBUG' /var/www/html/officeoa/define.inc.php 第 6 行.

[ 2013-04-25T18:14:44+08:00 ] 192.168.137.1 /apps/personal/index.php?s=/Working/event&start=1364659200&end=1368288000&_=1366884898253
INFO: [ route_check ] --START--
INFO: Run CheckRoute Behavior [ RunTime:0.001100s ]
INFO: [ route_check ] --END-- [ RunTime:0.001196s ]
INFO: [ app_begin ] --START--
INFO: Run ReadHtmlCache Behavior [ RunTime:-0.000371s ]
INFO: [ app_begin ] --END-- [ RunTime:0.000685s ]

[ 2013-04-25T18:14:44+08:00 ] 192.168.137.1 /apps/personal/index.php?s=/Working/event&start=1364659200&end=1368288000&_=1366884898253
ERR: [8] Use of undefined constant APP_DEBUG - assumed 'APP_DEBUG' /var/www/html/officeoa/define.inc.php 第 6 行.

