[ 2013-04-24T20:25:56+08:00 ] 192.168.137.1 /apps/personal/index.php?s=/AddressList/userInfo/uid/2
INFO: [ route_check ] --START--
INFO: Run CheckRoute Behavior [ RunTime:0.001757s ]
INFO: [ route_check ] --END-- [ RunTime:0.001918s ]
INFO: [ app_begin ] --START--
INFO: Run ReadHtmlCache Behavior [ RunTime:-0.000436s ]
INFO: [ app_begin ] --END-- [ RunTime:0.000808s ]
INFO: [ view_template ] --START--
INFO: Run LocationTemplate Behavior [ RunTime:-0.121408s ]
INFO: [ view_template ] --END-- [ RunTime:0.057278s ]
INFO: [ view_parse ] --START--
ERR: [8] Use of undefined constant personal - assumed 'personal' /var/www/html/officeoa/Runtime/personal/Cache/550b33056a680161b95ed9e030db9777.php 第 181 行.
ERR: [8] Use of undefined constant info - assumed 'info' /var/www/html/officeoa/Runtime/personal/Cache/550b33056a680161b95ed9e030db9777.php 第 197 行.
ERR: [8] Use of undefined constant UserInfo - assumed 'UserInfo' /var/www/html/officeoa/Runtime/personal/Cache/550b33056a680161b95ed9e030db9777.php 第 289 行.
ERR: [8] Use of undefined constant AddressList - assumed 'AddressList' /var/www/html/officeoa/Runtime/personal/Cache/550b33056a680161b95ed9e030db9777.php 第 290 行.
ERR: [8] Use of undefined constant Working - assumed 'Working' /var/www/html/officeoa/Runtime/personal/Cache/550b33056a680161b95ed9e030db9777.php 第 291 行.
INFO: Run ParseTemplate Behavior [ RunTime:-0.178790s ]
INFO: [ view_parse ] --END-- [ RunTime:0.075794s ]
INFO: [ view_filter ] --START--
INFO: Run ContentReplace Behavior [ RunTime:-0.254531s ]
INFO: Run TokenBuild Behavior [ RunTime:-0.255087s ]
INFO: Run WriteHtmlCache Behavior [ RunTime:-0.255440s ]
INFO: Run ShowRuntime Behavior [ RunTime:-0.255640s ]
INFO: [ view_filter ] --END-- [ RunTime:0.001701s ]
INFO: [ view_end ] --START--
INFO: Run ShowPageTrace Behavior [ RunTime:-0.256306s ]
INFO: [ view_end ] --END-- [ RunTime:0.000633s ]

[ 2013-04-24T20:25:56+08:00 ] 192.168.137.1 /apps/personal/index.php?s=/AddressList/userInfo/uid/2
ERR: [8] Use of undefined constant APP_DEBUG - assumed 'APP_DEBUG' /var/www/html/officeoa/define.inc.php 第 6 行.

